[0.000000] (-) TimerEvent: {}
[0.000079] (turtlebot_rl) JobQueued: {'identifier': 'turtlebot_rl', 'dependencies': OrderedDict()}
[0.000101] (turtlebot_rl) JobStarted: {'identifier': 'turtlebot_rl'}
[0.099197] (-) TimerEvent: {}
[0.199423] (-) TimerEvent: {}
[0.299785] (-) TimerEvent: {}
[0.400214] (-) TimerEvent: {}
[0.500422] (-) TimerEvent: {}
[0.600683] (-) TimerEvent: {}
[0.700904] (-) TimerEvent: {}
[0.801127] (-) TimerEvent: {}
[0.839584] (turtlebot_rl) Command: {'cmd': ['/usr/bin/python3', '-W', 'ignore:setup.py install is deprecated', '-W', 'ignore:easy_install command is deprecated', 'setup.py', 'egg_info', '--egg-base', 'build/turtlebot_rl', 'build', '--build-base', '/home/GTL/aghitu/CS8813/tdmpc/turtlebot_rl/build/turtlebot_rl/build', 'install', '--record', '/home/GTL/aghitu/CS8813/tdmpc/turtlebot_rl/build/turtlebot_rl/install.log', '--single-version-externally-managed', 'install_data'], 'cwd': '/home/GTL/aghitu/CS8813/tdmpc/turtlebot_rl', 'env': {'CONDA_PROMPT_MODIFIER': '(tdmpc2_312)', 'GZ_SIM_RESOURCE_PATH': '/opt/ros/kilted/share', 'USER': 'aghitu', 'GZ_CONFIG_PATH': '/opt/ros/kilted/opt/gz_sim_vendor/share/gz:/opt/ros/kilted/opt/sdformat_vendor/share/gz:/opt/ros/kilted/opt/gz_gui_vendor/share/gz:/opt/ros/kilted/opt/gz_transport_vendor/share/gz:/opt/ros/kilted/opt/gz_rendering_vendor/share/gz:/opt/ros/kilted/opt/gz_plugin_vendor/share/gz:/opt/ros/kilted/opt/gz_fuel_tools_vendor/share/gz:/opt/ros/kilted/opt/gz_msgs_vendor/share/gz:/opt/ros/kilted/opt/gz_common_vendor/share/gz', 'XDG_SESSION_TYPE': 'x11', 'CLUTTER_DISABLE_MIPMAPPED_TEXT': '1', 'SHLVL': '1', 'LD_LIBRARY_PATH': '/opt/ros/kilted/opt/zenoh_cpp_vendor/lib:/opt/ros/kilted/opt/gz_sim_vendor/lib:/opt/ros/kilted/opt/gz_sensors_vendor/lib:/opt/ros/kilted/opt/gz_physics_vendor/lib:/opt/ros/kilted/opt/sdformat_vendor/lib:/opt/ros/kilted/opt/gz_gui_vendor/lib:/opt/ros/kilted/opt/gz_transport_vendor/lib:/opt/ros/kilted/opt/gz_rendering_vendor/lib:/opt/ros/kilted/opt/gz_plugin_vendor/lib:/opt/ros/kilted/opt/gz_fuel_tools_vendor/lib:/opt/ros/kilted/opt/gz_msgs_vendor/lib:/opt/ros/kilted/opt/gz_common_vendor/lib:/opt/ros/kilted/opt/gz_math_vendor/lib:/opt/ros/kilted/opt/gz_utils_vendor/lib:/opt/ros/kilted/opt/rviz_ogre_vendor/lib:/opt/ros/kilted/lib/x86_64-linux-gnu:/opt/ros/kilted/opt/gz_tools_vendor/lib:/opt/ros/kilted/opt/gz_ogre_next_vendor/lib:/opt/ros/kilted/opt/gz_dartsim_vendor/lib:/opt/ros/kilted/opt/gz_cmake_vendor/lib:/opt/ros/kilted/lib', 'HOME': '/home/GTL/aghitu', 'CONDA_SHLVL': '5', 'CYCLONEDDS_URI': '/cs-share/pradalier/gtlpc_cyclonedds.xml', 'OLDPWD': '/home/GTL/aghitu/CS8813/tdmpc/turtlebot_rl/turtlebot_rl', 'DESKTOP_SESSION': 'ubuntu', 'ROS_PYTHON_VERSION': '3', 'GNOME_SHELL_SESSION_MODE': 'ubuntu', 'GTK_MODULES': 'gail:atk-bridge', 'SYSTEMD_EXEC_PID': '3356', 'GSM_SKIP_SSH_AGENT_WORKAROUND': 'true', 'DBUS_SESSION_BUS_ADDRESS': 'unix:path=/run/user/37714/bus', 'COLORTERM': 'truecolor', '_CE_M': '', '_CONDA_ROOT': '/cs-share/pradalier/miniforge3', '_colcon_cd_root': '/opt/ros/kilted/', 'DEBUGINFOD_URLS': 'https://debuginfod.ubuntu.com', 'COLCON_PREFIX_PATH': '/home/GTL/aghitu/CS8813/tdmpc/turtlebot_rl/install', 'ROS_DISTRO': 'kilted', 'LOGNAME': 'aghitu', '_': '/usr/bin/colcon', 'ROS_VERSION': '2', 'MEMORY_PRESSURE_WATCH': '/sys/fs/cgroup/user.slice/user-37714.slice/user@37714.service/session.slice/org.gnome.Shell@x11.service/memory.pressure', 'XDG_SESSION_CLASS': 'user', 'USERNAME': 'aghitu', 'TERM': 'xterm-256color', 'COPPELIASIM_ROOT_DIR': '/cs-share/pradalier/CoppeliaSim', 'GNOME_DESKTOP_SESSION_ID': 'this-is-deprecated', '_CE_CONDA': '', 'WINDOWPATH': '2', 'PATH': '/home/GTL/aghitu/.conda/envs/tdmpc2_312/bin:/cs-share/pradalier/miniforge3/condabin:/opt/ros/kilted/opt/gz_msgs_vendor/bin:/opt/ros/kilted/opt/gz_tools_vendor/bin:/opt/ros/kilted/opt/gz_ogre_next_vendor/bin:/opt/ros/kilted/bin:/usr/local/sbin:/usr/local/bin:/usr/sbin:/usr/bin:/sbin:/bin:/usr/games:/usr/local/games:/snap/bin:/snap/bin', 'SESSION_MANAGER': 'local/gtlpc117.georgiatech-metz.fr:@/tmp/.ICE-unix/3322,unix/gtlpc117.georgiatech-metz.fr:/tmp/.ICE-unix/3322', 'XDG_MENU_PREFIX': 'gnome-', 'GNOME_TERMINAL_SCREEN': '/org/gnome/Terminal/screen/02b4a7a2_1274_4f2a_b382_252dfd636817', 'ZENOH_CONFIG_OVERRIDE': 'mode="client";connect/endpoints=["tcp/turtlebot11:7447"]', 'XDG_RUNTIME_DIR': '/run/user/37714', 'DISPLAY': ':1', 'LANG': 'en_US.UTF-8', 'XDG_CURRENT_DESKTOP': 'ubuntu:GNOME', 'CONDA_PREFIX_1': '/cs-share/pradalier/miniforge3', 'RMW_IMPLEMENTATION': 'rmw_zenoh_cpp', 'XMODIFIERS': '@im=ibus', 'XDG_SESSION_DESKTOP': 'ubuntu', 'XAUTHORITY': '/run/user/37714/gdm/Xauthority', 'GNOME_TERMINAL_SERVICE': ':1.99', 'CONDA_PREFIX_2': '/home/GTL/aghitu/.conda/envs/tdmpc2', 'SSH_AUTH_SOCK': '/run/user/37714/keyring/ssh', 'ROS_DOMAIN_ID': '11', 'AMENT_PREFIX_PATH': '/home/GTL/aghitu/CS8813/tdmpc/turtlebot_rl/install/turtlebot_rl:/opt/ros/kilted', 'CONDA_PYTHON_EXE': '/cs-share/pradalier/miniforge3/bin/python', 'CONDA_PREFIX_3': '/home/GTL/aghitu/.conda/envs/tdmpc2_312', 'SHELL': '/bin/bash', 'KRB5CCNAME': 'FILE:/tmp/krb5cc_37714', 'CONDA_PREFIX_4': '/home/GTL/aghitu/.conda/envs/tdmpc2', 'QT_ACCESSIBILITY': '1', 'GDMSESSION': 'ubuntu', 'CONDA_DEFAULT_ENV': 'tdmpc2_312', 'GPG_AGENT_INFO': '/run/user/37714/gnupg/S.gpg-agent:0:1', '_CONDA_EXE': '/cs-share/pradalier/miniforge3/bin/conda', 'ROS_AUTOMATIC_DISCOVERY_RANGE': 'SUBNET', 'QT_IM_MODULE': 'ibus', 'PWD': '/home/GTL/aghitu/CS8813/tdmpc/turtlebot_rl/build/turtlebot_rl', 'XDG_CONFIG_DIRS': '/etc/xdg/xdg-ubuntu:/etc/xdg', 'CONDA_EXE': '/cs-share/pradalier/miniforge3/bin/conda', 'XDG_DATA_DIRS': '/usr/share/ubuntu:/usr/share/gnome:/usr/local/share/:/usr/share/:/var/lib/snapd/desktop', 'PYTHONPATH': '/home/GTL/aghitu/CS8813/tdmpc/turtlebot_rl/build/turtlebot_rl/prefix_override:/usr/lib/python3/dist-packages/colcon_core/task/python/colcon_distutils_commands:/home/GTL/aghitu/CS8813/tdmpc/turtlebot_rl/install/turtlebot_rl/lib/python3.12/site-packages:/home/GTL/aghitu/CS8813/tdmpc/turtlebot_rl/install/turtlebot_rl/lib/python3.12/site-packages:/opt/ros/kilted/lib/python3.12/site-packages', 'CONDA_PREFIX': '/home/GTL/aghitu/.conda/envs/tdmpc2_312', 'COLCON': '1', 'MEMORY_PRESSURE_WRITE': 'c29tZSAyMDAwMDAgMjAwMDAwMAA=', 'VTE_VERSION': '7600', 'CMAKE_PREFIX_PATH': '/opt/ros/kilted/opt/gz_sim_vendor:/opt/ros/kilted/opt/gz_sensors_vendor:/opt/ros/kilted/opt/gz_physics_vendor:/opt/ros/kilted/opt/sdformat_vendor:/opt/ros/kilted/opt/gz_gui_vendor:/opt/ros/kilted/opt/gz_transport_vendor:/opt/ros/kilted/opt/gz_rendering_vendor:/opt/ros/kilted/opt/gz_plugin_vendor:/opt/ros/kilted/opt/gz_fuel_tools_vendor:/opt/ros/kilted/opt/gz_msgs_vendor:/opt/ros/kilted/opt/gz_common_vendor:/opt/ros/kilted/opt/gz_math_vendor:/opt/ros/kilted/opt/gz_utils_vendor:/opt/ros/kilted/opt/gz_tools_vendor:/opt/ros/kilted/opt/gz_ogre_next_vendor:/opt/ros/kilted/opt/gz_dartsim_vendor:/opt/ros/kilted/opt/gz_cmake_vendor'}, 'shell': False}
[0.901242] (-) TimerEvent: {}
[1.001499] (-) TimerEvent: {}
[1.091073] (turtlebot_rl) StdoutLine: {'line': b'running egg_info\n'}
[1.101566] (-) TimerEvent: {}
[1.111902] (turtlebot_rl) StdoutLine: {'line': b'writing build/turtlebot_rl/turtlebot_rl.egg-info/PKG-INFO\n'}
[1.113806] (turtlebot_rl) StdoutLine: {'line': b'writing dependency_links to build/turtlebot_rl/turtlebot_rl.egg-info/dependency_links.txt\n'}
[1.114947] (turtlebot_rl) StdoutLine: {'line': b'writing entry points to build/turtlebot_rl/turtlebot_rl.egg-info/entry_points.txt\n'}
[1.116128] (turtlebot_rl) StdoutLine: {'line': b'writing requirements to build/turtlebot_rl/turtlebot_rl.egg-info/requires.txt\n'}
[1.117318] (turtlebot_rl) StdoutLine: {'line': b'writing top-level names to build/turtlebot_rl/turtlebot_rl.egg-info/top_level.txt\n'}
[1.180079] (turtlebot_rl) StdoutLine: {'line': b"reading manifest file 'build/turtlebot_rl/turtlebot_rl.egg-info/SOURCES.txt'\n"}
[1.182367] (turtlebot_rl) StdoutLine: {'line': b"writing manifest file 'build/turtlebot_rl/turtlebot_rl.egg-info/SOURCES.txt'\n"}
[1.183605] (turtlebot_rl) StdoutLine: {'line': b'running build\n'}
[1.183955] (turtlebot_rl) StdoutLine: {'line': b'running build_py\n'}
[1.184326] (turtlebot_rl) StdoutLine: {'line': b'copying turtlebot_rl/goto.py -> /home/GTL/aghitu/CS8813/tdmpc/turtlebot_rl/build/turtlebot_rl/build/lib/turtlebot_rl\n'}
[1.186644] (turtlebot_rl) StdoutLine: {'line': b'copying turtlebot_rl/TDMPC2Controller.py -> /home/GTL/aghitu/CS8813/tdmpc/turtlebot_rl/build/turtlebot_rl/build/lib/turtlebot_rl\n'}
[1.190504] (turtlebot_rl) StdoutLine: {'line': b'creating /home/GTL/aghitu/CS8813/tdmpc/turtlebot_rl/build/turtlebot_rl/build/lib/turtlebot_rl/tdmpc_utils/envs\n'}
[1.191676] (turtlebot_rl) StdoutLine: {'line': b'copying turtlebot_rl/tdmpc_utils/envs/tb3_ppo.py -> /home/GTL/aghitu/CS8813/tdmpc/turtlebot_rl/build/turtlebot_rl/build/lib/turtlebot_rl/tdmpc_utils/envs\n'}
[1.193497] (turtlebot_rl) StdoutLine: {'line': b'copying turtlebot_rl/tdmpc_utils/envs/dmcontrol.py -> /home/GTL/aghitu/CS8813/tdmpc/turtlebot_rl/build/turtlebot_rl/build/lib/turtlebot_rl/tdmpc_utils/envs\n'}
[1.195187] (turtlebot_rl) StdoutLine: {'line': b'copying turtlebot_rl/tdmpc_utils/envs/mujoco.py -> /home/GTL/aghitu/CS8813/tdmpc/turtlebot_rl/build/turtlebot_rl/build/lib/turtlebot_rl/tdmpc_utils/envs\n'}
[1.197011] (turtlebot_rl) StdoutLine: {'line': b'copying turtlebot_rl/tdmpc_utils/envs/metaworld.py -> /home/GTL/aghitu/CS8813/tdmpc/turtlebot_rl/build/turtlebot_rl/build/lib/turtlebot_rl/tdmpc_utils/envs\n'}
[1.198656] (turtlebot_rl) StdoutLine: {'line': b'copying turtlebot_rl/tdmpc_utils/envs/__init__.py -> /home/GTL/aghitu/CS8813/tdmpc/turtlebot_rl/build/turtlebot_rl/build/lib/turtlebot_rl/tdmpc_utils/envs\n'}
[1.200200] (turtlebot_rl) StdoutLine: {'line': b'copying turtlebot_rl/tdmpc_utils/envs/tb2_kobuki.py -> /home/GTL/aghitu/CS8813/tdmpc/turtlebot_rl/build/turtlebot_rl/build/lib/turtlebot_rl/tdmpc_utils/envs\n'}
[1.201624] (-) TimerEvent: {}
[1.202053] (turtlebot_rl) StdoutLine: {'line': b'copying turtlebot_rl/tdmpc_utils/envs/maniskill.py -> /home/GTL/aghitu/CS8813/tdmpc/turtlebot_rl/build/turtlebot_rl/build/lib/turtlebot_rl/tdmpc_utils/envs\n'}
[1.203602] (turtlebot_rl) StdoutLine: {'line': b'copying turtlebot_rl/tdmpc_utils/envs/myosuite.py -> /home/GTL/aghitu/CS8813/tdmpc/turtlebot_rl/build/turtlebot_rl/build/lib/turtlebot_rl/tdmpc_utils/envs\n'}
[1.205143] (turtlebot_rl) StdoutLine: {'line': b'copying turtlebot_rl/tdmpc_utils/envs/tb3.py -> /home/GTL/aghitu/CS8813/tdmpc/turtlebot_rl/build/turtlebot_rl/build/lib/turtlebot_rl/tdmpc_utils/envs\n'}
[1.207023] (turtlebot_rl) StdoutLine: {'line': b'creating /home/GTL/aghitu/CS8813/tdmpc/turtlebot_rl/build/turtlebot_rl/build/lib/turtlebot_rl/tdmpc_utils/envs/wrappers\n'}
[1.208123] (turtlebot_rl) StdoutLine: {'line': b'copying turtlebot_rl/tdmpc_utils/envs/wrappers/multitask.py -> /home/GTL/aghitu/CS8813/tdmpc/turtlebot_rl/build/turtlebot_rl/build/lib/turtlebot_rl/tdmpc_utils/envs/wrappers\n'}
[1.209795] (turtlebot_rl) StdoutLine: {'line': b'copying turtlebot_rl/tdmpc_utils/envs/wrappers/tensor.py -> /home/GTL/aghitu/CS8813/tdmpc/turtlebot_rl/build/turtlebot_rl/build/lib/turtlebot_rl/tdmpc_utils/envs/wrappers\n'}
[1.211297] (turtlebot_rl) StdoutLine: {'line': b'copying turtlebot_rl/tdmpc_utils/envs/wrappers/__init__.py -> /home/GTL/aghitu/CS8813/tdmpc/turtlebot_rl/build/turtlebot_rl/build/lib/turtlebot_rl/tdmpc_utils/envs/wrappers\n'}
[1.212500] (turtlebot_rl) StdoutLine: {'line': b'copying turtlebot_rl/tdmpc_utils/envs/wrappers/timeout.py -> /home/GTL/aghitu/CS8813/tdmpc/turtlebot_rl/build/turtlebot_rl/build/lib/turtlebot_rl/tdmpc_utils/envs/wrappers\n'}
[1.214445] (turtlebot_rl) StdoutLine: {'line': b'creating /home/GTL/aghitu/CS8813/tdmpc/turtlebot_rl/build/turtlebot_rl/build/lib/turtlebot_rl/tdmpc_utils/envs/tasks\n'}
[1.215483] (turtlebot_rl) StdoutLine: {'line': b'copying turtlebot_rl/tdmpc_utils/envs/tasks/cheetah.py -> /home/GTL/aghitu/CS8813/tdmpc/turtlebot_rl/build/turtlebot_rl/build/lib/turtlebot_rl/tdmpc_utils/envs/tasks\n'}
[1.218209] (turtlebot_rl) StdoutLine: {'line': b'copying turtlebot_rl/tdmpc_utils/envs/tasks/hopper.py -> /home/GTL/aghitu/CS8813/tdmpc/turtlebot_rl/build/turtlebot_rl/build/lib/turtlebot_rl/tdmpc_utils/envs/tasks\n'}
[1.219828] (turtlebot_rl) StdoutLine: {'line': b'copying turtlebot_rl/tdmpc_utils/envs/tasks/walker.py -> /home/GTL/aghitu/CS8813/tdmpc/turtlebot_rl/build/turtlebot_rl/build/lib/turtlebot_rl/tdmpc_utils/envs/tasks\n'}
[1.221724] (turtlebot_rl) StdoutLine: {'line': b'copying turtlebot_rl/tdmpc_utils/envs/tasks/__init__.py -> /home/GTL/aghitu/CS8813/tdmpc/turtlebot_rl/build/turtlebot_rl/build/lib/turtlebot_rl/tdmpc_utils/envs/tasks\n'}
[1.223012] (turtlebot_rl) StdoutLine: {'line': b'copying turtlebot_rl/tdmpc_utils/envs/tasks/ball_in_cup.py -> /home/GTL/aghitu/CS8813/tdmpc/turtlebot_rl/build/turtlebot_rl/build/lib/turtlebot_rl/tdmpc_utils/envs/tasks\n'}
[1.224501] (turtlebot_rl) StdoutLine: {'line': b'copying turtlebot_rl/tdmpc_utils/envs/tasks/pendulum.py -> /home/GTL/aghitu/CS8813/tdmpc/turtlebot_rl/build/turtlebot_rl/build/lib/turtlebot_rl/tdmpc_utils/envs/tasks\n'}
[1.226062] (turtlebot_rl) StdoutLine: {'line': b'copying turtlebot_rl/tdmpc_utils/envs/tasks/reacher.py -> /home/GTL/aghitu/CS8813/tdmpc/turtlebot_rl/build/turtlebot_rl/build/lib/turtlebot_rl/tdmpc_utils/envs/tasks\n'}
[1.227731] (turtlebot_rl) StdoutLine: {'line': b'copying turtlebot_rl/tdmpc_utils/envs/tasks/fish.py -> /home/GTL/aghitu/CS8813/tdmpc/turtlebot_rl/build/turtlebot_rl/build/lib/turtlebot_rl/tdmpc_utils/envs/tasks\n'}
[1.252597] (turtlebot_rl) StdoutLine: {'line': b'running install\n'}
[1.257043] (turtlebot_rl) StdoutLine: {'line': b'running install_lib\n'}
[1.278476] (turtlebot_rl) StdoutLine: {'line': b'copying /home/GTL/aghitu/CS8813/tdmpc/turtlebot_rl/build/turtlebot_rl/build/lib/turtlebot_rl/goto.py -> /home/GTL/aghitu/CS8813/tdmpc/turtlebot_rl/install/turtlebot_rl/lib/python3.12/site-packages/turtlebot_rl\n'}
[1.281316] (turtlebot_rl) StdoutLine: {'line': b'copying /home/GTL/aghitu/CS8813/tdmpc/turtlebot_rl/build/turtlebot_rl/build/lib/turtlebot_rl/TDMPC2Controller.py -> /home/GTL/aghitu/CS8813/tdmpc/turtlebot_rl/install/turtlebot_rl/lib/python3.12/site-packages/turtlebot_rl\n'}
[1.286531] (turtlebot_rl) StdoutLine: {'line': b'creating /home/GTL/aghitu/CS8813/tdmpc/turtlebot_rl/install/turtlebot_rl/lib/python3.12/site-packages/turtlebot_rl/tdmpc_utils/envs\n'}
[1.288296] (turtlebot_rl) StdoutLine: {'line': b'creating /home/GTL/aghitu/CS8813/tdmpc/turtlebot_rl/install/turtlebot_rl/lib/python3.12/site-packages/turtlebot_rl/tdmpc_utils/envs/wrappers\n'}
[1.289602] (turtlebot_rl) StdoutLine: {'line': b'copying /home/GTL/aghitu/CS8813/tdmpc/turtlebot_rl/build/turtlebot_rl/build/lib/turtlebot_rl/tdmpc_utils/envs/wrappers/multitask.py -> /home/GTL/aghitu/CS8813/tdmpc/turtlebot_rl/install/turtlebot_rl/lib/python3.12/site-packages/turtlebot_rl/tdmpc_utils/envs/wrappers\n'}
[1.292118] (turtlebot_rl) StdoutLine: {'line': b'copying /home/GTL/aghitu/CS8813/tdmpc/turtlebot_rl/build/turtlebot_rl/build/lib/turtlebot_rl/tdmpc_utils/envs/wrappers/tensor.py -> /home/GTL/aghitu/CS8813/tdmpc/turtlebot_rl/install/turtlebot_rl/lib/python3.12/site-packages/turtlebot_rl/tdmpc_utils/envs/wrappers\n'}
[1.294576] (turtlebot_rl) StdoutLine: {'line': b'copying /home/GTL/aghitu/CS8813/tdmpc/turtlebot_rl/build/turtlebot_rl/build/lib/turtlebot_rl/tdmpc_utils/envs/wrappers/__init__.py -> /home/GTL/aghitu/CS8813/tdmpc/turtlebot_rl/install/turtlebot_rl/lib/python3.12/site-packages/turtlebot_rl/tdmpc_utils/envs/wrappers\n'}
[1.296283] (turtlebot_rl) StdoutLine: {'line': b'copying /home/GTL/aghitu/CS8813/tdmpc/turtlebot_rl/build/turtlebot_rl/build/lib/turtlebot_rl/tdmpc_utils/envs/wrappers/timeout.py -> /home/GTL/aghitu/CS8813/tdmpc/turtlebot_rl/install/turtlebot_rl/lib/python3.12/site-packages/turtlebot_rl/tdmpc_utils/envs/wrappers\n'}
[1.298679] (turtlebot_rl) StdoutLine: {'line': b'copying /home/GTL/aghitu/CS8813/tdmpc/turtlebot_rl/build/turtlebot_rl/build/lib/turtlebot_rl/tdmpc_utils/envs/tb3_ppo.py -> /home/GTL/aghitu/CS8813/tdmpc/turtlebot_rl/install/turtlebot_rl/lib/python3.12/site-packages/turtlebot_rl/tdmpc_utils/envs\n'}
[1.301695] (-) TimerEvent: {}
[1.301784] (turtlebot_rl) StdoutLine: {'line': b'creating /home/GTL/aghitu/CS8813/tdmpc/turtlebot_rl/install/turtlebot_rl/lib/python3.12/site-packages/turtlebot_rl/tdmpc_utils/envs/tasks\n'}
[1.302802] (turtlebot_rl) StdoutLine: {'line': b'copying /home/GTL/aghitu/CS8813/tdmpc/turtlebot_rl/build/turtlebot_rl/build/lib/turtlebot_rl/tdmpc_utils/envs/tasks/cheetah.py -> /home/GTL/aghitu/CS8813/tdmpc/turtlebot_rl/install/turtlebot_rl/lib/python3.12/site-packages/turtlebot_rl/tdmpc_utils/envs/tasks\n'}
[1.306301] (turtlebot_rl) StdoutLine: {'line': b'copying /home/GTL/aghitu/CS8813/tdmpc/turtlebot_rl/build/turtlebot_rl/build/lib/turtlebot_rl/tdmpc_utils/envs/tasks/hopper.py -> /home/GTL/aghitu/CS8813/tdmpc/turtlebot_rl/install/turtlebot_rl/lib/python3.12/site-packages/turtlebot_rl/tdmpc_utils/envs/tasks\n'}
[1.308665] (turtlebot_rl) StdoutLine: {'line': b'copying /home/GTL/aghitu/CS8813/tdmpc/turtlebot_rl/build/turtlebot_rl/build/lib/turtlebot_rl/tdmpc_utils/envs/tasks/walker.py -> /home/GTL/aghitu/CS8813/tdmpc/turtlebot_rl/install/turtlebot_rl/lib/python3.12/site-packages/turtlebot_rl/tdmpc_utils/envs/tasks\n'}
[1.311690] (turtlebot_rl) StdoutLine: {'line': b'copying /home/GTL/aghitu/CS8813/tdmpc/turtlebot_rl/build/turtlebot_rl/build/lib/turtlebot_rl/tdmpc_utils/envs/tasks/__init__.py -> /home/GTL/aghitu/CS8813/tdmpc/turtlebot_rl/install/turtlebot_rl/lib/python3.12/site-packages/turtlebot_rl/tdmpc_utils/envs/tasks\n'}
[1.313701] (turtlebot_rl) StdoutLine: {'line': b'copying /home/GTL/aghitu/CS8813/tdmpc/turtlebot_rl/build/turtlebot_rl/build/lib/turtlebot_rl/tdmpc_utils/envs/tasks/ball_in_cup.py -> /home/GTL/aghitu/CS8813/tdmpc/turtlebot_rl/install/turtlebot_rl/lib/python3.12/site-packages/turtlebot_rl/tdmpc_utils/envs/tasks\n'}
[1.316043] (turtlebot_rl) StdoutLine: {'line': b'copying /home/GTL/aghitu/CS8813/tdmpc/turtlebot_rl/build/turtlebot_rl/build/lib/turtlebot_rl/tdmpc_utils/envs/tasks/pendulum.py -> /home/GTL/aghitu/CS8813/tdmpc/turtlebot_rl/install/turtlebot_rl/lib/python3.12/site-packages/turtlebot_rl/tdmpc_utils/envs/tasks\n'}
[1.318598] (turtlebot_rl) StdoutLine: {'line': b'copying /home/GTL/aghitu/CS8813/tdmpc/turtlebot_rl/build/turtlebot_rl/build/lib/turtlebot_rl/tdmpc_utils/envs/tasks/reacher.py -> /home/GTL/aghitu/CS8813/tdmpc/turtlebot_rl/install/turtlebot_rl/lib/python3.12/site-packages/turtlebot_rl/tdmpc_utils/envs/tasks\n'}
[1.320913] (turtlebot_rl) StdoutLine: {'line': b'copying /home/GTL/aghitu/CS8813/tdmpc/turtlebot_rl/build/turtlebot_rl/build/lib/turtlebot_rl/tdmpc_utils/envs/tasks/fish.py -> /home/GTL/aghitu/CS8813/tdmpc/turtlebot_rl/install/turtlebot_rl/lib/python3.12/site-packages/turtlebot_rl/tdmpc_utils/envs/tasks\n'}
[1.323403] (turtlebot_rl) StdoutLine: {'line': b'copying /home/GTL/aghitu/CS8813/tdmpc/turtlebot_rl/build/turtlebot_rl/build/lib/turtlebot_rl/tdmpc_utils/envs/dmcontrol.py -> /home/GTL/aghitu/CS8813/tdmpc/turtlebot_rl/install/turtlebot_rl/lib/python3.12/site-packages/turtlebot_rl/tdmpc_utils/envs\n'}
[1.325728] (turtlebot_rl) StdoutLine: {'line': b'copying /home/GTL/aghitu/CS8813/tdmpc/turtlebot_rl/build/turtlebot_rl/build/lib/turtlebot_rl/tdmpc_utils/envs/mujoco.py -> /home/GTL/aghitu/CS8813/tdmpc/turtlebot_rl/install/turtlebot_rl/lib/python3.12/site-packages/turtlebot_rl/tdmpc_utils/envs\n'}
[1.328212] (turtlebot_rl) StdoutLine: {'line': b'copying /home/GTL/aghitu/CS8813/tdmpc/turtlebot_rl/build/turtlebot_rl/build/lib/turtlebot_rl/tdmpc_utils/envs/metaworld.py -> /home/GTL/aghitu/CS8813/tdmpc/turtlebot_rl/install/turtlebot_rl/lib/python3.12/site-packages/turtlebot_rl/tdmpc_utils/envs\n'}
[1.330466] (turtlebot_rl) StdoutLine: {'line': b'copying /home/GTL/aghitu/CS8813/tdmpc/turtlebot_rl/build/turtlebot_rl/build/lib/turtlebot_rl/tdmpc_utils/envs/__init__.py -> /home/GTL/aghitu/CS8813/tdmpc/turtlebot_rl/install/turtlebot_rl/lib/python3.12/site-packages/turtlebot_rl/tdmpc_utils/envs\n'}
[1.333014] (turtlebot_rl) StdoutLine: {'line': b'copying /home/GTL/aghitu/CS8813/tdmpc/turtlebot_rl/build/turtlebot_rl/build/lib/turtlebot_rl/tdmpc_utils/envs/tb2_kobuki.py -> /home/GTL/aghitu/CS8813/tdmpc/turtlebot_rl/install/turtlebot_rl/lib/python3.12/site-packages/turtlebot_rl/tdmpc_utils/envs\n'}
[1.335939] (turtlebot_rl) StdoutLine: {'line': b'copying /home/GTL/aghitu/CS8813/tdmpc/turtlebot_rl/build/turtlebot_rl/build/lib/turtlebot_rl/tdmpc_utils/envs/maniskill.py -> /home/GTL/aghitu/CS8813/tdmpc/turtlebot_rl/install/turtlebot_rl/lib/python3.12/site-packages/turtlebot_rl/tdmpc_utils/envs\n'}
[1.338128] (turtlebot_rl) StdoutLine: {'line': b'copying /home/GTL/aghitu/CS8813/tdmpc/turtlebot_rl/build/turtlebot_rl/build/lib/turtlebot_rl/tdmpc_utils/envs/myosuite.py -> /home/GTL/aghitu/CS8813/tdmpc/turtlebot_rl/install/turtlebot_rl/lib/python3.12/site-packages/turtlebot_rl/tdmpc_utils/envs\n'}
[1.340354] (turtlebot_rl) StdoutLine: {'line': b'copying /home/GTL/aghitu/CS8813/tdmpc/turtlebot_rl/build/turtlebot_rl/build/lib/turtlebot_rl/tdmpc_utils/envs/tb3.py -> /home/GTL/aghitu/CS8813/tdmpc/turtlebot_rl/install/turtlebot_rl/lib/python3.12/site-packages/turtlebot_rl/tdmpc_utils/envs\n'}
[1.343625] (turtlebot_rl) StdoutLine: {'line': b'byte-compiling /home/GTL/aghitu/CS8813/tdmpc/turtlebot_rl/install/turtlebot_rl/lib/python3.12/site-packages/turtlebot_rl/goto.py to goto.cpython-312.pyc\n'}
[1.399778] (turtlebot_rl) StdoutLine: {'line': b'byte-compiling /home/GTL/aghitu/CS8813/tdmpc/turtlebot_rl/install/turtlebot_rl/lib/python3.12/site-packages/turtlebot_rl/TDMPC2Controller.py to TDMPC2Controller.cpython-312.pyc\n'}
[1.401831] (-) TimerEvent: {}
[1.408006] (turtlebot_rl) StdoutLine: {'line': b'byte-compiling /home/GTL/aghitu/CS8813/tdmpc/turtlebot_rl/install/turtlebot_rl/lib/python3.12/site-packages/turtlebot_rl/tdmpc_utils/envs/wrappers/multitask.py to multitask.cpython-312.pyc\n'}
[1.412258] (turtlebot_rl) StdoutLine: {'line': b'byte-compiling /home/GTL/aghitu/CS8813/tdmpc/turtlebot_rl/install/turtlebot_rl/lib/python3.12/site-packages/turtlebot_rl/tdmpc_utils/envs/wrappers/tensor.py to tensor.cpython-312.pyc\n'}
[1.415285] (turtlebot_rl) StdoutLine: {'line': b'byte-compiling /home/GTL/aghitu/CS8813/tdmpc/turtlebot_rl/install/turtlebot_rl/lib/python3.12/site-packages/turtlebot_rl/tdmpc_utils/envs/wrappers/__init__.py to __init__.cpython-312.pyc\n'}
[1.417421] (turtlebot_rl) StdoutLine: {'line': b'byte-compiling /home/GTL/aghitu/CS8813/tdmpc/turtlebot_rl/install/turtlebot_rl/lib/python3.12/site-packages/turtlebot_rl/tdmpc_utils/envs/wrappers/timeout.py to timeout.cpython-312.pyc\n'}
[1.420168] (turtlebot_rl) StdoutLine: {'line': b'byte-compiling /home/GTL/aghitu/CS8813/tdmpc/turtlebot_rl/install/turtlebot_rl/lib/python3.12/site-packages/turtlebot_rl/tdmpc_utils/envs/tb3_ppo.py to tb3_ppo.cpython-312.pyc\n'}
[1.424426] (turtlebot_rl) StdoutLine: {'line': b'byte-compiling /home/GTL/aghitu/CS8813/tdmpc/turtlebot_rl/install/turtlebot_rl/lib/python3.12/site-packages/turtlebot_rl/tdmpc_utils/envs/tasks/cheetah.py to cheetah.cpython-312.pyc\n'}
[1.429608] (turtlebot_rl) StdoutLine: {'line': b'byte-compiling /home/GTL/aghitu/CS8813/tdmpc/turtlebot_rl/install/turtlebot_rl/lib/python3.12/site-packages/turtlebot_rl/tdmpc_utils/envs/tasks/hopper.py to hopper.cpython-312.pyc\n'}
[1.432464] (turtlebot_rl) StdoutLine: {'line': b'byte-compiling /home/GTL/aghitu/CS8813/tdmpc/turtlebot_rl/install/turtlebot_rl/lib/python3.12/site-packages/turtlebot_rl/tdmpc_utils/envs/tasks/walker.py to walker.cpython-312.pyc\n'}
[1.437475] (turtlebot_rl) StdoutLine: {'line': b'byte-compiling /home/GTL/aghitu/CS8813/tdmpc/turtlebot_rl/install/turtlebot_rl/lib/python3.12/site-packages/turtlebot_rl/tdmpc_utils/envs/tasks/__init__.py to __init__.cpython-312.pyc\n'}
[1.439715] (turtlebot_rl) StdoutLine: {'line': b'byte-compiling /home/GTL/aghitu/CS8813/tdmpc/turtlebot_rl/install/turtlebot_rl/lib/python3.12/site-packages/turtlebot_rl/tdmpc_utils/envs/tasks/ball_in_cup.py to ball_in_cup.cpython-312.pyc\n'}
[1.442650] (turtlebot_rl) StdoutLine: {'line': b'byte-compiling /home/GTL/aghitu/CS8813/tdmpc/turtlebot_rl/install/turtlebot_rl/lib/python3.12/site-packages/turtlebot_rl/tdmpc_utils/envs/tasks/pendulum.py to pendulum.cpython-312.pyc\n'}
[1.445152] (turtlebot_rl) StdoutLine: {'line': b'byte-compiling /home/GTL/aghitu/CS8813/tdmpc/turtlebot_rl/install/turtlebot_rl/lib/python3.12/site-packages/turtlebot_rl/tdmpc_utils/envs/tasks/reacher.py to reacher.cpython-312.pyc\n'}
[1.448217] (turtlebot_rl) StdoutLine: {'line': b'byte-compiling /home/GTL/aghitu/CS8813/tdmpc/turtlebot_rl/install/turtlebot_rl/lib/python3.12/site-packages/turtlebot_rl/tdmpc_utils/envs/tasks/fish.py to fish.cpython-312.pyc\n'}
[1.451485] (turtlebot_rl) StdoutLine: {'line': b'byte-compiling /home/GTL/aghitu/CS8813/tdmpc/turtlebot_rl/install/turtlebot_rl/lib/python3.12/site-packages/turtlebot_rl/tdmpc_utils/envs/dmcontrol.py to dmcontrol.cpython-312.pyc\n'}
[1.454671] (turtlebot_rl) StdoutLine: {'line': b'byte-compiling /home/GTL/aghitu/CS8813/tdmpc/turtlebot_rl/install/turtlebot_rl/lib/python3.12/site-packages/turtlebot_rl/tdmpc_utils/envs/mujoco.py to mujoco.cpython-312.pyc\n'}
[1.457227] (turtlebot_rl) StdoutLine: {'line': b'byte-compiling /home/GTL/aghitu/CS8813/tdmpc/turtlebot_rl/install/turtlebot_rl/lib/python3.12/site-packages/turtlebot_rl/tdmpc_utils/envs/metaworld.py to metaworld.cpython-312.pyc\n'}
[1.459730] (turtlebot_rl) StdoutLine: {'line': b'byte-compiling /home/GTL/aghitu/CS8813/tdmpc/turtlebot_rl/install/turtlebot_rl/lib/python3.12/site-packages/turtlebot_rl/tdmpc_utils/envs/__init__.py to __init__.cpython-312.pyc\n'}
[1.462515] (turtlebot_rl) StdoutLine: {'line': b'byte-compiling /home/GTL/aghitu/CS8813/tdmpc/turtlebot_rl/install/turtlebot_rl/lib/python3.12/site-packages/turtlebot_rl/tdmpc_utils/envs/tb2_kobuki.py to tb2_kobuki.cpython-312.pyc\n'}
[1.467541] (turtlebot_rl) StdoutLine: {'line': b'byte-compiling /home/GTL/aghitu/CS8813/tdmpc/turtlebot_rl/install/turtlebot_rl/lib/python3.12/site-packages/turtlebot_rl/tdmpc_utils/envs/maniskill.py to maniskill.cpython-312.pyc\n'}
[1.470484] (turtlebot_rl) StdoutLine: {'line': b'byte-compiling /home/GTL/aghitu/CS8813/tdmpc/turtlebot_rl/install/turtlebot_rl/lib/python3.12/site-packages/turtlebot_rl/tdmpc_utils/envs/myosuite.py to myosuite.cpython-312.pyc\n'}
[1.473335] (turtlebot_rl) StdoutLine: {'line': b'byte-compiling /home/GTL/aghitu/CS8813/tdmpc/turtlebot_rl/install/turtlebot_rl/lib/python3.12/site-packages/turtlebot_rl/tdmpc_utils/envs/tb3.py to tb3.cpython-312.pyc\n'}
[1.477676] (turtlebot_rl) StdoutLine: {'line': b'running install_data\n'}
[1.477807] (turtlebot_rl) StdoutLine: {'line': b'running install_egg_info\n'}
[1.498622] (turtlebot_rl) StdoutLine: {'line': b"removing '/home/GTL/aghitu/CS8813/tdmpc/turtlebot_rl/install/turtlebot_rl/lib/python3.12/site-packages/turtlebot_rl-0.0.0-py3.12.egg-info' (and everything under it)\n"}
[1.501891] (-) TimerEvent: {}
[1.503325] (turtlebot_rl) StdoutLine: {'line': b'Copying build/turtlebot_rl/turtlebot_rl.egg-info to /home/GTL/aghitu/CS8813/tdmpc/turtlebot_rl/install/turtlebot_rl/lib/python3.12/site-packages/turtlebot_rl-0.0.0-py3.12.egg-info\n'}
[1.527023] (turtlebot_rl) StdoutLine: {'line': b'running install_scripts\n'}
[1.601971] (-) TimerEvent: {}
[1.662699] (turtlebot_rl) StdoutLine: {'line': b'Installing goto script to /home/GTL/aghitu/CS8813/tdmpc/turtlebot_rl/install/turtlebot_rl/lib/turtlebot_rl\n'}
[1.667461] (turtlebot_rl) StdoutLine: {'line': b"writing list of installed files to '/home/GTL/aghitu/CS8813/tdmpc/turtlebot_rl/build/turtlebot_rl/install.log'\n"}
[1.686967] (turtlebot_rl) CommandEnded: {'returncode': 0}
[1.702073] (-) TimerEvent: {}
[1.716760] (turtlebot_rl) JobEnded: {'identifier': 'turtlebot_rl', 'rc': 0}
[1.718132] (-) EventReactorShutdown: {}
