[0.083s] DEBUG:colcon:Command line arguments: ['/usr/bin/colcon', 'build', '--packages-select', 'turtlebot_rl']
[0.083s] DEBUG:colcon:Parsed command line arguments: Namespace(log_base=None, log_level=None, verb_name='build', build_base='build', install_base='install', merge_install=False, symlink_install=False, test_result_base=None, continue_on_error=False, executor='parallel', parallel_workers=16, event_handlers=None, ignore_user_meta=False, metas=['./colcon.meta'], base_paths=['.'], packages_ignore=None, packages_ignore_regex=None, paths=None, packages_up_to=None, packages_up_to_regex=None, packages_above=None, packages_above_and_dependencies=None, packages_above_depth=None, packages_select_by_dep=None, packages_skip_by_dep=None, packages_skip_up_to=None, packages_select_build_failed=False, packages_skip_build_finished=False, packages_select_test_failures=False, packages_skip_test_passed=False, packages_select=['turtlebot_rl'], packages_skip=None, packages_select_regex=None, packages_skip_regex=None, packages_start=None, packages_end=None, allow_overriding=[], cmake_args=None, cmake_target=None, cmake_target_skip_unavailable=False, cmake_clean_cache=False, cmake_clean_first=False, cmake_force_configure=False, ament_cmake_args=None, catkin_cmake_args=None, catkin_skip_building_tests=False, verb_parser=<colcon_defaults.argument_parser.defaults.DefaultArgumentsDecorator object at 0x75dab1f979b0>, verb_extension=<colcon_core.verb.build.BuildVerb object at 0x75dab1f97860>, main=<bound method BuildVerb.main of <colcon_core.verb.build.BuildVerb object at 0x75dab1f97860>>)
[0.117s] Level 1:colcon.colcon_core.package_discovery:discover_packages(colcon_meta) check parameters
[0.118s] Level 1:colcon.colcon_core.package_discovery:discover_packages(recursive) check parameters
[0.118s] Level 1:colcon.colcon_core.package_discovery:discover_packages(ignore) check parameters
[0.118s] Level 1:colcon.colcon_core.package_discovery:discover_packages(path) check parameters
[0.118s] Level 1:colcon.colcon_core.package_discovery:discover_packages(colcon_meta) discover
[0.118s] Level 1:colcon.colcon_core.package_discovery:discover_packages(recursive) discover
[0.119s] INFO:colcon.colcon_core.package_discovery:Crawling recursively for packages in '/home/GTL/aghitu/CS8813/tdmpc/turtlebot_rl/turtlebot_rl/tdmpc_utils/envs'
[0.120s] Level 1:colcon.colcon_core.package_identification:_identify(.) by extensions ['ignore', 'ignore_ament_install']
[0.120s] Level 1:colcon.colcon_core.package_identification:_identify(.) by extension 'ignore'
[0.121s] Level 1:colcon.colcon_core.package_identification:_identify(.) by extension 'ignore_ament_install'
[0.122s] Level 1:colcon.colcon_core.package_identification:_identify(.) by extensions ['colcon_pkg']
[0.122s] Level 1:colcon.colcon_core.package_identification:_identify(.) by extension 'colcon_pkg'
[0.122s] Level 1:colcon.colcon_core.package_identification:_identify(.) by extensions ['colcon_meta']
[0.122s] Level 1:colcon.colcon_core.package_identification:_identify(.) by extension 'colcon_meta'
[0.122s] Level 1:colcon.colcon_core.package_identification:_identify(.) by extensions ['ros']
[0.122s] Level 1:colcon.colcon_core.package_identification:_identify(.) by extension 'ros'
[0.141s] Level 1:colcon.colcon_core.package_identification:_identify(.) by extensions ['cmake', 'python']
[0.141s] Level 1:colcon.colcon_core.package_identification:_identify(.) by extension 'cmake'
[0.142s] Level 1:colcon.colcon_core.package_identification:_identify(.) by extension 'python'
[0.142s] Level 1:colcon.colcon_core.package_identification:_identify(.) by extensions ['python_setup_py']
[0.142s] Level 1:colcon.colcon_core.package_identification:_identify(.) by extension 'python_setup_py'
[0.143s] Level 1:colcon.colcon_core.package_identification:_identify(__pycache__) by extensions ['ignore', 'ignore_ament_install']
[0.143s] Level 1:colcon.colcon_core.package_identification:_identify(__pycache__) by extension 'ignore'
[0.143s] Level 1:colcon.colcon_core.package_identification:_identify(__pycache__) by extension 'ignore_ament_install'
[0.144s] Level 1:colcon.colcon_core.package_identification:_identify(__pycache__) by extensions ['colcon_pkg']
[0.144s] Level 1:colcon.colcon_core.package_identification:_identify(__pycache__) by extension 'colcon_pkg'
[0.144s] Level 1:colcon.colcon_core.package_identification:_identify(__pycache__) by extensions ['colcon_meta']
[0.144s] Level 1:colcon.colcon_core.package_identification:_identify(__pycache__) by extension 'colcon_meta'
[0.144s] Level 1:colcon.colcon_core.package_identification:_identify(__pycache__) by extensions ['ros']
[0.144s] Level 1:colcon.colcon_core.package_identification:_identify(__pycache__) by extension 'ros'
[0.146s] Level 1:colcon.colcon_core.package_identification:_identify(__pycache__) by extensions ['cmake', 'python']
[0.146s] Level 1:colcon.colcon_core.package_identification:_identify(__pycache__) by extension 'cmake'
[0.146s] Level 1:colcon.colcon_core.package_identification:_identify(__pycache__) by extension 'python'
[0.146s] Level 1:colcon.colcon_core.package_identification:_identify(__pycache__) by extensions ['python_setup_py']
[0.146s] Level 1:colcon.colcon_core.package_identification:_identify(__pycache__) by extension 'python_setup_py'
[0.146s] Level 1:colcon.colcon_core.package_identification:_identify(assets) by extensions ['ignore', 'ignore_ament_install']
[0.147s] Level 1:colcon.colcon_core.package_identification:_identify(assets) by extension 'ignore'
[0.147s] Level 1:colcon.colcon_core.package_identification:_identify(assets) by extension 'ignore_ament_install'
[0.148s] Level 1:colcon.colcon_core.package_identification:_identify(assets) by extensions ['colcon_pkg']
[0.148s] Level 1:colcon.colcon_core.package_identification:_identify(assets) by extension 'colcon_pkg'
[0.148s] Level 1:colcon.colcon_core.package_identification:_identify(assets) by extensions ['colcon_meta']
[0.148s] Level 1:colcon.colcon_core.package_identification:_identify(assets) by extension 'colcon_meta'
[0.148s] Level 1:colcon.colcon_core.package_identification:_identify(assets) by extensions ['ros']
[0.148s] Level 1:colcon.colcon_core.package_identification:_identify(assets) by extension 'ros'
[0.149s] Level 1:colcon.colcon_core.package_identification:_identify(assets) by extensions ['cmake', 'python']
[0.149s] Level 1:colcon.colcon_core.package_identification:_identify(assets) by extension 'cmake'
[0.149s] Level 1:colcon.colcon_core.package_identification:_identify(assets) by extension 'python'
[0.150s] Level 1:colcon.colcon_core.package_identification:_identify(assets) by extensions ['python_setup_py']
[0.150s] Level 1:colcon.colcon_core.package_identification:_identify(assets) by extension 'python_setup_py'
[0.150s] Level 1:colcon.colcon_core.package_identification:_identify(build) by extensions ['ignore', 'ignore_ament_install']
[0.150s] Level 1:colcon.colcon_core.package_identification:_identify(build) by extension 'ignore'
[0.151s] Level 1:colcon.colcon_core.package_identification:_identify(build) ignored
[0.151s] Level 1:colcon.colcon_core.package_identification:_identify(install) by extensions ['ignore', 'ignore_ament_install']
[0.151s] Level 1:colcon.colcon_core.package_identification:_identify(install) by extension 'ignore'
[0.152s] Level 1:colcon.colcon_core.package_identification:_identify(install) ignored
[0.152s] Level 1:colcon.colcon_core.package_identification:_identify(log) by extensions ['ignore', 'ignore_ament_install']
[0.152s] Level 1:colcon.colcon_core.package_identification:_identify(log) by extension 'ignore'
[0.152s] Level 1:colcon.colcon_core.package_identification:_identify(log) ignored
[0.153s] Level 1:colcon.colcon_core.package_identification:_identify(tasks) by extensions ['ignore', 'ignore_ament_install']
[0.153s] Level 1:colcon.colcon_core.package_identification:_identify(tasks) by extension 'ignore'
[0.154s] Level 1:colcon.colcon_core.package_identification:_identify(tasks) by extension 'ignore_ament_install'
[0.154s] Level 1:colcon.colcon_core.package_identification:_identify(tasks) by extensions ['colcon_pkg']
[0.154s] Level 1:colcon.colcon_core.package_identification:_identify(tasks) by extension 'colcon_pkg'
[0.155s] Level 1:colcon.colcon_core.package_identification:_identify(tasks) by extensions ['colcon_meta']
[0.155s] Level 1:colcon.colcon_core.package_identification:_identify(tasks) by extension 'colcon_meta'
[0.155s] Level 1:colcon.colcon_core.package_identification:_identify(tasks) by extensions ['ros']
[0.155s] Level 1:colcon.colcon_core.package_identification:_identify(tasks) by extension 'ros'
[0.156s] Level 1:colcon.colcon_core.package_identification:_identify(tasks) by extensions ['cmake', 'python']
[0.156s] Level 1:colcon.colcon_core.package_identification:_identify(tasks) by extension 'cmake'
[0.157s] Level 1:colcon.colcon_core.package_identification:_identify(tasks) by extension 'python'
[0.157s] Level 1:colcon.colcon_core.package_identification:_identify(tasks) by extensions ['python_setup_py']
[0.157s] Level 1:colcon.colcon_core.package_identification:_identify(tasks) by extension 'python_setup_py'
[0.157s] Level 1:colcon.colcon_core.package_identification:_identify(tasks/__pycache__) by extensions ['ignore', 'ignore_ament_install']
[0.157s] Level 1:colcon.colcon_core.package_identification:_identify(tasks/__pycache__) by extension 'ignore'
[0.158s] Level 1:colcon.colcon_core.package_identification:_identify(tasks/__pycache__) by extension 'ignore_ament_install'
[0.158s] Level 1:colcon.colcon_core.package_identification:_identify(tasks/__pycache__) by extensions ['colcon_pkg']
[0.158s] Level 1:colcon.colcon_core.package_identification:_identify(tasks/__pycache__) by extension 'colcon_pkg'
[0.159s] Level 1:colcon.colcon_core.package_identification:_identify(tasks/__pycache__) by extensions ['colcon_meta']
[0.159s] Level 1:colcon.colcon_core.package_identification:_identify(tasks/__pycache__) by extension 'colcon_meta'
[0.159s] Level 1:colcon.colcon_core.package_identification:_identify(tasks/__pycache__) by extensions ['ros']
[0.159s] Level 1:colcon.colcon_core.package_identification:_identify(tasks/__pycache__) by extension 'ros'
[0.160s] Level 1:colcon.colcon_core.package_identification:_identify(tasks/__pycache__) by extensions ['cmake', 'python']
[0.160s] Level 1:colcon.colcon_core.package_identification:_identify(tasks/__pycache__) by extension 'cmake'
[0.160s] Level 1:colcon.colcon_core.package_identification:_identify(tasks/__pycache__) by extension 'python'
[0.161s] Level 1:colcon.colcon_core.package_identification:_identify(tasks/__pycache__) by extensions ['python_setup_py']
[0.161s] Level 1:colcon.colcon_core.package_identification:_identify(tasks/__pycache__) by extension 'python_setup_py'
[0.161s] Level 1:colcon.colcon_core.package_identification:_identify(wrappers) by extensions ['ignore', 'ignore_ament_install']
[0.161s] Level 1:colcon.colcon_core.package_identification:_identify(wrappers) by extension 'ignore'
[0.162s] Level 1:colcon.colcon_core.package_identification:_identify(wrappers) by extension 'ignore_ament_install'
[0.162s] Level 1:colcon.colcon_core.package_identification:_identify(wrappers) by extensions ['colcon_pkg']
[0.162s] Level 1:colcon.colcon_core.package_identification:_identify(wrappers) by extension 'colcon_pkg'
[0.162s] Level 1:colcon.colcon_core.package_identification:_identify(wrappers) by extensions ['colcon_meta']
[0.162s] Level 1:colcon.colcon_core.package_identification:_identify(wrappers) by extension 'colcon_meta'
[0.162s] Level 1:colcon.colcon_core.package_identification:_identify(wrappers) by extensions ['ros']
[0.162s] Level 1:colcon.colcon_core.package_identification:_identify(wrappers) by extension 'ros'
[0.164s] Level 1:colcon.colcon_core.package_identification:_identify(wrappers) by extensions ['cmake', 'python']
[0.164s] Level 1:colcon.colcon_core.package_identification:_identify(wrappers) by extension 'cmake'
[0.164s] Level 1:colcon.colcon_core.package_identification:_identify(wrappers) by extension 'python'
[0.164s] Level 1:colcon.colcon_core.package_identification:_identify(wrappers) by extensions ['python_setup_py']
[0.164s] Level 1:colcon.colcon_core.package_identification:_identify(wrappers) by extension 'python_setup_py'
[0.164s] Level 1:colcon.colcon_core.package_identification:_identify(wrappers/__pycache__) by extensions ['ignore', 'ignore_ament_install']
[0.165s] Level 1:colcon.colcon_core.package_identification:_identify(wrappers/__pycache__) by extension 'ignore'
[0.165s] Level 1:colcon.colcon_core.package_identification:_identify(wrappers/__pycache__) by extension 'ignore_ament_install'
[0.165s] Level 1:colcon.colcon_core.package_identification:_identify(wrappers/__pycache__) by extensions ['colcon_pkg']
[0.165s] Level 1:colcon.colcon_core.package_identification:_identify(wrappers/__pycache__) by extension 'colcon_pkg'
[0.166s] Level 1:colcon.colcon_core.package_identification:_identify(wrappers/__pycache__) by extensions ['colcon_meta']
[0.166s] Level 1:colcon.colcon_core.package_identification:_identify(wrappers/__pycache__) by extension 'colcon_meta'
[0.166s] Level 1:colcon.colcon_core.package_identification:_identify(wrappers/__pycache__) by extensions ['ros']
[0.166s] Level 1:colcon.colcon_core.package_identification:_identify(wrappers/__pycache__) by extension 'ros'
[0.167s] Level 1:colcon.colcon_core.package_identification:_identify(wrappers/__pycache__) by extensions ['cmake', 'python']
[0.167s] Level 1:colcon.colcon_core.package_identification:_identify(wrappers/__pycache__) by extension 'cmake'
[0.168s] Level 1:colcon.colcon_core.package_identification:_identify(wrappers/__pycache__) by extension 'python'
[0.168s] Level 1:colcon.colcon_core.package_identification:_identify(wrappers/__pycache__) by extensions ['python_setup_py']
[0.168s] Level 1:colcon.colcon_core.package_identification:_identify(wrappers/__pycache__) by extension 'python_setup_py'
[0.168s] Level 1:colcon.colcon_core.package_discovery:discover_packages(recursive) using defaults
[0.168s] Level 1:colcon.colcon_core.package_discovery:discover_packages(ignore) discover
[0.168s] Level 1:colcon.colcon_core.package_discovery:discover_packages(ignore) using defaults
[0.168s] Level 1:colcon.colcon_core.package_discovery:discover_packages(path) discover
[0.168s] Level 1:colcon.colcon_core.package_discovery:discover_packages(path) using defaults
[0.169s] WARNING:colcon.colcon_core.package_selection:ignoring unknown package 'turtlebot_rl' in --packages-select
[0.180s] Level 1:colcon.colcon_core.package_discovery:discover_packages(prefix_path) check parameters
[0.180s] Level 1:colcon.colcon_core.package_discovery:discover_packages(prefix_path) discover
[0.183s] DEBUG:colcon.colcon_installed_package_information.package_discovery:Found 1 installed packages in /home/GTL/aghitu/CS8813/tdmpc/turtlebot_rl/install
[0.184s] DEBUG:colcon.colcon_installed_package_information.package_discovery:Found 371 installed packages in /opt/ros/kilted
[0.185s] Level 1:colcon.colcon_core.package_discovery:discover_packages(prefix_path) using defaults
[0.217s] INFO:colcon.colcon_core.executor:Executing jobs using 'parallel' executor
[0.218s] DEBUG:colcon.colcon_parallel_executor.executor.parallel:run_until_complete
[0.218s] DEBUG:colcon.colcon_parallel_executor.executor.parallel:closing loop
[0.219s] DEBUG:colcon.colcon_parallel_executor.executor.parallel:loop closed
[0.219s] DEBUG:colcon.colcon_parallel_executor.executor.parallel:run_until_complete finished with '0'
[0.219s] DEBUG:colcon.colcon_core.event_reactor:joining thread
[0.223s] INFO:colcon.colcon_core.plugin_system:Skipping extension 'colcon_notification.desktop_notification.terminal_notifier': Not used on non-Darwin systems
[0.223s] INFO:colcon.colcon_core.plugin_system:Skipping extension 'colcon_notification.desktop_notification.win32': Not used on non-Windows systems
[0.223s] INFO:colcon.colcon_notification.desktop_notification:Sending desktop notification using 'notify2'
[0.243s] DEBUG:colcon.colcon_core.event_reactor:joined thread
[0.244s] INFO:colcon.colcon_core.plugin_system:Skipping extension 'colcon_core.shell.bat': Not used on non-Windows systems
[0.244s] INFO:colcon.colcon_core.shell:Creating prefix script '/home/GTL/aghitu/CS8813/tdmpc/turtlebot_rl/turtlebot_rl/tdmpc_utils/envs/install/local_setup.ps1'
[0.248s] INFO:colcon.colcon_core.shell:Creating prefix util module '/home/GTL/aghitu/CS8813/tdmpc/turtlebot_rl/turtlebot_rl/tdmpc_utils/envs/install/_local_setup_util_ps1.py'
[0.251s] INFO:colcon.colcon_core.shell:Creating prefix chain script '/home/GTL/aghitu/CS8813/tdmpc/turtlebot_rl/turtlebot_rl/tdmpc_utils/envs/install/setup.ps1'
[0.255s] INFO:colcon.colcon_core.shell:Creating prefix script '/home/GTL/aghitu/CS8813/tdmpc/turtlebot_rl/turtlebot_rl/tdmpc_utils/envs/install/local_setup.sh'
[0.257s] INFO:colcon.colcon_core.shell:Creating prefix util module '/home/GTL/aghitu/CS8813/tdmpc/turtlebot_rl/turtlebot_rl/tdmpc_utils/envs/install/_local_setup_util_sh.py'
[0.260s] INFO:colcon.colcon_core.shell:Creating prefix chain script '/home/GTL/aghitu/CS8813/tdmpc/turtlebot_rl/turtlebot_rl/tdmpc_utils/envs/install/setup.sh'
[0.263s] INFO:colcon.colcon_core.shell:Creating prefix script '/home/GTL/aghitu/CS8813/tdmpc/turtlebot_rl/turtlebot_rl/tdmpc_utils/envs/install/local_setup.bash'
[0.265s] INFO:colcon.colcon_core.shell:Creating prefix chain script '/home/GTL/aghitu/CS8813/tdmpc/turtlebot_rl/turtlebot_rl/tdmpc_utils/envs/install/setup.bash'
[0.268s] INFO:colcon.colcon_core.shell:Creating prefix script '/home/GTL/aghitu/CS8813/tdmpc/turtlebot_rl/turtlebot_rl/tdmpc_utils/envs/install/local_setup.zsh'
[0.270s] INFO:colcon.colcon_core.shell:Creating prefix chain script '/home/GTL/aghitu/CS8813/tdmpc/turtlebot_rl/turtlebot_rl/tdmpc_utils/envs/install/setup.zsh'
