[0.083s] DEBUG:colcon:Command line arguments: ['/usr/bin/colcon', 'build', '--packages-select', 'turtlebot_rl']
[0.083s] DEBUG:colcon:Parsed command line arguments: Namespace(log_base=None, log_level=None, verb_name='build', build_base='build', install_base='install', merge_install=False, symlink_install=False, test_result_base=None, continue_on_error=False, executor='parallel', parallel_workers=16, event_handlers=None, ignore_user_meta=False, metas=['./colcon.meta'], base_paths=['.'], packages_ignore=None, packages_ignore_regex=None, paths=None, packages_up_to=None, packages_up_to_regex=None, packages_above=None, packages_above_and_dependencies=None, packages_above_depth=None, packages_select_by_dep=None, packages_skip_by_dep=None, packages_skip_up_to=None, packages_select_build_failed=False, packages_skip_build_finished=False, packages_select_test_failures=False, packages_skip_test_passed=False, packages_select=['turtlebot_rl'], packages_skip=None, packages_select_regex=None, packages_skip_regex=None, packages_start=None, packages_end=None, allow_overriding=[], cmake_args=None, cmake_target=None, cmake_target_skip_unavailable=False, cmake_clean_cache=False, cmake_clean_first=False, cmake_force_configure=False, ament_cmake_args=None, catkin_cmake_args=None, catkin_skip_building_tests=False, verb_parser=<colcon_defaults.argument_parser.defaults.DefaultArgumentsDecorator object at 0x74287d4ab980>, verb_extension=<colcon_core.verb.build.BuildVerb object at 0x74287d4ab830>, main=<bound method BuildVerb.main of <colcon_core.verb.build.BuildVerb object at 0x74287d4ab830>>)
[0.109s] Level 1:colcon.colcon_core.package_discovery:discover_packages(colcon_meta) check parameters
[0.109s] Level 1:colcon.colcon_core.package_discovery:discover_packages(recursive) check parameters
[0.109s] Level 1:colcon.colcon_core.package_discovery:discover_packages(ignore) check parameters
[0.110s] Level 1:colcon.colcon_core.package_discovery:discover_packages(path) check parameters
[0.111s] Level 1:colcon.colcon_core.package_discovery:discover_packages(colcon_meta) discover
[0.111s] Level 1:colcon.colcon_core.package_discovery:discover_packages(recursive) discover
[0.111s] INFO:colcon.colcon_core.package_discovery:Crawling recursively for packages in '/home/GTL/aghitu/CS8813/tdmpc/turtlebot_rl'
[0.113s] Level 1:colcon.colcon_core.package_identification:_identify(.) by extensions ['ignore', 'ignore_ament_install']
[0.113s] Level 1:colcon.colcon_core.package_identification:_identify(.) by extension 'ignore'
[0.114s] Level 1:colcon.colcon_core.package_identification:_identify(.) by extension 'ignore_ament_install'
[0.114s] Level 1:colcon.colcon_core.package_identification:_identify(.) by extensions ['colcon_pkg']
[0.114s] Level 1:colcon.colcon_core.package_identification:_identify(.) by extension 'colcon_pkg'
[0.115s] Level 1:colcon.colcon_core.package_identification:_identify(.) by extensions ['colcon_meta']
[0.115s] Level 1:colcon.colcon_core.package_identification:_identify(.) by extension 'colcon_meta'
[0.115s] Level 1:colcon.colcon_core.package_identification:_identify(.) by extensions ['ros']
[0.115s] Level 1:colcon.colcon_core.package_identification:_identify(.) by extension 'ros'
[0.134s] DEBUG:colcon.colcon_core.package_identification:Package '.' with type 'ros.ament_python' and name 'turtlebot_rl'
[0.134s] Level 1:colcon.colcon_core.package_discovery:discover_packages(recursive) using defaults
[0.134s] Level 1:colcon.colcon_core.package_discovery:discover_packages(ignore) discover
[0.135s] Level 1:colcon.colcon_core.package_discovery:discover_packages(ignore) using defaults
[0.135s] Level 1:colcon.colcon_core.package_discovery:discover_packages(path) discover
[0.135s] Level 1:colcon.colcon_core.package_discovery:discover_packages(path) using defaults
[0.148s] Level 1:colcon.colcon_core.package_discovery:discover_packages(prefix_path) check parameters
[0.148s] Level 1:colcon.colcon_core.package_discovery:discover_packages(prefix_path) discover
[0.152s] DEBUG:colcon.colcon_installed_package_information.package_discovery:Found 1 installed packages in /home/GTL/aghitu/CS8813/tdmpc/turtlebot_rl/install
[0.153s] DEBUG:colcon.colcon_installed_package_information.package_discovery:Found 371 installed packages in /opt/ros/kilted
[0.153s] Level 1:colcon.colcon_core.package_discovery:discover_packages(prefix_path) using defaults
[0.185s] Level 5:colcon.colcon_core.verb:set package 'turtlebot_rl' build argument 'cmake_args' from command line to 'None'
[0.185s] Level 5:colcon.colcon_core.verb:set package 'turtlebot_rl' build argument 'cmake_target' from command line to 'None'
[0.185s] Level 5:colcon.colcon_core.verb:set package 'turtlebot_rl' build argument 'cmake_target_skip_unavailable' from command line to 'False'
[0.185s] Level 5:colcon.colcon_core.verb:set package 'turtlebot_rl' build argument 'cmake_clean_cache' from command line to 'False'
[0.185s] Level 5:colcon.colcon_core.verb:set package 'turtlebot_rl' build argument 'cmake_clean_first' from command line to 'False'
[0.186s] Level 5:colcon.colcon_core.verb:set package 'turtlebot_rl' build argument 'cmake_force_configure' from command line to 'False'
[0.186s] Level 5:colcon.colcon_core.verb:set package 'turtlebot_rl' build argument 'ament_cmake_args' from command line to 'None'
[0.187s] Level 5:colcon.colcon_core.verb:set package 'turtlebot_rl' build argument 'catkin_cmake_args' from command line to 'None'
[0.187s] Level 5:colcon.colcon_core.verb:set package 'turtlebot_rl' build argument 'catkin_skip_building_tests' from command line to 'False'
[0.187s] DEBUG:colcon.colcon_core.verb:Building package 'turtlebot_rl' with the following arguments: {'ament_cmake_args': None, 'build_base': '/home/GTL/aghitu/CS8813/tdmpc/turtlebot_rl/build/turtlebot_rl', 'catkin_cmake_args': None, 'catkin_skip_building_tests': False, 'cmake_args': None, 'cmake_clean_cache': False, 'cmake_clean_first': False, 'cmake_force_configure': False, 'cmake_target': None, 'cmake_target_skip_unavailable': False, 'install_base': '/home/GTL/aghitu/CS8813/tdmpc/turtlebot_rl/install/turtlebot_rl', 'merge_install': False, 'path': '/home/GTL/aghitu/CS8813/tdmpc/turtlebot_rl', 'symlink_install': False, 'test_result_base': None}
[0.188s] INFO:colcon.colcon_core.executor:Executing jobs using 'parallel' executor
[0.189s] DEBUG:colcon.colcon_parallel_executor.executor.parallel:run_until_complete
[0.189s] INFO:colcon.colcon_ros.task.ament_python.build:Building ROS package in '/home/GTL/aghitu/CS8813/tdmpc/turtlebot_rl' with build type 'ament_python'
[0.190s] Level 1:colcon.colcon_core.shell:create_environment_hook('turtlebot_rl', 'ament_prefix_path')
[0.191s] INFO:colcon.colcon_core.plugin_system:Skipping extension 'colcon_core.shell.bat': Not used on non-Windows systems
[0.191s] INFO:colcon.colcon_core.shell:Creating environment hook '/home/GTL/aghitu/CS8813/tdmpc/turtlebot_rl/install/turtlebot_rl/share/turtlebot_rl/hook/ament_prefix_path.ps1'
[0.193s] INFO:colcon.colcon_core.shell:Creating environment descriptor '/home/GTL/aghitu/CS8813/tdmpc/turtlebot_rl/install/turtlebot_rl/share/turtlebot_rl/hook/ament_prefix_path.dsv'
[0.195s] INFO:colcon.colcon_core.shell:Creating environment hook '/home/GTL/aghitu/CS8813/tdmpc/turtlebot_rl/install/turtlebot_rl/share/turtlebot_rl/hook/ament_prefix_path.sh'
[0.196s] INFO:colcon.colcon_core.shell:Skip shell extension 'powershell' for command environment: Not usable outside of PowerShell
[0.196s] DEBUG:colcon.colcon_core.shell:Skip shell extension 'dsv' for command environment
[0.395s] INFO:colcon.colcon_core.task.python.build:Building Python package in '/home/GTL/aghitu/CS8813/tdmpc/turtlebot_rl'
[0.395s] INFO:colcon.colcon_core.shell:Skip shell extension 'powershell' for command environment: Not usable outside of PowerShell
[0.396s] DEBUG:colcon.colcon_core.shell:Skip shell extension 'dsv' for command environment
[1.010s] DEBUG:colcon.colcon_core.event_handler.log_command:Invoking command in '/home/GTL/aghitu/CS8813/tdmpc/turtlebot_rl': CONDA_PROMPT_MODIFIER=(tdmpc2_312) DEBUGINFOD_URLS=https://debuginfod.ubuntu.com PYTHONPATH=/home/GTL/aghitu/CS8813/tdmpc/turtlebot_rl/build/turtlebot_rl/prefix_override:/usr/lib/python3/dist-packages/colcon_core/task/python/colcon_distutils_commands:/home/GTL/aghitu/CS8813/tdmpc/turtlebot_rl/install/turtlebot_rl/lib/python3.12/site-packages:${PYTHONPATH} /usr/bin/python3 -W ignore:setup.py install is deprecated -W ignore:easy_install command is deprecated setup.py egg_info --egg-base build/turtlebot_rl build --build-base /home/GTL/aghitu/CS8813/tdmpc/turtlebot_rl/build/turtlebot_rl/build install --record /home/GTL/aghitu/CS8813/tdmpc/turtlebot_rl/build/turtlebot_rl/install.log --single-version-externally-managed install_data
[1.609s] DEBUG:colcon.colcon_core.event_handler.log_command:Invoked command in '/home/GTL/aghitu/CS8813/tdmpc/turtlebot_rl' returned '0': CONDA_PROMPT_MODIFIER=(tdmpc2_312) DEBUGINFOD_URLS=https://debuginfod.ubuntu.com PYTHONPATH=/home/GTL/aghitu/CS8813/tdmpc/turtlebot_rl/build/turtlebot_rl/prefix_override:/usr/lib/python3/dist-packages/colcon_core/task/python/colcon_distutils_commands:/home/GTL/aghitu/CS8813/tdmpc/turtlebot_rl/install/turtlebot_rl/lib/python3.12/site-packages:${PYTHONPATH} /usr/bin/python3 -W ignore:setup.py install is deprecated -W ignore:easy_install command is deprecated setup.py egg_info --egg-base build/turtlebot_rl build --build-base /home/GTL/aghitu/CS8813/tdmpc/turtlebot_rl/build/turtlebot_rl/build install --record /home/GTL/aghitu/CS8813/tdmpc/turtlebot_rl/build/turtlebot_rl/install.log --single-version-externally-managed install_data
[1.611s] Level 1:colcon.colcon_core.environment:checking '/home/GTL/aghitu/CS8813/tdmpc/turtlebot_rl/install/turtlebot_rl' for CMake module files
[1.612s] Level 1:colcon.colcon_core.environment:checking '/home/GTL/aghitu/CS8813/tdmpc/turtlebot_rl/install/turtlebot_rl' for CMake config files
[1.620s] Level 1:colcon.colcon_core.environment:checking '/home/GTL/aghitu/CS8813/tdmpc/turtlebot_rl/install/turtlebot_rl/lib'
[1.620s] Level 1:colcon.colcon_core.environment:checking '/home/GTL/aghitu/CS8813/tdmpc/turtlebot_rl/install/turtlebot_rl/bin'
[1.620s] Level 1:colcon.colcon_core.environment:checking '/home/GTL/aghitu/CS8813/tdmpc/turtlebot_rl/install/turtlebot_rl/lib/pkgconfig/turtlebot_rl.pc'
[1.621s] Level 1:colcon.colcon_core.environment:checking '/home/GTL/aghitu/CS8813/tdmpc/turtlebot_rl/install/turtlebot_rl/lib/python3.12/site-packages'
[1.621s] Level 1:colcon.colcon_core.shell:create_environment_hook('turtlebot_rl', 'pythonpath')
[1.621s] INFO:colcon.colcon_core.shell:Creating environment hook '/home/GTL/aghitu/CS8813/tdmpc/turtlebot_rl/install/turtlebot_rl/share/turtlebot_rl/hook/pythonpath.ps1'
[1.623s] INFO:colcon.colcon_core.shell:Creating environment descriptor '/home/GTL/aghitu/CS8813/tdmpc/turtlebot_rl/install/turtlebot_rl/share/turtlebot_rl/hook/pythonpath.dsv'
[1.625s] INFO:colcon.colcon_core.shell:Creating environment hook '/home/GTL/aghitu/CS8813/tdmpc/turtlebot_rl/install/turtlebot_rl/share/turtlebot_rl/hook/pythonpath.sh'
[1.627s] Level 1:colcon.colcon_core.environment:checking '/home/GTL/aghitu/CS8813/tdmpc/turtlebot_rl/install/turtlebot_rl/bin'
[1.627s] Level 1:colcon.colcon_core.environment:create_environment_scripts_only(turtlebot_rl)
[1.627s] INFO:colcon.colcon_core.shell:Creating package script '/home/GTL/aghitu/CS8813/tdmpc/turtlebot_rl/install/turtlebot_rl/share/turtlebot_rl/package.ps1'
[1.629s] INFO:colcon.colcon_core.shell:Creating package descriptor '/home/GTL/aghitu/CS8813/tdmpc/turtlebot_rl/install/turtlebot_rl/share/turtlebot_rl/package.dsv'
[1.630s] INFO:colcon.colcon_core.shell:Creating package script '/home/GTL/aghitu/CS8813/tdmpc/turtlebot_rl/install/turtlebot_rl/share/turtlebot_rl/package.sh'
[1.632s] INFO:colcon.colcon_core.shell:Creating package script '/home/GTL/aghitu/CS8813/tdmpc/turtlebot_rl/install/turtlebot_rl/share/turtlebot_rl/package.bash'
[1.633s] INFO:colcon.colcon_core.shell:Creating package script '/home/GTL/aghitu/CS8813/tdmpc/turtlebot_rl/install/turtlebot_rl/share/turtlebot_rl/package.zsh'
[1.635s] Level 1:colcon.colcon_core.environment:create_file_with_runtime_dependencies(/home/GTL/aghitu/CS8813/tdmpc/turtlebot_rl/install/turtlebot_rl/share/colcon-core/packages/turtlebot_rl)
[1.636s] DEBUG:colcon.colcon_parallel_executor.executor.parallel:closing loop
[1.636s] DEBUG:colcon.colcon_parallel_executor.executor.parallel:loop closed
[1.636s] DEBUG:colcon.colcon_parallel_executor.executor.parallel:run_until_complete finished with '0'
[1.636s] DEBUG:colcon.colcon_core.event_reactor:joining thread
[1.641s] INFO:colcon.colcon_core.plugin_system:Skipping extension 'colcon_notification.desktop_notification.terminal_notifier': Not used on non-Darwin systems
[1.641s] INFO:colcon.colcon_core.plugin_system:Skipping extension 'colcon_notification.desktop_notification.win32': Not used on non-Windows systems
[1.641s] INFO:colcon.colcon_notification.desktop_notification:Sending desktop notification using 'notify2'
[1.650s] DEBUG:colcon.colcon_core.event_reactor:joined thread
[1.650s] INFO:colcon.colcon_core.shell:Creating prefix script '/home/GTL/aghitu/CS8813/tdmpc/turtlebot_rl/install/local_setup.ps1'
[1.653s] INFO:colcon.colcon_core.shell:Creating prefix util module '/home/GTL/aghitu/CS8813/tdmpc/turtlebot_rl/install/_local_setup_util_ps1.py'
[1.656s] INFO:colcon.colcon_core.shell:Creating prefix chain script '/home/GTL/aghitu/CS8813/tdmpc/turtlebot_rl/install/setup.ps1'
[1.658s] INFO:colcon.colcon_core.shell:Creating prefix script '/home/GTL/aghitu/CS8813/tdmpc/turtlebot_rl/install/local_setup.sh'
[1.660s] INFO:colcon.colcon_core.shell:Creating prefix util module '/home/GTL/aghitu/CS8813/tdmpc/turtlebot_rl/install/_local_setup_util_sh.py'
[1.662s] INFO:colcon.colcon_core.shell:Creating prefix chain script '/home/GTL/aghitu/CS8813/tdmpc/turtlebot_rl/install/setup.sh'
[1.664s] INFO:colcon.colcon_core.shell:Creating prefix script '/home/GTL/aghitu/CS8813/tdmpc/turtlebot_rl/install/local_setup.bash'
[1.665s] INFO:colcon.colcon_core.shell:Creating prefix chain script '/home/GTL/aghitu/CS8813/tdmpc/turtlebot_rl/install/setup.bash'
[1.668s] INFO:colcon.colcon_core.shell:Creating prefix script '/home/GTL/aghitu/CS8813/tdmpc/turtlebot_rl/install/local_setup.zsh'
[1.670s] INFO:colcon.colcon_core.shell:Creating prefix chain script '/home/GTL/aghitu/CS8813/tdmpc/turtlebot_rl/install/setup.zsh'
