[0.084s] DEBUG:colcon:Command line arguments: ['/usr/bin/colcon', 'build']
[0.084s] DEBUG:colcon:Parsed command line arguments: Namespace(log_base=None, log_level=None, verb_name='build', build_base='build', install_base='install', merge_install=False, symlink_install=False, test_result_base=None, continue_on_error=False, executor='parallel', parallel_workers=16, event_handlers=None, ignore_user_meta=False, metas=['./colcon.meta'], base_paths=['.'], packages_ignore=None, packages_ignore_regex=None, paths=None, packages_up_to=None, packages_up_to_regex=None, packages_above=None, packages_above_and_dependencies=None, packages_above_depth=None, packages_select_by_dep=None, packages_skip_by_dep=None, packages_skip_up_to=None, packages_select_build_failed=False, packages_skip_build_finished=False, packages_select_test_failures=False, packages_skip_test_passed=False, packages_select=None, packages_skip=None, packages_select_regex=None, packages_skip_regex=None, packages_start=None, packages_end=None, allow_overriding=[], cmake_args=None, cmake_target=None, cmake_target_skip_unavailable=False, cmake_clean_cache=False, cmake_clean_first=False, cmake_force_configure=False, ament_cmake_args=None, catkin_cmake_args=None, catkin_skip_building_tests=False, verb_parser=<colcon_defaults.argument_parser.defaults.DefaultArgumentsDecorator object at 0x7d68b1da7830>, verb_extension=<colcon_core.verb.build.BuildVerb object at 0x7d68b1da7890>, main=<bound method BuildVerb.main of <colcon_core.verb.build.BuildVerb object at 0x7d68b1da7890>>)
[0.110s] Level 1:colcon.colcon_core.package_discovery:discover_packages(colcon_meta) check parameters
[0.110s] Level 1:colcon.colcon_core.package_discovery:discover_packages(recursive) check parameters
[0.110s] Level 1:colcon.colcon_core.package_discovery:discover_packages(ignore) check parameters
[0.110s] Level 1:colcon.colcon_core.package_discovery:discover_packages(path) check parameters
[0.111s] Level 1:colcon.colcon_core.package_discovery:discover_packages(colcon_meta) discover
[0.112s] Level 1:colcon.colcon_core.package_discovery:discover_packages(recursive) discover
[0.112s] INFO:colcon.colcon_core.package_discovery:Crawling recursively for packages in '/home/GTL/aghitu/CS8813/tdmpc/turtlebot_rl'
[0.114s] Level 1:colcon.colcon_core.package_identification:_identify(.) by extensions ['ignore', 'ignore_ament_install']
[0.114s] Level 1:colcon.colcon_core.package_identification:_identify(.) by extension 'ignore'
[0.114s] Level 1:colcon.colcon_core.package_identification:_identify(.) by extension 'ignore_ament_install'
[0.114s] Level 1:colcon.colcon_core.package_identification:_identify(.) by extensions ['colcon_pkg']
[0.114s] Level 1:colcon.colcon_core.package_identification:_identify(.) by extension 'colcon_pkg'
[0.115s] Level 1:colcon.colcon_core.package_identification:_identify(.) by extensions ['colcon_meta']
[0.115s] Level 1:colcon.colcon_core.package_identification:_identify(.) by extension 'colcon_meta'
[0.115s] Level 1:colcon.colcon_core.package_identification:_identify(.) by extensions ['ros']
[0.115s] Level 1:colcon.colcon_core.package_identification:_identify(.) by extension 'ros'
[0.135s] DEBUG:colcon.colcon_core.package_identification:Package '.' with type 'ros.ament_python' and name 'turtlebot_rl'
[0.135s] Level 1:colcon.colcon_core.package_discovery:discover_packages(recursive) using defaults
[0.135s] Level 1:colcon.colcon_core.package_discovery:discover_packages(ignore) discover
[0.135s] Level 1:colcon.colcon_core.package_discovery:discover_packages(ignore) using defaults
[0.135s] Level 1:colcon.colcon_core.package_discovery:discover_packages(path) discover
[0.136s] Level 1:colcon.colcon_core.package_discovery:discover_packages(path) using defaults
[0.148s] Level 1:colcon.colcon_core.package_discovery:discover_packages(prefix_path) check parameters
[0.148s] Level 1:colcon.colcon_core.package_discovery:discover_packages(prefix_path) discover
[0.152s] DEBUG:colcon.colcon_installed_package_information.package_discovery:Found 1 installed packages in /home/GTL/aghitu/CS8813/tdmpc/turtlebot_rl/install
[0.153s] DEBUG:colcon.colcon_installed_package_information.package_discovery:Found 371 installed packages in /opt/ros/kilted
[0.154s] Level 1:colcon.colcon_core.package_discovery:discover_packages(prefix_path) using defaults
[0.186s] Level 5:colcon.colcon_core.verb:set package 'turtlebot_rl' build argument 'cmake_args' from command line to 'None'
[0.186s] Level 5:colcon.colcon_core.verb:set package 'turtlebot_rl' build argument 'cmake_target' from command line to 'None'
[0.186s] Level 5:colcon.colcon_core.verb:set package 'turtlebot_rl' build argument 'cmake_target_skip_unavailable' from command line to 'False'
[0.186s] Level 5:colcon.colcon_core.verb:set package 'turtlebot_rl' build argument 'cmake_clean_cache' from command line to 'False'
[0.186s] Level 5:colcon.colcon_core.verb:set package 'turtlebot_rl' build argument 'cmake_clean_first' from command line to 'False'
[0.186s] Level 5:colcon.colcon_core.verb:set package 'turtlebot_rl' build argument 'cmake_force_configure' from command line to 'False'
[0.186s] Level 5:colcon.colcon_core.verb:set package 'turtlebot_rl' build argument 'ament_cmake_args' from command line to 'None'
[0.186s] Level 5:colcon.colcon_core.verb:set package 'turtlebot_rl' build argument 'catkin_cmake_args' from command line to 'None'
[0.187s] Level 5:colcon.colcon_core.verb:set package 'turtlebot_rl' build argument 'catkin_skip_building_tests' from command line to 'False'
[0.188s] DEBUG:colcon.colcon_core.verb:Building package 'turtlebot_rl' with the following arguments: {'ament_cmake_args': None, 'build_base': '/home/GTL/aghitu/CS8813/tdmpc/turtlebot_rl/build/turtlebot_rl', 'catkin_cmake_args': None, 'catkin_skip_building_tests': False, 'cmake_args': None, 'cmake_clean_cache': False, 'cmake_clean_first': False, 'cmake_force_configure': False, 'cmake_target': None, 'cmake_target_skip_unavailable': False, 'install_base': '/home/GTL/aghitu/CS8813/tdmpc/turtlebot_rl/install/turtlebot_rl', 'merge_install': False, 'path': '/home/GTL/aghitu/CS8813/tdmpc/turtlebot_rl', 'symlink_install': False, 'test_result_base': None}
[0.189s] INFO:colcon.colcon_core.executor:Executing jobs using 'parallel' executor
[0.190s] DEBUG:colcon.colcon_parallel_executor.executor.parallel:run_until_complete
[0.190s] INFO:colcon.colcon_ros.task.ament_python.build:Building ROS package in '/home/GTL/aghitu/CS8813/tdmpc/turtlebot_rl' with build type 'ament_python'
[0.191s] Level 1:colcon.colcon_core.shell:create_environment_hook('turtlebot_rl', 'ament_prefix_path')
[0.192s] INFO:colcon.colcon_core.plugin_system:Skipping extension 'colcon_core.shell.bat': Not used on non-Windows systems
[0.192s] INFO:colcon.colcon_core.shell:Creating environment hook '/home/GTL/aghitu/CS8813/tdmpc/turtlebot_rl/install/turtlebot_rl/share/turtlebot_rl/hook/ament_prefix_path.ps1'
[0.194s] INFO:colcon.colcon_core.shell:Creating environment descriptor '/home/GTL/aghitu/CS8813/tdmpc/turtlebot_rl/install/turtlebot_rl/share/turtlebot_rl/hook/ament_prefix_path.dsv'
[0.196s] INFO:colcon.colcon_core.shell:Creating environment hook '/home/GTL/aghitu/CS8813/tdmpc/turtlebot_rl/install/turtlebot_rl/share/turtlebot_rl/hook/ament_prefix_path.sh'
[0.197s] INFO:colcon.colcon_core.shell:Skip shell extension 'powershell' for command environment: Not usable outside of PowerShell
[0.197s] DEBUG:colcon.colcon_core.shell:Skip shell extension 'dsv' for command environment
[0.407s] INFO:colcon.colcon_core.task.python.build:Building Python package in '/home/GTL/aghitu/CS8813/tdmpc/turtlebot_rl'
[0.407s] INFO:colcon.colcon_core.shell:Skip shell extension 'powershell' for command environment: Not usable outside of PowerShell
[0.408s] DEBUG:colcon.colcon_core.shell:Skip shell extension 'dsv' for command environment
[0.990s] DEBUG:colcon.colcon_core.event_handler.log_command:Invoking command in '/home/GTL/aghitu/CS8813/tdmpc/turtlebot_rl': CONDA_PROMPT_MODIFIER=(tdmpc2_312) DEBUGINFOD_URLS=https://debuginfod.ubuntu.com PYTHONPATH=/home/GTL/aghitu/CS8813/tdmpc/turtlebot_rl/build/turtlebot_rl/prefix_override:/usr/lib/python3/dist-packages/colcon_core/task/python/colcon_distutils_commands:/home/GTL/aghitu/CS8813/tdmpc/turtlebot_rl/install/turtlebot_rl/lib/python3.12/site-packages:${PYTHONPATH} /usr/bin/python3 -W ignore:setup.py install is deprecated -W ignore:easy_install command is deprecated setup.py egg_info --egg-base build/turtlebot_rl build --build-base /home/GTL/aghitu/CS8813/tdmpc/turtlebot_rl/build/turtlebot_rl/build install --record /home/GTL/aghitu/CS8813/tdmpc/turtlebot_rl/build/turtlebot_rl/install.log --single-version-externally-managed install_data
[2.231s] DEBUG:colcon.colcon_core.event_handler.log_command:Invoked command in '/home/GTL/aghitu/CS8813/tdmpc/turtlebot_rl' returned '0': CONDA_PROMPT_MODIFIER=(tdmpc2_312) DEBUGINFOD_URLS=https://debuginfod.ubuntu.com PYTHONPATH=/home/GTL/aghitu/CS8813/tdmpc/turtlebot_rl/build/turtlebot_rl/prefix_override:/usr/lib/python3/dist-packages/colcon_core/task/python/colcon_distutils_commands:/home/GTL/aghitu/CS8813/tdmpc/turtlebot_rl/install/turtlebot_rl/lib/python3.12/site-packages:${PYTHONPATH} /usr/bin/python3 -W ignore:setup.py install is deprecated -W ignore:easy_install command is deprecated setup.py egg_info --egg-base build/turtlebot_rl build --build-base /home/GTL/aghitu/CS8813/tdmpc/turtlebot_rl/build/turtlebot_rl/build install --record /home/GTL/aghitu/CS8813/tdmpc/turtlebot_rl/build/turtlebot_rl/install.log --single-version-externally-managed install_data
[2.233s] Level 1:colcon.colcon_core.environment:checking '/home/GTL/aghitu/CS8813/tdmpc/turtlebot_rl/install/turtlebot_rl' for CMake module files
[2.235s] Level 1:colcon.colcon_core.environment:checking '/home/GTL/aghitu/CS8813/tdmpc/turtlebot_rl/install/turtlebot_rl' for CMake config files
[2.247s] Level 1:colcon.colcon_core.environment:checking '/home/GTL/aghitu/CS8813/tdmpc/turtlebot_rl/install/turtlebot_rl/lib'
[2.247s] Level 1:colcon.colcon_core.environment:checking '/home/GTL/aghitu/CS8813/tdmpc/turtlebot_rl/install/turtlebot_rl/bin'
[2.248s] Level 1:colcon.colcon_core.environment:checking '/home/GTL/aghitu/CS8813/tdmpc/turtlebot_rl/install/turtlebot_rl/lib/pkgconfig/turtlebot_rl.pc'
[2.248s] Level 1:colcon.colcon_core.environment:checking '/home/GTL/aghitu/CS8813/tdmpc/turtlebot_rl/install/turtlebot_rl/lib/python3.12/site-packages'
[2.248s] Level 1:colcon.colcon_core.shell:create_environment_hook('turtlebot_rl', 'pythonpath')
[2.248s] INFO:colcon.colcon_core.shell:Creating environment hook '/home/GTL/aghitu/CS8813/tdmpc/turtlebot_rl/install/turtlebot_rl/share/turtlebot_rl/hook/pythonpath.ps1'
[2.250s] INFO:colcon.colcon_core.shell:Creating environment descriptor '/home/GTL/aghitu/CS8813/tdmpc/turtlebot_rl/install/turtlebot_rl/share/turtlebot_rl/hook/pythonpath.dsv'
[2.252s] INFO:colcon.colcon_core.shell:Creating environment hook '/home/GTL/aghitu/CS8813/tdmpc/turtlebot_rl/install/turtlebot_rl/share/turtlebot_rl/hook/pythonpath.sh'
[2.253s] Level 1:colcon.colcon_core.environment:checking '/home/GTL/aghitu/CS8813/tdmpc/turtlebot_rl/install/turtlebot_rl/bin'
[2.253s] Level 1:colcon.colcon_core.environment:create_environment_scripts_only(turtlebot_rl)
[2.253s] INFO:colcon.colcon_core.shell:Creating package script '/home/GTL/aghitu/CS8813/tdmpc/turtlebot_rl/install/turtlebot_rl/share/turtlebot_rl/package.ps1'
[2.255s] INFO:colcon.colcon_core.shell:Creating package descriptor '/home/GTL/aghitu/CS8813/tdmpc/turtlebot_rl/install/turtlebot_rl/share/turtlebot_rl/package.dsv'
[2.257s] INFO:colcon.colcon_core.shell:Creating package script '/home/GTL/aghitu/CS8813/tdmpc/turtlebot_rl/install/turtlebot_rl/share/turtlebot_rl/package.sh'
[2.258s] INFO:colcon.colcon_core.shell:Creating package script '/home/GTL/aghitu/CS8813/tdmpc/turtlebot_rl/install/turtlebot_rl/share/turtlebot_rl/package.bash'
[2.260s] INFO:colcon.colcon_core.shell:Creating package script '/home/GTL/aghitu/CS8813/tdmpc/turtlebot_rl/install/turtlebot_rl/share/turtlebot_rl/package.zsh'
[2.261s] Level 1:colcon.colcon_core.environment:create_file_with_runtime_dependencies(/home/GTL/aghitu/CS8813/tdmpc/turtlebot_rl/install/turtlebot_rl/share/colcon-core/packages/turtlebot_rl)
[2.262s] DEBUG:colcon.colcon_parallel_executor.executor.parallel:closing loop
[2.263s] DEBUG:colcon.colcon_parallel_executor.executor.parallel:loop closed
[2.263s] DEBUG:colcon.colcon_parallel_executor.executor.parallel:run_until_complete finished with '0'
[2.263s] DEBUG:colcon.colcon_core.event_reactor:joining thread
[2.268s] INFO:colcon.colcon_core.plugin_system:Skipping extension 'colcon_notification.desktop_notification.terminal_notifier': Not used on non-Darwin systems
[2.268s] INFO:colcon.colcon_core.plugin_system:Skipping extension 'colcon_notification.desktop_notification.win32': Not used on non-Windows systems
[2.268s] INFO:colcon.colcon_notification.desktop_notification:Sending desktop notification using 'notify2'
[2.276s] DEBUG:colcon.colcon_core.event_reactor:joined thread
[2.276s] INFO:colcon.colcon_core.shell:Creating prefix script '/home/GTL/aghitu/CS8813/tdmpc/turtlebot_rl/install/local_setup.ps1'
[2.279s] INFO:colcon.colcon_core.shell:Creating prefix util module '/home/GTL/aghitu/CS8813/tdmpc/turtlebot_rl/install/_local_setup_util_ps1.py'
[2.281s] INFO:colcon.colcon_core.shell:Creating prefix chain script '/home/GTL/aghitu/CS8813/tdmpc/turtlebot_rl/install/setup.ps1'
[2.284s] INFO:colcon.colcon_core.shell:Creating prefix script '/home/GTL/aghitu/CS8813/tdmpc/turtlebot_rl/install/local_setup.sh'
[2.286s] INFO:colcon.colcon_core.shell:Creating prefix util module '/home/GTL/aghitu/CS8813/tdmpc/turtlebot_rl/install/_local_setup_util_sh.py'
[2.287s] INFO:colcon.colcon_core.shell:Creating prefix chain script '/home/GTL/aghitu/CS8813/tdmpc/turtlebot_rl/install/setup.sh'
[2.290s] INFO:colcon.colcon_core.shell:Creating prefix script '/home/GTL/aghitu/CS8813/tdmpc/turtlebot_rl/install/local_setup.bash'
[2.291s] INFO:colcon.colcon_core.shell:Creating prefix chain script '/home/GTL/aghitu/CS8813/tdmpc/turtlebot_rl/install/setup.bash'
[2.294s] INFO:colcon.colcon_core.shell:Creating prefix script '/home/GTL/aghitu/CS8813/tdmpc/turtlebot_rl/install/local_setup.zsh'
[2.296s] INFO:colcon.colcon_core.shell:Creating prefix chain script '/home/GTL/aghitu/CS8813/tdmpc/turtlebot_rl/install/setup.zsh'
