[0.000000] (-) TimerEvent: {}
[0.000082] (turtlebot_rl) JobQueued: {'identifier': 'turtlebot_rl', 'dependencies': OrderedDict()}
[0.000104] (turtlebot_rl) JobStarted: {'identifier': 'turtlebot_rl'}
[0.099212] (-) TimerEvent: {}
[0.199438] (-) TimerEvent: {}
[0.299651] (-) TimerEvent: {}
[0.399871] (-) TimerEvent: {}
[0.500087] (-) TimerEvent: {}
[0.600327] (-) TimerEvent: {}
[0.700570] (-) TimerEvent: {}
[0.800813] (-) TimerEvent: {}
[0.822266] (turtlebot_rl) Command: {'cmd': ['/usr/bin/python3', '-W', 'ignore:setup.py install is deprecated', '-W', 'ignore:easy_install command is deprecated', 'setup.py', 'egg_info', '--egg-base', 'build/turtlebot_rl', 'build', '--build-base', '/home/GTL/aghitu/CS8813/tdmpc/turtlebot_rl/build/turtlebot_rl/build', 'install', '--record', '/home/GTL/aghitu/CS8813/tdmpc/turtlebot_rl/build/turtlebot_rl/install.log', '--single-version-externally-managed', 'install_data'], 'cwd': '/home/GTL/aghitu/CS8813/tdmpc/turtlebot_rl', 'env': {'GZ_SIM_RESOURCE_PATH': '/opt/ros/kilted/share', 'USER': 'aghitu', 'GZ_CONFIG_PATH': '/opt/ros/kilted/opt/gz_sim_vendor/share/gz:/opt/ros/kilted/opt/sdformat_vendor/share/gz:/opt/ros/kilted/opt/gz_gui_vendor/share/gz:/opt/ros/kilted/opt/gz_transport_vendor/share/gz:/opt/ros/kilted/opt/gz_rendering_vendor/share/gz:/opt/ros/kilted/opt/gz_plugin_vendor/share/gz:/opt/ros/kilted/opt/gz_fuel_tools_vendor/share/gz:/opt/ros/kilted/opt/gz_msgs_vendor/share/gz:/opt/ros/kilted/opt/gz_common_vendor/share/gz', 'XDG_SESSION_TYPE': 'x11', 'CLUTTER_DISABLE_MIPMAPPED_TEXT': '1', 'SHLVL': '1', 'LD_LIBRARY_PATH': '/opt/ros/kilted/opt/zenoh_cpp_vendor/lib:/opt/ros/kilted/opt/gz_sim_vendor/lib:/opt/ros/kilted/opt/gz_sensors_vendor/lib:/opt/ros/kilted/opt/gz_physics_vendor/lib:/opt/ros/kilted/opt/sdformat_vendor/lib:/opt/ros/kilted/opt/gz_gui_vendor/lib:/opt/ros/kilted/opt/gz_transport_vendor/lib:/opt/ros/kilted/opt/gz_rendering_vendor/lib:/opt/ros/kilted/opt/gz_plugin_vendor/lib:/opt/ros/kilted/opt/gz_fuel_tools_vendor/lib:/opt/ros/kilted/opt/gz_msgs_vendor/lib:/opt/ros/kilted/opt/gz_common_vendor/lib:/opt/ros/kilted/opt/gz_math_vendor/lib:/opt/ros/kilted/opt/gz_utils_vendor/lib:/opt/ros/kilted/opt/rviz_ogre_vendor/lib:/opt/ros/kilted/lib/x86_64-linux-gnu:/opt/ros/kilted/opt/gz_tools_vendor/lib:/opt/ros/kilted/opt/gz_ogre_next_vendor/lib:/opt/ros/kilted/opt/gz_dartsim_vendor/lib:/opt/ros/kilted/opt/gz_cmake_vendor/lib:/opt/ros/kilted/lib', 'HOME': '/home/GTL/aghitu', 'CYCLONEDDS_URI': '/cs-share/pradalier/gtlpc_cyclonedds.xml', 'OLDPWD': '/home/GTL/aghitu', 'DESKTOP_SESSION': 'ubuntu', 'ROS_PYTHON_VERSION': '3', 'GNOME_SHELL_SESSION_MODE': 'ubuntu', 'GTK_MODULES': 'gail:atk-bridge', 'SYSTEMD_EXEC_PID': '3356', 'GSM_SKIP_SSH_AGENT_WORKAROUND': 'true', 'DBUS_SESSION_BUS_ADDRESS': 'unix:path=/run/user/37714/bus', 'COLORTERM': 'truecolor', '_colcon_cd_root': '/opt/ros/kilted/', 'DEBUGINFOD_URLS': 'https://debuginfod.ubuntu.com', 'ROS_DISTRO': 'kilted', 'LOGNAME': 'aghitu', '_': '/usr/bin/colcon', 'ROS_VERSION': '2', 'MEMORY_PRESSURE_WATCH': '/sys/fs/cgroup/user.slice/user-37714.slice/user@37714.service/session.slice/org.gnome.Shell@x11.service/memory.pressure', 'XDG_SESSION_CLASS': 'user', 'USERNAME': 'aghitu', 'TERM': 'xterm-256color', 'COPPELIASIM_ROOT_DIR': '/cs-share/pradalier/CoppeliaSim', 'GNOME_DESKTOP_SESSION_ID': 'this-is-deprecated', 'WINDOWPATH': '2', 'PATH': '/opt/ros/kilted/opt/gz_msgs_vendor/bin:/opt/ros/kilted/opt/gz_tools_vendor/bin:/opt/ros/kilted/opt/gz_ogre_next_vendor/bin:/opt/ros/kilted/bin:/usr/local/sbin:/usr/local/bin:/usr/sbin:/usr/bin:/sbin:/bin:/usr/games:/usr/local/games:/snap/bin:/snap/bin', 'SESSION_MANAGER': 'local/gtlpc117.georgiatech-metz.fr:@/tmp/.ICE-unix/3322,unix/gtlpc117.georgiatech-metz.fr:/tmp/.ICE-unix/3322', 'XDG_MENU_PREFIX': 'gnome-', 'GNOME_TERMINAL_SCREEN': '/org/gnome/Terminal/screen/def0f5d8_f710_477a_8634_f8caeac3a9bd', 'XDG_RUNTIME_DIR': '/run/user/37714', 'DISPLAY': ':1', 'LANG': 'en_US.UTF-8', 'XDG_CURRENT_DESKTOP': 'ubuntu:GNOME', 'RMW_IMPLEMENTATION': 'rmw_zenoh_cpp', 'XMODIFIERS': '@im=ibus', 'XDG_SESSION_DESKTOP': 'ubuntu', 'XAUTHORITY': '/run/user/37714/gdm/Xauthority', 'GNOME_TERMINAL_SERVICE': ':1.99', 'SSH_AUTH_SOCK': '/run/user/37714/keyring/ssh', 'ROS_DOMAIN_ID': '67', 'AMENT_PREFIX_PATH': '/opt/ros/kilted', 'SHELL': '/bin/bash', 'KRB5CCNAME': 'FILE:/tmp/krb5cc_37714', 'QT_ACCESSIBILITY': '1', 'GDMSESSION': 'ubuntu', 'GPG_AGENT_INFO': '/run/user/37714/gnupg/S.gpg-agent:0:1', 'ROS_AUTOMATIC_DISCOVERY_RANGE': 'SUBNET', 'QT_IM_MODULE': 'ibus', 'PWD': '/home/GTL/aghitu/CS8813/tdmpc/turtlebot_rl/build/turtlebot_rl', 'XDG_CONFIG_DIRS': '/etc/xdg/xdg-ubuntu:/etc/xdg', 'XDG_DATA_DIRS': '/usr/share/ubuntu:/usr/share/gnome:/usr/local/share/:/usr/share/:/var/lib/snapd/desktop', 'PYTHONPATH': '/home/GTL/aghitu/CS8813/tdmpc/turtlebot_rl/build/turtlebot_rl/prefix_override:/usr/lib/python3/dist-packages/colcon_core/task/python/colcon_distutils_commands:/home/GTL/aghitu/CS8813/tdmpc/turtlebot_rl/install/turtlebot_rl/lib/python3.12/site-packages:/opt/ros/kilted/lib/python3.12/site-packages', 'COLCON': '1', 'MEMORY_PRESSURE_WRITE': 'c29tZSAyMDAwMDAgMjAwMDAwMAA=', 'VTE_VERSION': '7600', 'CMAKE_PREFIX_PATH': '/opt/ros/kilted/opt/gz_sim_vendor:/opt/ros/kilted/opt/gz_sensors_vendor:/opt/ros/kilted/opt/gz_physics_vendor:/opt/ros/kilted/opt/sdformat_vendor:/opt/ros/kilted/opt/gz_gui_vendor:/opt/ros/kilted/opt/gz_transport_vendor:/opt/ros/kilted/opt/gz_rendering_vendor:/opt/ros/kilted/opt/gz_plugin_vendor:/opt/ros/kilted/opt/gz_fuel_tools_vendor:/opt/ros/kilted/opt/gz_msgs_vendor:/opt/ros/kilted/opt/gz_common_vendor:/opt/ros/kilted/opt/gz_math_vendor:/opt/ros/kilted/opt/gz_utils_vendor:/opt/ros/kilted/opt/gz_tools_vendor:/opt/ros/kilted/opt/gz_ogre_next_vendor:/opt/ros/kilted/opt/gz_dartsim_vendor:/opt/ros/kilted/opt/gz_cmake_vendor'}, 'shell': False}
[0.900891] (-) TimerEvent: {}
[1.001069] (-) TimerEvent: {}
[1.058814] (turtlebot_rl) StdoutLine: {'line': b'running egg_info\n'}
[1.059070] (turtlebot_rl) StdoutLine: {'line': b'creating build/turtlebot_rl/turtlebot_rl.egg-info\n'}
[1.080288] (turtlebot_rl) StdoutLine: {'line': b'writing build/turtlebot_rl/turtlebot_rl.egg-info/PKG-INFO\n'}
[1.084931] (turtlebot_rl) StdoutLine: {'line': b'writing dependency_links to build/turtlebot_rl/turtlebot_rl.egg-info/dependency_links.txt\n'}
[1.086467] (turtlebot_rl) StdoutLine: {'line': b'writing entry points to build/turtlebot_rl/turtlebot_rl.egg-info/entry_points.txt\n'}
[1.087909] (turtlebot_rl) StdoutLine: {'line': b'writing requirements to build/turtlebot_rl/turtlebot_rl.egg-info/requires.txt\n'}
[1.088938] (turtlebot_rl) StdoutLine: {'line': b'writing top-level names to build/turtlebot_rl/turtlebot_rl.egg-info/top_level.txt\n'}
[1.090229] (turtlebot_rl) StdoutLine: {'line': b"writing manifest file 'build/turtlebot_rl/turtlebot_rl.egg-info/SOURCES.txt'\n"}
[1.101167] (-) TimerEvent: {}
[1.133059] (turtlebot_rl) StdoutLine: {'line': b"reading manifest file 'build/turtlebot_rl/turtlebot_rl.egg-info/SOURCES.txt'\n"}
[1.135705] (turtlebot_rl) StdoutLine: {'line': b"writing manifest file 'build/turtlebot_rl/turtlebot_rl.egg-info/SOURCES.txt'\n"}
[1.136914] (turtlebot_rl) StdoutLine: {'line': b'running build\n'}
[1.136983] (turtlebot_rl) StdoutLine: {'line': b'running build_py\n'}
[1.137744] (turtlebot_rl) StdoutLine: {'line': b'creating /home/GTL/aghitu/CS8813/tdmpc/turtlebot_rl/build/turtlebot_rl/build\n'}
[1.138608] (turtlebot_rl) StdoutLine: {'line': b'creating /home/GTL/aghitu/CS8813/tdmpc/turtlebot_rl/build/turtlebot_rl/build/lib\n'}
[1.140013] (turtlebot_rl) StdoutLine: {'line': b'creating /home/GTL/aghitu/CS8813/tdmpc/turtlebot_rl/build/turtlebot_rl/build/lib/turtlebot_rl\n'}
[1.141720] (turtlebot_rl) StdoutLine: {'line': b'copying turtlebot_rl/PIDController.py -> /home/GTL/aghitu/CS8813/tdmpc/turtlebot_rl/build/turtlebot_rl/build/lib/turtlebot_rl\n'}
[1.143540] (turtlebot_rl) StdoutLine: {'line': b'copying turtlebot_rl/goto.py -> /home/GTL/aghitu/CS8813/tdmpc/turtlebot_rl/build/turtlebot_rl/build/lib/turtlebot_rl\n'}
[1.145273] (turtlebot_rl) StdoutLine: {'line': b'copying turtlebot_rl/TDMPC2Controller.py -> /home/GTL/aghitu/CS8813/tdmpc/turtlebot_rl/build/turtlebot_rl/build/lib/turtlebot_rl\n'}
[1.147053] (turtlebot_rl) StdoutLine: {'line': b'copying turtlebot_rl/__init__.py -> /home/GTL/aghitu/CS8813/tdmpc/turtlebot_rl/build/turtlebot_rl/build/lib/turtlebot_rl\n'}
[1.148332] (turtlebot_rl) StdoutLine: {'line': b'copying turtlebot_rl/py.typed -> /home/GTL/aghitu/CS8813/tdmpc/turtlebot_rl/build/turtlebot_rl/build/lib/turtlebot_rl\n'}
[1.150262] (turtlebot_rl) StdoutLine: {'line': b'running install\n'}
[1.154652] (turtlebot_rl) StdoutLine: {'line': b'running install_lib\n'}
[1.177005] (turtlebot_rl) StdoutLine: {'line': b'creating /home/GTL/aghitu/CS8813/tdmpc/turtlebot_rl/install/turtlebot_rl/lib/python3.12/site-packages/turtlebot_rl\n'}
[1.179033] (turtlebot_rl) StdoutLine: {'line': b'copying /home/GTL/aghitu/CS8813/tdmpc/turtlebot_rl/build/turtlebot_rl/build/lib/turtlebot_rl/PIDController.py -> /home/GTL/aghitu/CS8813/tdmpc/turtlebot_rl/install/turtlebot_rl/lib/python3.12/site-packages/turtlebot_rl\n'}
[1.182376] (turtlebot_rl) StdoutLine: {'line': b'copying /home/GTL/aghitu/CS8813/tdmpc/turtlebot_rl/build/turtlebot_rl/build/lib/turtlebot_rl/goto.py -> /home/GTL/aghitu/CS8813/tdmpc/turtlebot_rl/install/turtlebot_rl/lib/python3.12/site-packages/turtlebot_rl\n'}
[1.185394] (turtlebot_rl) StdoutLine: {'line': b'copying /home/GTL/aghitu/CS8813/tdmpc/turtlebot_rl/build/turtlebot_rl/build/lib/turtlebot_rl/TDMPC2Controller.py -> /home/GTL/aghitu/CS8813/tdmpc/turtlebot_rl/install/turtlebot_rl/lib/python3.12/site-packages/turtlebot_rl\n'}
[1.187687] (turtlebot_rl) StdoutLine: {'line': b'copying /home/GTL/aghitu/CS8813/tdmpc/turtlebot_rl/build/turtlebot_rl/build/lib/turtlebot_rl/__init__.py -> /home/GTL/aghitu/CS8813/tdmpc/turtlebot_rl/install/turtlebot_rl/lib/python3.12/site-packages/turtlebot_rl\n'}
[1.189346] (turtlebot_rl) StdoutLine: {'line': b'copying /home/GTL/aghitu/CS8813/tdmpc/turtlebot_rl/build/turtlebot_rl/build/lib/turtlebot_rl/py.typed -> /home/GTL/aghitu/CS8813/tdmpc/turtlebot_rl/install/turtlebot_rl/lib/python3.12/site-packages/turtlebot_rl\n'}
[1.192529] (turtlebot_rl) StdoutLine: {'line': b'byte-compiling /home/GTL/aghitu/CS8813/tdmpc/turtlebot_rl/install/turtlebot_rl/lib/python3.12/site-packages/turtlebot_rl/PIDController.py to PIDController.cpython-312.pyc\n'}
[1.195981] (turtlebot_rl) StdoutLine: {'line': b'byte-compiling /home/GTL/aghitu/CS8813/tdmpc/turtlebot_rl/install/turtlebot_rl/lib/python3.12/site-packages/turtlebot_rl/goto.py to goto.cpython-312.pyc\n'}
[1.198804] (turtlebot_rl) StdoutLine: {'line': b'byte-compiling /home/GTL/aghitu/CS8813/tdmpc/turtlebot_rl/install/turtlebot_rl/lib/python3.12/site-packages/turtlebot_rl/TDMPC2Controller.py to TDMPC2Controller.cpython-312.pyc\n'}
[1.201255] (-) TimerEvent: {}
[1.201964] (turtlebot_rl) StdoutLine: {'line': b'byte-compiling /home/GTL/aghitu/CS8813/tdmpc/turtlebot_rl/install/turtlebot_rl/lib/python3.12/site-packages/turtlebot_rl/__init__.py to __init__.cpython-312.pyc\n'}
[1.203857] (turtlebot_rl) StdoutLine: {'line': b'running install_data\n'}
[1.204230] (turtlebot_rl) StdoutLine: {'line': b'creating /home/GTL/aghitu/CS8813/tdmpc/turtlebot_rl/install/turtlebot_rl/share/ament_index\n'}
[1.204916] (turtlebot_rl) StdoutLine: {'line': b'creating /home/GTL/aghitu/CS8813/tdmpc/turtlebot_rl/install/turtlebot_rl/share/ament_index/resource_index\n'}
[1.205791] (turtlebot_rl) StdoutLine: {'line': b'creating /home/GTL/aghitu/CS8813/tdmpc/turtlebot_rl/install/turtlebot_rl/share/ament_index/resource_index/packages\n'}
[1.207188] (turtlebot_rl) StdoutLine: {'line': b'copying resource/turtlebot_rl -> /home/GTL/aghitu/CS8813/tdmpc/turtlebot_rl/install/turtlebot_rl/share/ament_index/resource_index/packages\n'}
[1.208861] (turtlebot_rl) StdoutLine: {'line': b'copying package.xml -> /home/GTL/aghitu/CS8813/tdmpc/turtlebot_rl/install/turtlebot_rl/share/turtlebot_rl\n'}
[1.210479] (turtlebot_rl) StdoutLine: {'line': b'running install_egg_info\n'}
[1.231699] (turtlebot_rl) StdoutLine: {'line': b'Copying build/turtlebot_rl/turtlebot_rl.egg-info to /home/GTL/aghitu/CS8813/tdmpc/turtlebot_rl/install/turtlebot_rl/lib/python3.12/site-packages/turtlebot_rl-0.0.0-py3.12.egg-info\n'}
[1.260300] (turtlebot_rl) StdoutLine: {'line': b'running install_scripts\n'}
[1.301333] (-) TimerEvent: {}
[1.387879] (turtlebot_rl) StdoutLine: {'line': b'Installing goto script to /home/GTL/aghitu/CS8813/tdmpc/turtlebot_rl/install/turtlebot_rl/lib/turtlebot_rl\n'}
[1.392266] (turtlebot_rl) StdoutLine: {'line': b"writing list of installed files to '/home/GTL/aghitu/CS8813/tdmpc/turtlebot_rl/build/turtlebot_rl/install.log'\n"}
[1.401423] (-) TimerEvent: {}
[1.411081] (turtlebot_rl) CommandEnded: {'returncode': 0}
[1.451018] (turtlebot_rl) JobEnded: {'identifier': 'turtlebot_rl', 'rc': 0}
[1.452396] (-) EventReactorShutdown: {}
