[0.000000] (-) TimerEvent: {}
[0.000082] (turtlebot_rl) JobQueued: {'identifier': 'turtlebot_rl', 'dependencies': OrderedDict()}
[0.000105] (turtlebot_rl) JobStarted: {'identifier': 'turtlebot_rl'}
[0.099315] (-) TimerEvent: {}
[0.199553] (-) TimerEvent: {}
[0.299804] (-) TimerEvent: {}
[0.399967] (-) TimerEvent: {}
[0.500188] (-) TimerEvent: {}
[0.600386] (-) TimerEvent: {}
[0.700592] (-) TimerEvent: {}
[0.770068] (turtlebot_rl) Command: {'cmd': ['/usr/bin/python3', '-W', 'ignore:setup.py install is deprecated', '-W', 'ignore:easy_install command is deprecated', 'setup.py', 'egg_info', '--egg-base', 'build/turtlebot_rl', 'build', '--build-base', '/home/GTL/aghitu/CS8813/tdmpc/turtlebot_rl/build/turtlebot_rl/build', 'install', '--record', '/home/GTL/aghitu/CS8813/tdmpc/turtlebot_rl/build/turtlebot_rl/install.log', '--single-version-externally-managed', 'install_data'], 'cwd': '/home/GTL/aghitu/CS8813/tdmpc/turtlebot_rl', 'env': {'CONDA_PROMPT_MODIFIER': '(tdmpc2_312)', 'GZ_SIM_RESOURCE_PATH': '/opt/ros/kilted/share', 'USER': 'aghitu', 'GZ_CONFIG_PATH': '/opt/ros/kilted/opt/gz_sim_vendor/share/gz:/opt/ros/kilted/opt/sdformat_vendor/share/gz:/opt/ros/kilted/opt/gz_gui_vendor/share/gz:/opt/ros/kilted/opt/gz_transport_vendor/share/gz:/opt/ros/kilted/opt/gz_rendering_vendor/share/gz:/opt/ros/kilted/opt/gz_plugin_vendor/share/gz:/opt/ros/kilted/opt/gz_fuel_tools_vendor/share/gz:/opt/ros/kilted/opt/gz_msgs_vendor/share/gz:/opt/ros/kilted/opt/gz_common_vendor/share/gz', 'XDG_SESSION_TYPE': 'x11', 'CLUTTER_DISABLE_MIPMAPPED_TEXT': '1', 'SHLVL': '1', 'LD_LIBRARY_PATH': '/opt/ros/kilted/opt/zenoh_cpp_vendor/lib:/opt/ros/kilted/opt/gz_sim_vendor/lib:/opt/ros/kilted/opt/gz_sensors_vendor/lib:/opt/ros/kilted/opt/gz_physics_vendor/lib:/opt/ros/kilted/opt/sdformat_vendor/lib:/opt/ros/kilted/opt/gz_gui_vendor/lib:/opt/ros/kilted/opt/gz_transport_vendor/lib:/opt/ros/kilted/opt/gz_rendering_vendor/lib:/opt/ros/kilted/opt/gz_plugin_vendor/lib:/opt/ros/kilted/opt/gz_fuel_tools_vendor/lib:/opt/ros/kilted/opt/gz_msgs_vendor/lib:/opt/ros/kilted/opt/gz_common_vendor/lib:/opt/ros/kilted/opt/gz_math_vendor/lib:/opt/ros/kilted/opt/gz_utils_vendor/lib:/opt/ros/kilted/opt/rviz_ogre_vendor/lib:/opt/ros/kilted/lib/x86_64-linux-gnu:/opt/ros/kilted/opt/gz_tools_vendor/lib:/opt/ros/kilted/opt/gz_ogre_next_vendor/lib:/opt/ros/kilted/opt/gz_dartsim_vendor/lib:/opt/ros/kilted/opt/gz_cmake_vendor/lib:/opt/ros/kilted/lib', 'HOME': '/home/GTL/aghitu', 'CONDA_SHLVL': '5', 'CYCLONEDDS_URI': '/cs-share/pradalier/gtlpc_cyclonedds.xml', 'OLDPWD': '/home/GTL/aghitu/CS8813/tdmpc/turtlebot_rl/turtlebot_rl', 'DESKTOP_SESSION': 'ubuntu', 'ROS_PYTHON_VERSION': '3', 'GNOME_SHELL_SESSION_MODE': 'ubuntu', 'GTK_MODULES': 'gail:atk-bridge', 'SYSTEMD_EXEC_PID': '3356', 'GSM_SKIP_SSH_AGENT_WORKAROUND': 'true', 'DBUS_SESSION_BUS_ADDRESS': 'unix:path=/run/user/37714/bus', 'COLORTERM': 'truecolor', '_CE_M': '', '_CONDA_ROOT': '/cs-share/pradalier/miniforge3', '_colcon_cd_root': '/opt/ros/kilted/', 'DEBUGINFOD_URLS': 'https://debuginfod.ubuntu.com', 'COLCON_PREFIX_PATH': '/home/GTL/aghitu/CS8813/tdmpc/turtlebot_rl/install', 'ROS_DISTRO': 'kilted', 'LOGNAME': 'aghitu', '_': '/usr/bin/colcon', 'ROS_VERSION': '2', 'MEMORY_PRESSURE_WATCH': '/sys/fs/cgroup/user.slice/user-37714.slice/user@37714.service/session.slice/org.gnome.Shell@x11.service/memory.pressure', 'XDG_SESSION_CLASS': 'user', 'USERNAME': 'aghitu', 'TERM': 'xterm-256color', 'COPPELIASIM_ROOT_DIR': '/cs-share/pradalier/CoppeliaSim', 'GNOME_DESKTOP_SESSION_ID': 'this-is-deprecated', '_CE_CONDA': '', 'WINDOWPATH': '2', 'PATH': '/home/GTL/aghitu/.conda/envs/tdmpc2_312/bin:/cs-share/pradalier/miniforge3/condabin:/opt/ros/kilted/opt/gz_msgs_vendor/bin:/opt/ros/kilted/opt/gz_tools_vendor/bin:/opt/ros/kilted/opt/gz_ogre_next_vendor/bin:/opt/ros/kilted/bin:/usr/local/sbin:/usr/local/bin:/usr/sbin:/usr/bin:/sbin:/bin:/usr/games:/usr/local/games:/snap/bin:/snap/bin', 'SESSION_MANAGER': 'local/gtlpc117.georgiatech-metz.fr:@/tmp/.ICE-unix/3322,unix/gtlpc117.georgiatech-metz.fr:/tmp/.ICE-unix/3322', 'XDG_MENU_PREFIX': 'gnome-', 'GNOME_TERMINAL_SCREEN': '/org/gnome/Terminal/screen/02b4a7a2_1274_4f2a_b382_252dfd636817', 'ZENOH_CONFIG_OVERRIDE': 'mode="client";connect/endpoints=["tcp/turtlebot11:7447"]', 'XDG_RUNTIME_DIR': '/run/user/37714', 'DISPLAY': ':1', 'LANG': 'en_US.UTF-8', 'XDG_CURRENT_DESKTOP': 'ubuntu:GNOME', 'CONDA_PREFIX_1': '/cs-share/pradalier/miniforge3', 'RMW_IMPLEMENTATION': 'rmw_zenoh_cpp', 'XMODIFIERS': '@im=ibus', 'XDG_SESSION_DESKTOP': 'ubuntu', 'XAUTHORITY': '/run/user/37714/gdm/Xauthority', 'GNOME_TERMINAL_SERVICE': ':1.99', 'CONDA_PREFIX_2': '/home/GTL/aghitu/.conda/envs/tdmpc2', 'SSH_AUTH_SOCK': '/run/user/37714/keyring/ssh', 'ROS_DOMAIN_ID': '11', 'AMENT_PREFIX_PATH': '/home/GTL/aghitu/CS8813/tdmpc/turtlebot_rl/install/turtlebot_rl:/opt/ros/kilted', 'CONDA_PYTHON_EXE': '/cs-share/pradalier/miniforge3/bin/python', 'CONDA_PREFIX_3': '/home/GTL/aghitu/.conda/envs/tdmpc2_312', 'SHELL': '/bin/bash', 'KRB5CCNAME': 'FILE:/tmp/krb5cc_37714', 'CONDA_PREFIX_4': '/home/GTL/aghitu/.conda/envs/tdmpc2', 'QT_ACCESSIBILITY': '1', 'GDMSESSION': 'ubuntu', 'CONDA_DEFAULT_ENV': 'tdmpc2_312', 'GPG_AGENT_INFO': '/run/user/37714/gnupg/S.gpg-agent:0:1', '_CONDA_EXE': '/cs-share/pradalier/miniforge3/bin/conda', 'ROS_AUTOMATIC_DISCOVERY_RANGE': 'SUBNET', 'QT_IM_MODULE': 'ibus', 'PWD': '/home/GTL/aghitu/CS8813/tdmpc/turtlebot_rl/build/turtlebot_rl', 'XDG_CONFIG_DIRS': '/etc/xdg/xdg-ubuntu:/etc/xdg', 'CONDA_EXE': '/cs-share/pradalier/miniforge3/bin/conda', 'XDG_DATA_DIRS': '/usr/share/ubuntu:/usr/share/gnome:/usr/local/share/:/usr/share/:/var/lib/snapd/desktop', 'PYTHONPATH': '/home/GTL/aghitu/CS8813/tdmpc/turtlebot_rl/build/turtlebot_rl/prefix_override:/usr/lib/python3/dist-packages/colcon_core/task/python/colcon_distutils_commands:/home/GTL/aghitu/CS8813/tdmpc/turtlebot_rl/install/turtlebot_rl/lib/python3.12/site-packages:/home/GTL/aghitu/CS8813/tdmpc/turtlebot_rl/install/turtlebot_rl/lib/python3.12/site-packages:/opt/ros/kilted/lib/python3.12/site-packages', 'CONDA_PREFIX': '/home/GTL/aghitu/.conda/envs/tdmpc2_312', 'COLCON': '1', 'MEMORY_PRESSURE_WRITE': 'c29tZSAyMDAwMDAgMjAwMDAwMAA=', 'VTE_VERSION': '7600', 'CMAKE_PREFIX_PATH': '/opt/ros/kilted/opt/gz_sim_vendor:/opt/ros/kilted/opt/gz_sensors_vendor:/opt/ros/kilted/opt/gz_physics_vendor:/opt/ros/kilted/opt/sdformat_vendor:/opt/ros/kilted/opt/gz_gui_vendor:/opt/ros/kilted/opt/gz_transport_vendor:/opt/ros/kilted/opt/gz_rendering_vendor:/opt/ros/kilted/opt/gz_plugin_vendor:/opt/ros/kilted/opt/gz_fuel_tools_vendor:/opt/ros/kilted/opt/gz_msgs_vendor:/opt/ros/kilted/opt/gz_common_vendor:/opt/ros/kilted/opt/gz_math_vendor:/opt/ros/kilted/opt/gz_utils_vendor:/opt/ros/kilted/opt/gz_tools_vendor:/opt/ros/kilted/opt/gz_ogre_next_vendor:/opt/ros/kilted/opt/gz_dartsim_vendor:/opt/ros/kilted/opt/gz_cmake_vendor'}, 'shell': False}
[0.800705] (-) TimerEvent: {}
[0.900936] (-) TimerEvent: {}
[1.001124] (-) TimerEvent: {}
[1.012855] (turtlebot_rl) StdoutLine: {'line': b'running egg_info\n'}
[1.033945] (turtlebot_rl) StdoutLine: {'line': b'writing build/turtlebot_rl/turtlebot_rl.egg-info/PKG-INFO\n'}
[1.035632] (turtlebot_rl) StdoutLine: {'line': b'writing dependency_links to build/turtlebot_rl/turtlebot_rl.egg-info/dependency_links.txt\n'}
[1.036985] (turtlebot_rl) StdoutLine: {'line': b'writing entry points to build/turtlebot_rl/turtlebot_rl.egg-info/entry_points.txt\n'}
[1.038016] (turtlebot_rl) StdoutLine: {'line': b'writing requirements to build/turtlebot_rl/turtlebot_rl.egg-info/requires.txt\n'}
[1.038905] (turtlebot_rl) StdoutLine: {'line': b'writing top-level names to build/turtlebot_rl/turtlebot_rl.egg-info/top_level.txt\n'}
[1.082195] (turtlebot_rl) StdoutLine: {'line': b"reading manifest file 'build/turtlebot_rl/turtlebot_rl.egg-info/SOURCES.txt'\n"}
[1.084309] (turtlebot_rl) StdoutLine: {'line': b"writing manifest file 'build/turtlebot_rl/turtlebot_rl.egg-info/SOURCES.txt'\n"}
[1.085436] (turtlebot_rl) StdoutLine: {'line': b'running build\n'}
[1.086172] (turtlebot_rl) StdoutLine: {'line': b'running build_py\n'}
[1.087371] (turtlebot_rl) StdoutLine: {'line': b'creating /home/GTL/aghitu/CS8813/tdmpc/turtlebot_rl/build/turtlebot_rl/build/lib/turtlebot_rl/tdmpc_utils\n'}
[1.088541] (turtlebot_rl) StdoutLine: {'line': b'copying turtlebot_rl/tdmpc_utils/tdmpc2.py -> /home/GTL/aghitu/CS8813/tdmpc/turtlebot_rl/build/turtlebot_rl/build/lib/turtlebot_rl/tdmpc_utils\n'}
[1.090641] (turtlebot_rl) StdoutLine: {'line': b'copying turtlebot_rl/tdmpc_utils/__init__.py -> /home/GTL/aghitu/CS8813/tdmpc/turtlebot_rl/build/turtlebot_rl/build/lib/turtlebot_rl/tdmpc_utils\n'}
[1.092797] (turtlebot_rl) StdoutLine: {'line': b'creating /home/GTL/aghitu/CS8813/tdmpc/turtlebot_rl/build/turtlebot_rl/build/lib/turtlebot_rl/tdmpc_utils/common\n'}
[1.093876] (turtlebot_rl) StdoutLine: {'line': b'copying turtlebot_rl/tdmpc_utils/common/seed.py -> /home/GTL/aghitu/CS8813/tdmpc/turtlebot_rl/build/turtlebot_rl/build/lib/turtlebot_rl/tdmpc_utils/common\n'}
[1.095526] (turtlebot_rl) StdoutLine: {'line': b'copying turtlebot_rl/tdmpc_utils/common/math.py -> /home/GTL/aghitu/CS8813/tdmpc/turtlebot_rl/build/turtlebot_rl/build/lib/turtlebot_rl/tdmpc_utils/common\n'}
[1.097036] (turtlebot_rl) StdoutLine: {'line': b'copying turtlebot_rl/tdmpc_utils/common/logger.py -> /home/GTL/aghitu/CS8813/tdmpc/turtlebot_rl/build/turtlebot_rl/build/lib/turtlebot_rl/tdmpc_utils/common\n'}
[1.098706] (turtlebot_rl) StdoutLine: {'line': b'copying turtlebot_rl/tdmpc_utils/common/buffer.py -> /home/GTL/aghitu/CS8813/tdmpc/turtlebot_rl/build/turtlebot_rl/build/lib/turtlebot_rl/tdmpc_utils/common\n'}
[1.100418] (turtlebot_rl) StdoutLine: {'line': b'copying turtlebot_rl/tdmpc_utils/common/init.py -> /home/GTL/aghitu/CS8813/tdmpc/turtlebot_rl/build/turtlebot_rl/build/lib/turtlebot_rl/tdmpc_utils/common\n'}
[1.101179] (-) TimerEvent: {}
[1.102146] (turtlebot_rl) StdoutLine: {'line': b'copying turtlebot_rl/tdmpc_utils/common/layers.py -> /home/GTL/aghitu/CS8813/tdmpc/turtlebot_rl/build/turtlebot_rl/build/lib/turtlebot_rl/tdmpc_utils/common\n'}
[1.103711] (turtlebot_rl) StdoutLine: {'line': b'copying turtlebot_rl/tdmpc_utils/common/__init__.py -> /home/GTL/aghitu/CS8813/tdmpc/turtlebot_rl/build/turtlebot_rl/build/lib/turtlebot_rl/tdmpc_utils/common\n'}
[1.105167] (turtlebot_rl) StdoutLine: {'line': b'copying turtlebot_rl/tdmpc_utils/common/scale.py -> /home/GTL/aghitu/CS8813/tdmpc/turtlebot_rl/build/turtlebot_rl/build/lib/turtlebot_rl/tdmpc_utils/common\n'}
[1.106899] (turtlebot_rl) StdoutLine: {'line': b'copying turtlebot_rl/tdmpc_utils/common/world_model.py -> /home/GTL/aghitu/CS8813/tdmpc/turtlebot_rl/build/turtlebot_rl/build/lib/turtlebot_rl/tdmpc_utils/common\n'}
[1.108522] (turtlebot_rl) StdoutLine: {'line': b'copying turtlebot_rl/tdmpc_utils/common/parser.py -> /home/GTL/aghitu/CS8813/tdmpc/turtlebot_rl/build/turtlebot_rl/build/lib/turtlebot_rl/tdmpc_utils/common\n'}
[1.112232] (turtlebot_rl) StdoutLine: {'line': b'running install\n'}
[1.116881] (turtlebot_rl) StdoutLine: {'line': b'running install_lib\n'}
[1.140946] (turtlebot_rl) StdoutLine: {'line': b'creating /home/GTL/aghitu/CS8813/tdmpc/turtlebot_rl/install/turtlebot_rl/lib/python3.12/site-packages/turtlebot_rl/tdmpc_utils\n'}
[1.143547] (turtlebot_rl) StdoutLine: {'line': b'copying /home/GTL/aghitu/CS8813/tdmpc/turtlebot_rl/build/turtlebot_rl/build/lib/turtlebot_rl/tdmpc_utils/tdmpc2.py -> /home/GTL/aghitu/CS8813/tdmpc/turtlebot_rl/install/turtlebot_rl/lib/python3.12/site-packages/turtlebot_rl/tdmpc_utils\n'}
[1.152969] (turtlebot_rl) StdoutLine: {'line': b'creating /home/GTL/aghitu/CS8813/tdmpc/turtlebot_rl/install/turtlebot_rl/lib/python3.12/site-packages/turtlebot_rl/tdmpc_utils/common\n'}
[1.156553] (turtlebot_rl) StdoutLine: {'line': b'copying /home/GTL/aghitu/CS8813/tdmpc/turtlebot_rl/build/turtlebot_rl/build/lib/turtlebot_rl/tdmpc_utils/common/seed.py -> /home/GTL/aghitu/CS8813/tdmpc/turtlebot_rl/install/turtlebot_rl/lib/python3.12/site-packages/turtlebot_rl/tdmpc_utils/common\n'}
[1.169200] (turtlebot_rl) StdoutLine: {'line': b'copying /home/GTL/aghitu/CS8813/tdmpc/turtlebot_rl/build/turtlebot_rl/build/lib/turtlebot_rl/tdmpc_utils/common/math.py -> /home/GTL/aghitu/CS8813/tdmpc/turtlebot_rl/install/turtlebot_rl/lib/python3.12/site-packages/turtlebot_rl/tdmpc_utils/common\n'}
[1.175758] (turtlebot_rl) StdoutLine: {'line': b'copying /home/GTL/aghitu/CS8813/tdmpc/turtlebot_rl/build/turtlebot_rl/build/lib/turtlebot_rl/tdmpc_utils/common/logger.py -> /home/GTL/aghitu/CS8813/tdmpc/turtlebot_rl/install/turtlebot_rl/lib/python3.12/site-packages/turtlebot_rl/tdmpc_utils/common\n'}
[1.180657] (turtlebot_rl) StdoutLine: {'line': b'copying /home/GTL/aghitu/CS8813/tdmpc/turtlebot_rl/build/turtlebot_rl/build/lib/turtlebot_rl/tdmpc_utils/common/buffer.py -> /home/GTL/aghitu/CS8813/tdmpc/turtlebot_rl/install/turtlebot_rl/lib/python3.12/site-packages/turtlebot_rl/tdmpc_utils/common\n'}
[1.185458] (turtlebot_rl) StdoutLine: {'line': b'copying /home/GTL/aghitu/CS8813/tdmpc/turtlebot_rl/build/turtlebot_rl/build/lib/turtlebot_rl/tdmpc_utils/common/init.py -> /home/GTL/aghitu/CS8813/tdmpc/turtlebot_rl/install/turtlebot_rl/lib/python3.12/site-packages/turtlebot_rl/tdmpc_utils/common\n'}
[1.190217] (turtlebot_rl) StdoutLine: {'line': b'copying /home/GTL/aghitu/CS8813/tdmpc/turtlebot_rl/build/turtlebot_rl/build/lib/turtlebot_rl/tdmpc_utils/common/layers.py -> /home/GTL/aghitu/CS8813/tdmpc/turtlebot_rl/install/turtlebot_rl/lib/python3.12/site-packages/turtlebot_rl/tdmpc_utils/common\n'}
[1.195431] (turtlebot_rl) StdoutLine: {'line': b'copying /home/GTL/aghitu/CS8813/tdmpc/turtlebot_rl/build/turtlebot_rl/build/lib/turtlebot_rl/tdmpc_utils/common/__init__.py -> /home/GTL/aghitu/CS8813/tdmpc/turtlebot_rl/install/turtlebot_rl/lib/python3.12/site-packages/turtlebot_rl/tdmpc_utils/common\n'}
[1.199742] (turtlebot_rl) StdoutLine: {'line': b'copying /home/GTL/aghitu/CS8813/tdmpc/turtlebot_rl/build/turtlebot_rl/build/lib/turtlebot_rl/tdmpc_utils/common/scale.py -> /home/GTL/aghitu/CS8813/tdmpc/turtlebot_rl/install/turtlebot_rl/lib/python3.12/site-packages/turtlebot_rl/tdmpc_utils/common\n'}
[1.201247] (-) TimerEvent: {}
[1.204405] (turtlebot_rl) StdoutLine: {'line': b'copying /home/GTL/aghitu/CS8813/tdmpc/turtlebot_rl/build/turtlebot_rl/build/lib/turtlebot_rl/tdmpc_utils/common/world_model.py -> /home/GTL/aghitu/CS8813/tdmpc/turtlebot_rl/install/turtlebot_rl/lib/python3.12/site-packages/turtlebot_rl/tdmpc_utils/common\n'}
[1.210224] (turtlebot_rl) StdoutLine: {'line': b'copying /home/GTL/aghitu/CS8813/tdmpc/turtlebot_rl/build/turtlebot_rl/build/lib/turtlebot_rl/tdmpc_utils/common/parser.py -> /home/GTL/aghitu/CS8813/tdmpc/turtlebot_rl/install/turtlebot_rl/lib/python3.12/site-packages/turtlebot_rl/tdmpc_utils/common\n'}
[1.215371] (turtlebot_rl) StdoutLine: {'line': b'copying /home/GTL/aghitu/CS8813/tdmpc/turtlebot_rl/build/turtlebot_rl/build/lib/turtlebot_rl/tdmpc_utils/__init__.py -> /home/GTL/aghitu/CS8813/tdmpc/turtlebot_rl/install/turtlebot_rl/lib/python3.12/site-packages/turtlebot_rl/tdmpc_utils\n'}
[1.217868] (turtlebot_rl) StdoutLine: {'line': b'byte-compiling /home/GTL/aghitu/CS8813/tdmpc/turtlebot_rl/install/turtlebot_rl/lib/python3.12/site-packages/turtlebot_rl/tdmpc_utils/tdmpc2.py to tdmpc2.cpython-312.pyc\n'}
[1.224037] (turtlebot_rl) StdoutLine: {'line': b'byte-compiling /home/GTL/aghitu/CS8813/tdmpc/turtlebot_rl/install/turtlebot_rl/lib/python3.12/site-packages/turtlebot_rl/tdmpc_utils/common/seed.py to seed.cpython-312.pyc\n'}
[1.227336] (turtlebot_rl) StdoutLine: {'line': b'byte-compiling /home/GTL/aghitu/CS8813/tdmpc/turtlebot_rl/install/turtlebot_rl/lib/python3.12/site-packages/turtlebot_rl/tdmpc_utils/common/math.py to math.cpython-312.pyc\n'}
[1.230385] (turtlebot_rl) StdoutLine: {'line': b'byte-compiling /home/GTL/aghitu/CS8813/tdmpc/turtlebot_rl/install/turtlebot_rl/lib/python3.12/site-packages/turtlebot_rl/tdmpc_utils/common/logger.py to logger.cpython-312.pyc\n'}
[1.235032] (turtlebot_rl) StdoutLine: {'line': b'byte-compiling /home/GTL/aghitu/CS8813/tdmpc/turtlebot_rl/install/turtlebot_rl/lib/python3.12/site-packages/turtlebot_rl/tdmpc_utils/common/buffer.py to buffer.cpython-312.pyc\n'}
[1.238077] (turtlebot_rl) StdoutLine: {'line': b'byte-compiling /home/GTL/aghitu/CS8813/tdmpc/turtlebot_rl/install/turtlebot_rl/lib/python3.12/site-packages/turtlebot_rl/tdmpc_utils/common/init.py to init.cpython-312.pyc\n'}
[1.240440] (turtlebot_rl) StdoutLine: {'line': b'byte-compiling /home/GTL/aghitu/CS8813/tdmpc/turtlebot_rl/install/turtlebot_rl/lib/python3.12/site-packages/turtlebot_rl/tdmpc_utils/common/layers.py to layers.cpython-312.pyc\n'}
[1.244619] (turtlebot_rl) StdoutLine: {'line': b'byte-compiling /home/GTL/aghitu/CS8813/tdmpc/turtlebot_rl/install/turtlebot_rl/lib/python3.12/site-packages/turtlebot_rl/tdmpc_utils/common/__init__.py to __init__.cpython-312.pyc\n'}
[1.247417] (turtlebot_rl) StdoutLine: {'line': b'byte-compiling /home/GTL/aghitu/CS8813/tdmpc/turtlebot_rl/install/turtlebot_rl/lib/python3.12/site-packages/turtlebot_rl/tdmpc_utils/common/scale.py to scale.cpython-312.pyc\n'}
[1.250707] (turtlebot_rl) StdoutLine: {'line': b'byte-compiling /home/GTL/aghitu/CS8813/tdmpc/turtlebot_rl/install/turtlebot_rl/lib/python3.12/site-packages/turtlebot_rl/tdmpc_utils/common/world_model.py to world_model.cpython-312.pyc\n'}
[1.254670] (turtlebot_rl) StdoutLine: {'line': b'byte-compiling /home/GTL/aghitu/CS8813/tdmpc/turtlebot_rl/install/turtlebot_rl/lib/python3.12/site-packages/turtlebot_rl/tdmpc_utils/common/parser.py to parser.cpython-312.pyc\n'}
[1.257643] (turtlebot_rl) StdoutLine: {'line': b'byte-compiling /home/GTL/aghitu/CS8813/tdmpc/turtlebot_rl/install/turtlebot_rl/lib/python3.12/site-packages/turtlebot_rl/tdmpc_utils/__init__.py to __init__.cpython-312.pyc\n'}
[1.259556] (turtlebot_rl) StdoutLine: {'line': b'running install_data\n'}
[1.259718] (turtlebot_rl) StdoutLine: {'line': b'running install_egg_info\n'}
[1.280753] (turtlebot_rl) StdoutLine: {'line': b"removing '/home/GTL/aghitu/CS8813/tdmpc/turtlebot_rl/install/turtlebot_rl/lib/python3.12/site-packages/turtlebot_rl-0.0.0-py3.12.egg-info' (and everything under it)\n"}
[1.285071] (turtlebot_rl) StdoutLine: {'line': b'Copying build/turtlebot_rl/turtlebot_rl.egg-info to /home/GTL/aghitu/CS8813/tdmpc/turtlebot_rl/install/turtlebot_rl/lib/python3.12/site-packages/turtlebot_rl-0.0.0-py3.12.egg-info\n'}
[1.301352] (-) TimerEvent: {}
[1.305892] (turtlebot_rl) StdoutLine: {'line': b'running install_scripts\n'}
[1.401456] (-) TimerEvent: {}
[1.438113] (turtlebot_rl) StdoutLine: {'line': b'Installing goto script to /home/GTL/aghitu/CS8813/tdmpc/turtlebot_rl/install/turtlebot_rl/lib/turtlebot_rl\n'}
[1.441085] (turtlebot_rl) StdoutLine: {'line': b"writing list of installed files to '/home/GTL/aghitu/CS8813/tdmpc/turtlebot_rl/build/turtlebot_rl/install.log'\n"}
[1.461269] (turtlebot_rl) CommandEnded: {'returncode': 0}
[1.491094] (turtlebot_rl) JobEnded: {'identifier': 'turtlebot_rl', 'rc': 0}
[1.492618] (-) EventReactorShutdown: {}
