[0.804s] Invoking command in '/home/GTL/aghitu/CS8813/tdmpc/turtlebot_rl': CONDA_PROMPT_MODIFIER=(tdmpc2_312) DEBUGINFOD_URLS=https://debuginfod.ubuntu.com PYTHONPATH=/home/GTL/aghitu/CS8813/tdmpc/turtlebot_rl/build/turtlebot_rl/prefix_override:/usr/lib/python3/dist-packages/colcon_core/task/python/colcon_distutils_commands:/home/GTL/aghitu/CS8813/tdmpc/turtlebot_rl/install/turtlebot_rl/lib/python3.12/site-packages:${PYTHONPATH} /usr/bin/python3 -W ignore:setup.py install is deprecated -W ignore:easy_install command is deprecated setup.py egg_info --egg-base build/turtlebot_rl build --build-base /home/GTL/aghitu/CS8813/tdmpc/turtlebot_rl/build/turtlebot_rl/build install --record /home/GTL/aghitu/CS8813/tdmpc/turtlebot_rl/build/turtlebot_rl/install.log --single-version-externally-managed install_data
[1.050s] running egg_info
[1.070s] writing build/turtlebot_rl/turtlebot_rl.egg-info/PKG-INFO
[1.072s] writing dependency_links to build/turtlebot_rl/turtlebot_rl.egg-info/dependency_links.txt
[1.073s] writing entry points to build/turtlebot_rl/turtlebot_rl.egg-info/entry_points.txt
[1.074s] writing requirements to build/turtlebot_rl/turtlebot_rl.egg-info/requires.txt
[1.075s] writing top-level names to build/turtlebot_rl/turtlebot_rl.egg-info/top_level.txt
[1.165s] reading manifest file 'build/turtlebot_rl/turtlebot_rl.egg-info/SOURCES.txt'
[1.168s] writing manifest file 'build/turtlebot_rl/turtlebot_rl.egg-info/SOURCES.txt'
[1.169s] running build
[1.169s] running build_py
[1.170s] copying turtlebot_rl/goto.py -> /home/GTL/aghitu/CS8813/tdmpc/turtlebot_rl/build/turtlebot_rl/build/lib/turtlebot_rl
[1.172s] copying turtlebot_rl/TDMPC2Controller.py -> /home/GTL/aghitu/CS8813/tdmpc/turtlebot_rl/build/turtlebot_rl/build/lib/turtlebot_rl
[1.252s] running install
[1.257s] running install_lib
[1.279s] copying /home/GTL/aghitu/CS8813/tdmpc/turtlebot_rl/build/turtlebot_rl/build/lib/turtlebot_rl/goto.py -> /home/GTL/aghitu/CS8813/tdmpc/turtlebot_rl/install/turtlebot_rl/lib/python3.12/site-packages/turtlebot_rl
[1.282s] copying /home/GTL/aghitu/CS8813/tdmpc/turtlebot_rl/build/turtlebot_rl/build/lib/turtlebot_rl/TDMPC2Controller.py -> /home/GTL/aghitu/CS8813/tdmpc/turtlebot_rl/install/turtlebot_rl/lib/python3.12/site-packages/turtlebot_rl
[1.325s] byte-compiling /home/GTL/aghitu/CS8813/tdmpc/turtlebot_rl/install/turtlebot_rl/lib/python3.12/site-packages/turtlebot_rl/goto.py to goto.cpython-312.pyc
[1.381s] byte-compiling /home/GTL/aghitu/CS8813/tdmpc/turtlebot_rl/install/turtlebot_rl/lib/python3.12/site-packages/turtlebot_rl/TDMPC2Controller.py to TDMPC2Controller.cpython-312.pyc
[1.392s] running install_data
[1.393s] running install_egg_info
[1.413s] removing '/home/GTL/aghitu/CS8813/tdmpc/turtlebot_rl/install/turtlebot_rl/lib/python3.12/site-packages/turtlebot_rl-0.0.0-py3.12.egg-info' (and everything under it)
[1.418s] Copying build/turtlebot_rl/turtlebot_rl.egg-info to /home/GTL/aghitu/CS8813/tdmpc/turtlebot_rl/install/turtlebot_rl/lib/python3.12/site-packages/turtlebot_rl-0.0.0-py3.12.egg-info
[1.447s] running install_scripts
[1.578s] Installing goto script to /home/GTL/aghitu/CS8813/tdmpc/turtlebot_rl/install/turtlebot_rl/lib/turtlebot_rl
[1.583s] writing list of installed files to '/home/GTL/aghitu/CS8813/tdmpc/turtlebot_rl/build/turtlebot_rl/install.log'
[1.604s] Invoked command in '/home/GTL/aghitu/CS8813/tdmpc/turtlebot_rl' returned '0': CONDA_PROMPT_MODIFIER=(tdmpc2_312) DEBUGINFOD_URLS=https://debuginfod.ubuntu.com PYTHONPATH=/home/GTL/aghitu/CS8813/tdmpc/turtlebot_rl/build/turtlebot_rl/prefix_override:/usr/lib/python3/dist-packages/colcon_core/task/python/colcon_distutils_commands:/home/GTL/aghitu/CS8813/tdmpc/turtlebot_rl/install/turtlebot_rl/lib/python3.12/site-packages:${PYTHONPATH} /usr/bin/python3 -W ignore:setup.py install is deprecated -W ignore:easy_install command is deprecated setup.py egg_info --egg-base build/turtlebot_rl build --build-base /home/GTL/aghitu/CS8813/tdmpc/turtlebot_rl/build/turtlebot_rl/build install --record /home/GTL/aghitu/CS8813/tdmpc/turtlebot_rl/build/turtlebot_rl/install.log --single-version-externally-managed install_data
