[0.000000] (-) TimerEvent: {}
[0.000260] (turtlebot_rl) JobQueued: {'identifier': 'turtlebot_rl', 'dependencies': OrderedDict()}
[0.000438] (turtlebot_rl) JobStarted: {'identifier': 'turtlebot_rl'}
[0.099296] (-) TimerEvent: {}
[0.199534] (-) TimerEvent: {}
[0.299776] (-) TimerEvent: {}
[0.400000] (-) TimerEvent: {}
[0.500260] (-) TimerEvent: {}
[0.600488] (-) TimerEvent: {}
[0.700705] (-) TimerEvent: {}
[0.737859] (turtlebot_rl) Command: {'cmd': ['/usr/bin/python3', '-W', 'ignore:setup.py install is deprecated', '-W', 'ignore:easy_install command is deprecated', 'setup.py', 'egg_info', '--egg-base', 'build/turtlebot_rl', 'build', '--build-base', '/home/GTL/aghitu/CS8813/tdmpc/turtlebot_rl/build/turtlebot_rl/build', 'install', '--record', '/home/GTL/aghitu/CS8813/tdmpc/turtlebot_rl/build/turtlebot_rl/install.log', '--single-version-externally-managed', 'install_data'], 'cwd': '/home/GTL/aghitu/CS8813/tdmpc/turtlebot_rl', 'env': {'CONDA_PROMPT_MODIFIER': '(tdmpc2_312)', 'GZ_SIM_RESOURCE_PATH': '/opt/ros/kilted/share', 'USER': 'aghitu', 'GZ_CONFIG_PATH': '/opt/ros/kilted/opt/gz_sim_vendor/share/gz:/opt/ros/kilted/opt/sdformat_vendor/share/gz:/opt/ros/kilted/opt/gz_gui_vendor/share/gz:/opt/ros/kilted/opt/gz_transport_vendor/share/gz:/opt/ros/kilted/opt/gz_rendering_vendor/share/gz:/opt/ros/kilted/opt/gz_plugin_vendor/share/gz:/opt/ros/kilted/opt/gz_fuel_tools_vendor/share/gz:/opt/ros/kilted/opt/gz_msgs_vendor/share/gz:/opt/ros/kilted/opt/gz_common_vendor/share/gz', 'XDG_SESSION_TYPE': 'x11', 'CLUTTER_DISABLE_MIPMAPPED_TEXT': '1', 'SHLVL': '1', 'LD_LIBRARY_PATH': '/opt/ros/kilted/opt/zenoh_cpp_vendor/lib:/opt/ros/kilted/opt/gz_sim_vendor/lib:/opt/ros/kilted/opt/gz_sensors_vendor/lib:/opt/ros/kilted/opt/gz_physics_vendor/lib:/opt/ros/kilted/opt/sdformat_vendor/lib:/opt/ros/kilted/opt/gz_gui_vendor/lib:/opt/ros/kilted/opt/gz_transport_vendor/lib:/opt/ros/kilted/opt/gz_rendering_vendor/lib:/opt/ros/kilted/opt/gz_plugin_vendor/lib:/opt/ros/kilted/opt/gz_fuel_tools_vendor/lib:/opt/ros/kilted/opt/gz_msgs_vendor/lib:/opt/ros/kilted/opt/gz_common_vendor/lib:/opt/ros/kilted/opt/gz_math_vendor/lib:/opt/ros/kilted/opt/gz_utils_vendor/lib:/opt/ros/kilted/opt/rviz_ogre_vendor/lib:/opt/ros/kilted/lib/x86_64-linux-gnu:/opt/ros/kilted/opt/gz_tools_vendor/lib:/opt/ros/kilted/opt/gz_ogre_next_vendor/lib:/opt/ros/kilted/opt/gz_dartsim_vendor/lib:/opt/ros/kilted/opt/gz_cmake_vendor/lib:/opt/ros/kilted/lib', 'HOME': '/home/GTL/aghitu', 'CONDA_SHLVL': '5', 'CYCLONEDDS_URI': '/cs-share/pradalier/gtlpc_cyclonedds.xml', 'OLDPWD': '/home/GTL/aghitu/CS8813/tdmpc/turtlebot_rl', 'DESKTOP_SESSION': 'ubuntu', 'ROS_PYTHON_VERSION': '3', 'GNOME_SHELL_SESSION_MODE': 'ubuntu', 'GTK_MODULES': 'gail:atk-bridge', 'SYSTEMD_EXEC_PID': '3356', 'GSM_SKIP_SSH_AGENT_WORKAROUND': 'true', 'DBUS_SESSION_BUS_ADDRESS': 'unix:path=/run/user/37714/bus', 'COLORTERM': 'truecolor', '_CE_M': '', '_CONDA_ROOT': '/cs-share/pradalier/miniforge3', '_colcon_cd_root': '/opt/ros/kilted/', 'DEBUGINFOD_URLS': 'https://debuginfod.ubuntu.com', 'COLCON_PREFIX_PATH': '/home/GTL/aghitu/CS8813/tdmpc/turtlebot_rl/install', 'ROS_DISTRO': 'kilted', 'LOGNAME': 'aghitu', '_': '/usr/bin/colcon', 'ROS_VERSION': '2', 'MEMORY_PRESSURE_WATCH': '/sys/fs/cgroup/user.slice/user-37714.slice/user@37714.service/session.slice/org.gnome.Shell@x11.service/memory.pressure', 'XDG_SESSION_CLASS': 'user', 'USERNAME': 'aghitu', 'TERM': 'xterm-256color', 'COPPELIASIM_ROOT_DIR': '/cs-share/pradalier/CoppeliaSim', 'GNOME_DESKTOP_SESSION_ID': 'this-is-deprecated', '_CE_CONDA': '', 'WINDOWPATH': '2', 'PATH': '/home/GTL/aghitu/.conda/envs/tdmpc2_312/bin:/cs-share/pradalier/miniforge3/condabin:/opt/ros/kilted/opt/gz_msgs_vendor/bin:/opt/ros/kilted/opt/gz_tools_vendor/bin:/opt/ros/kilted/opt/gz_ogre_next_vendor/bin:/opt/ros/kilted/bin:/usr/local/sbin:/usr/local/bin:/usr/sbin:/usr/bin:/sbin:/bin:/usr/games:/usr/local/games:/snap/bin:/snap/bin', 'SESSION_MANAGER': 'local/gtlpc117.georgiatech-metz.fr:@/tmp/.ICE-unix/3322,unix/gtlpc117.georgiatech-metz.fr:/tmp/.ICE-unix/3322', 'XDG_MENU_PREFIX': 'gnome-', 'GNOME_TERMINAL_SCREEN': '/org/gnome/Terminal/screen/02b4a7a2_1274_4f2a_b382_252dfd636817', 'ZENOH_CONFIG_OVERRIDE': 'mode="client";connect/endpoints=["tcp/turtlebot11:7447"]', 'XDG_RUNTIME_DIR': '/run/user/37714', 'DISPLAY': ':1', 'LANG': 'en_US.UTF-8', 'XDG_CURRENT_DESKTOP': 'ubuntu:GNOME', 'CONDA_PREFIX_1': '/cs-share/pradalier/miniforge3', 'RMW_IMPLEMENTATION': 'rmw_zenoh_cpp', 'XMODIFIERS': '@im=ibus', 'XDG_SESSION_DESKTOP': 'ubuntu', 'XAUTHORITY': '/run/user/37714/gdm/Xauthority', 'GNOME_TERMINAL_SERVICE': ':1.99', 'CONDA_PREFIX_2': '/home/GTL/aghitu/.conda/envs/tdmpc2', 'SSH_AUTH_SOCK': '/run/user/37714/keyring/ssh', 'ROS_DOMAIN_ID': '11', 'AMENT_PREFIX_PATH': '/home/GTL/aghitu/CS8813/tdmpc/turtlebot_rl/install/turtlebot_rl:/opt/ros/kilted', 'CONDA_PYTHON_EXE': '/cs-share/pradalier/miniforge3/bin/python', 'CONDA_PREFIX_3': '/home/GTL/aghitu/.conda/envs/tdmpc2_312', 'SHELL': '/bin/bash', 'KRB5CCNAME': 'FILE:/tmp/krb5cc_37714', 'CONDA_PREFIX_4': '/home/GTL/aghitu/.conda/envs/tdmpc2', 'QT_ACCESSIBILITY': '1', 'GDMSESSION': 'ubuntu', 'CONDA_DEFAULT_ENV': 'tdmpc2_312', 'GPG_AGENT_INFO': '/run/user/37714/gnupg/S.gpg-agent:0:1', '_CONDA_EXE': '/cs-share/pradalier/miniforge3/bin/conda', 'ROS_AUTOMATIC_DISCOVERY_RANGE': 'SUBNET', 'QT_IM_MODULE': 'ibus', 'PWD': '/home/GTL/aghitu/CS8813/tdmpc/turtlebot_rl/build/turtlebot_rl', 'XDG_CONFIG_DIRS': '/etc/xdg/xdg-ubuntu:/etc/xdg', 'CONDA_EXE': '/cs-share/pradalier/miniforge3/bin/conda', 'XDG_DATA_DIRS': '/usr/share/ubuntu:/usr/share/gnome:/usr/local/share/:/usr/share/:/var/lib/snapd/desktop', 'PYTHONPATH': '/home/GTL/aghitu/CS8813/tdmpc/turtlebot_rl/build/turtlebot_rl/prefix_override:/usr/lib/python3/dist-packages/colcon_core/task/python/colcon_distutils_commands:/home/GTL/aghitu/CS8813/tdmpc/turtlebot_rl/install/turtlebot_rl/lib/python3.12/site-packages:/home/GTL/aghitu/CS8813/tdmpc/turtlebot_rl/install/turtlebot_rl/lib/python3.12/site-packages:/opt/ros/kilted/lib/python3.12/site-packages', 'CONDA_PREFIX': '/home/GTL/aghitu/.conda/envs/tdmpc2_312', 'COLCON': '1', 'MEMORY_PRESSURE_WRITE': 'c29tZSAyMDAwMDAgMjAwMDAwMAA=', 'VTE_VERSION': '7600', 'CMAKE_PREFIX_PATH': '/opt/ros/kilted/opt/gz_sim_vendor:/opt/ros/kilted/opt/gz_sensors_vendor:/opt/ros/kilted/opt/gz_physics_vendor:/opt/ros/kilted/opt/sdformat_vendor:/opt/ros/kilted/opt/gz_gui_vendor:/opt/ros/kilted/opt/gz_transport_vendor:/opt/ros/kilted/opt/gz_rendering_vendor:/opt/ros/kilted/opt/gz_plugin_vendor:/opt/ros/kilted/opt/gz_fuel_tools_vendor:/opt/ros/kilted/opt/gz_msgs_vendor:/opt/ros/kilted/opt/gz_common_vendor:/opt/ros/kilted/opt/gz_math_vendor:/opt/ros/kilted/opt/gz_utils_vendor:/opt/ros/kilted/opt/gz_tools_vendor:/opt/ros/kilted/opt/gz_ogre_next_vendor:/opt/ros/kilted/opt/gz_dartsim_vendor:/opt/ros/kilted/opt/gz_cmake_vendor'}, 'shell': False}
[0.800821] (-) TimerEvent: {}
[0.901045] (-) TimerEvent: {}
[0.982808] (turtlebot_rl) StdoutLine: {'line': b'running egg_info\n'}
[1.001073] (-) TimerEvent: {}
[1.003635] (turtlebot_rl) StdoutLine: {'line': b'writing build/turtlebot_rl/turtlebot_rl.egg-info/PKG-INFO\n'}
[1.005343] (turtlebot_rl) StdoutLine: {'line': b'writing dependency_links to build/turtlebot_rl/turtlebot_rl.egg-info/dependency_links.txt\n'}
[1.006399] (turtlebot_rl) StdoutLine: {'line': b'writing entry points to build/turtlebot_rl/turtlebot_rl.egg-info/entry_points.txt\n'}
[1.007476] (turtlebot_rl) StdoutLine: {'line': b'writing requirements to build/turtlebot_rl/turtlebot_rl.egg-info/requires.txt\n'}
[1.008633] (turtlebot_rl) StdoutLine: {'line': b'writing top-level names to build/turtlebot_rl/turtlebot_rl.egg-info/top_level.txt\n'}
[1.082998] (turtlebot_rl) StdoutLine: {'line': b"reading manifest file 'build/turtlebot_rl/turtlebot_rl.egg-info/SOURCES.txt'\n"}
[1.085956] (turtlebot_rl) StdoutLine: {'line': b"writing manifest file 'build/turtlebot_rl/turtlebot_rl.egg-info/SOURCES.txt'\n"}
[1.087202] (turtlebot_rl) StdoutLine: {'line': b'running build\n'}
[1.087624] (turtlebot_rl) StdoutLine: {'line': b'running build_py\n'}
[1.101137] (-) TimerEvent: {}
[1.103716] (turtlebot_rl) StdoutLine: {'line': b'creating /home/GTL/aghitu/CS8813/tdmpc/turtlebot_rl/build/turtlebot_rl/build/lib/turtlebot_rl/tdmpc_utils/assets\n'}
[1.105021] (turtlebot_rl) StdoutLine: {'line': b'copying turtlebot_rl/tdmpc_utils/assets/3.gif -> /home/GTL/aghitu/CS8813/tdmpc/turtlebot_rl/build/turtlebot_rl/build/lib/turtlebot_rl/tdmpc_utils/assets\n'}
[1.112127] (turtlebot_rl) StdoutLine: {'line': b'copying turtlebot_rl/tdmpc_utils/assets/4.gif -> /home/GTL/aghitu/CS8813/tdmpc/turtlebot_rl/build/turtlebot_rl/build/lib/turtlebot_rl/tdmpc_utils/assets\n'}
[1.118797] (turtlebot_rl) StdoutLine: {'line': b'copying turtlebot_rl/tdmpc_utils/assets/7.gif -> /home/GTL/aghitu/CS8813/tdmpc/turtlebot_rl/build/turtlebot_rl/build/lib/turtlebot_rl/tdmpc_utils/assets\n'}
[1.130938] (turtlebot_rl) StdoutLine: {'line': b'copying turtlebot_rl/tdmpc_utils/assets/8.png -> /home/GTL/aghitu/CS8813/tdmpc/turtlebot_rl/build/turtlebot_rl/build/lib/turtlebot_rl/tdmpc_utils/assets\n'}
[1.143953] (turtlebot_rl) StdoutLine: {'line': b'copying turtlebot_rl/tdmpc_utils/assets/2.gif -> /home/GTL/aghitu/CS8813/tdmpc/turtlebot_rl/build/turtlebot_rl/build/lib/turtlebot_rl/tdmpc_utils/assets\n'}
[1.151137] (turtlebot_rl) StdoutLine: {'line': b'copying turtlebot_rl/tdmpc_utils/assets/1.gif -> /home/GTL/aghitu/CS8813/tdmpc/turtlebot_rl/build/turtlebot_rl/build/lib/turtlebot_rl/tdmpc_utils/assets\n'}
[1.161554] (turtlebot_rl) StdoutLine: {'line': b'copying turtlebot_rl/tdmpc_utils/assets/5.gif -> /home/GTL/aghitu/CS8813/tdmpc/turtlebot_rl/build/turtlebot_rl/build/lib/turtlebot_rl/tdmpc_utils/assets\n'}
[1.166134] (turtlebot_rl) StdoutLine: {'line': b'copying turtlebot_rl/tdmpc_utils/assets/6.gif -> /home/GTL/aghitu/CS8813/tdmpc/turtlebot_rl/build/turtlebot_rl/build/lib/turtlebot_rl/tdmpc_utils/assets\n'}
[1.179159] (turtlebot_rl) StdoutLine: {'line': b'copying turtlebot_rl/tdmpc_utils/assets/0.gif -> /home/GTL/aghitu/CS8813/tdmpc/turtlebot_rl/build/turtlebot_rl/build/lib/turtlebot_rl/tdmpc_utils/assets\n'}
[1.191090] (turtlebot_rl) StdoutLine: {'line': b'creating /home/GTL/aghitu/CS8813/tdmpc/turtlebot_rl/build/turtlebot_rl/build/lib/turtlebot_rl/tdmpc_utils/assets/kobuki_tb2\n'}
[1.192166] (turtlebot_rl) StdoutLine: {'line': b'copying turtlebot_rl/tdmpc_utils/assets/kobuki_tb2/turtlebot2_kobuki.xml -> /home/GTL/aghitu/CS8813/tdmpc/turtlebot_rl/build/turtlebot_rl/build/lib/turtlebot_rl/tdmpc_utils/assets/kobuki_tb2\n'}
[1.194511] (turtlebot_rl) StdoutLine: {'line': b'copying turtlebot_rl/tdmpc_utils/assets/kobuki_tb2/kobuki.urdf -> /home/GTL/aghitu/CS8813/tdmpc/turtlebot_rl/build/turtlebot_rl/build/lib/turtlebot_rl/tdmpc_utils/assets/kobuki_tb2\n'}
[1.196869] (turtlebot_rl) StdoutLine: {'line': b'copying turtlebot_rl/tdmpc_utils/assets/kobuki_tb2/scene.xml -> /home/GTL/aghitu/CS8813/tdmpc/turtlebot_rl/build/turtlebot_rl/build/lib/turtlebot_rl/tdmpc_utils/assets/kobuki_tb2\n'}
[1.198944] (turtlebot_rl) StdoutLine: {'line': b'creating /home/GTL/aghitu/CS8813/tdmpc/turtlebot_rl/build/turtlebot_rl/build/lib/turtlebot_rl/tdmpc_utils/assets/kobuki_tb2/urdf\n'}
[1.199820] (turtlebot_rl) StdoutLine: {'line': b'copying turtlebot_rl/tdmpc_utils/assets/kobuki_tb2/urdf/kobuki_gazebo.urdf.xacro -> /home/GTL/aghitu/CS8813/tdmpc/turtlebot_rl/build/turtlebot_rl/build/lib/turtlebot_rl/tdmpc_utils/assets/kobuki_tb2/urdf\n'}
[1.201198] (-) TimerEvent: {}
[1.202813] (turtlebot_rl) StdoutLine: {'line': b'copying turtlebot_rl/tdmpc_utils/assets/kobuki_tb2/urdf/kobuki_standalone.urdf.xacro -> /home/GTL/aghitu/CS8813/tdmpc/turtlebot_rl/build/turtlebot_rl/build/lib/turtlebot_rl/tdmpc_utils/assets/kobuki_tb2/urdf\n'}
[1.204988] (turtlebot_rl) StdoutLine: {'line': b'copying turtlebot_rl/tdmpc_utils/assets/kobuki_tb2/urdf/common_properties.urdf.xacro -> /home/GTL/aghitu/CS8813/tdmpc/turtlebot_rl/build/turtlebot_rl/build/lib/turtlebot_rl/tdmpc_utils/assets/kobuki_tb2/urdf\n'}
[1.207192] (turtlebot_rl) StdoutLine: {'line': b'copying turtlebot_rl/tdmpc_utils/assets/kobuki_tb2/urdf/kobuki.urdf.xacro -> /home/GTL/aghitu/CS8813/tdmpc/turtlebot_rl/build/turtlebot_rl/build/lib/turtlebot_rl/tdmpc_utils/assets/kobuki_tb2/urdf\n'}
[1.209603] (turtlebot_rl) StdoutLine: {'line': b'creating /home/GTL/aghitu/CS8813/tdmpc/turtlebot_rl/build/turtlebot_rl/build/lib/turtlebot_rl/tdmpc_utils/assets/kobuki_tb2/assets\n'}
[1.210674] (turtlebot_rl) StdoutLine: {'line': b'copying turtlebot_rl/tdmpc_utils/assets/kobuki_tb2/assets/right_tire.stl -> /home/GTL/aghitu/CS8813/tdmpc/turtlebot_rl/build/turtlebot_rl/build/lib/turtlebot_rl/tdmpc_utils/assets/kobuki_tb2/assets\n'}
[1.224020] (turtlebot_rl) StdoutLine: {'line': b'copying turtlebot_rl/tdmpc_utils/assets/kobuki_tb2/assets/lds.stl -> /home/GTL/aghitu/CS8813/tdmpc/turtlebot_rl/build/turtlebot_rl/build/lib/turtlebot_rl/tdmpc_utils/assets/kobuki_tb2/assets\n'}
[1.234358] (turtlebot_rl) StdoutLine: {'line': b'copying turtlebot_rl/tdmpc_utils/assets/kobuki_tb2/assets/waffle_base.stl -> /home/GTL/aghitu/CS8813/tdmpc/turtlebot_rl/build/turtlebot_rl/build/lib/turtlebot_rl/tdmpc_utils/assets/kobuki_tb2/assets\n'}
[1.301329] (-) TimerEvent: {}
[1.378208] (turtlebot_rl) StdoutLine: {'line': b'copying turtlebot_rl/tdmpc_utils/assets/kobuki_tb2/assets/burger_base.stl -> /home/GTL/aghitu/CS8813/tdmpc/turtlebot_rl/build/turtlebot_rl/build/lib/turtlebot_rl/tdmpc_utils/assets/kobuki_tb2/assets\n'}
[1.401453] (-) TimerEvent: {}
[1.424466] (turtlebot_rl) StdoutLine: {'line': b'copying turtlebot_rl/tdmpc_utils/assets/kobuki_tb2/assets/left_tire.stl -> /home/GTL/aghitu/CS8813/tdmpc/turtlebot_rl/build/turtlebot_rl/build/lib/turtlebot_rl/tdmpc_utils/assets/kobuki_tb2/assets\n'}
[1.437976] (turtlebot_rl) StdoutLine: {'line': b'copying turtlebot_rl/tdmpc_utils/assets/kobuki_tb2/assets/waffle_pi_base.stl -> /home/GTL/aghitu/CS8813/tdmpc/turtlebot_rl/build/turtlebot_rl/build/lib/turtlebot_rl/tdmpc_utils/assets/kobuki_tb2/assets\n'}
[1.501582] (-) TimerEvent: {}
[1.510402] (turtlebot_rl) StdoutLine: {'line': b'creating /home/GTL/aghitu/CS8813/tdmpc/turtlebot_rl/build/turtlebot_rl/build/lib/turtlebot_rl/tdmpc_utils/assets/robotis_tb3\n'}
[1.511521] (turtlebot_rl) StdoutLine: {'line': b'copying turtlebot_rl/tdmpc_utils/assets/robotis_tb3/scene_turtlebot3_burger.xml -> /home/GTL/aghitu/CS8813/tdmpc/turtlebot_rl/build/turtlebot_rl/build/lib/turtlebot_rl/tdmpc_utils/assets/robotis_tb3\n'}
[1.513927] (turtlebot_rl) StdoutLine: {'line': b'copying turtlebot_rl/tdmpc_utils/assets/robotis_tb3/LICENSE -> /home/GTL/aghitu/CS8813/tdmpc/turtlebot_rl/build/turtlebot_rl/build/lib/turtlebot_rl/tdmpc_utils/assets/robotis_tb3\n'}
[1.516689] (turtlebot_rl) StdoutLine: {'line': b'copying turtlebot_rl/tdmpc_utils/assets/robotis_tb3/scene.xml -> /home/GTL/aghitu/CS8813/tdmpc/turtlebot_rl/build/turtlebot_rl/build/lib/turtlebot_rl/tdmpc_utils/assets/robotis_tb3\n'}
[1.519159] (turtlebot_rl) StdoutLine: {'line': b'copying turtlebot_rl/tdmpc_utils/assets/robotis_tb3/turtlebot3_burger.xml -> /home/GTL/aghitu/CS8813/tdmpc/turtlebot_rl/build/turtlebot_rl/build/lib/turtlebot_rl/tdmpc_utils/assets/robotis_tb3\n'}
[1.521430] (turtlebot_rl) StdoutLine: {'line': b'copying turtlebot_rl/tdmpc_utils/assets/robotis_tb3/turtlebot3_waffle_pi.xml -> /home/GTL/aghitu/CS8813/tdmpc/turtlebot_rl/build/turtlebot_rl/build/lib/turtlebot_rl/tdmpc_utils/assets/robotis_tb3\n'}
[1.523729] (turtlebot_rl) StdoutLine: {'line': b'copying turtlebot_rl/tdmpc_utils/assets/robotis_tb3/scene_turtlebot3_waffle_pi.xml -> /home/GTL/aghitu/CS8813/tdmpc/turtlebot_rl/build/turtlebot_rl/build/lib/turtlebot_rl/tdmpc_utils/assets/robotis_tb3\n'}
[1.525930] (turtlebot_rl) StdoutLine: {'line': b'copying turtlebot_rl/tdmpc_utils/assets/robotis_tb3/tb3_waffle_pi.png -> /home/GTL/aghitu/CS8813/tdmpc/turtlebot_rl/build/turtlebot_rl/build/lib/turtlebot_rl/tdmpc_utils/assets/robotis_tb3\n'}
[1.531101] (turtlebot_rl) StdoutLine: {'line': b'copying turtlebot_rl/tdmpc_utils/assets/robotis_tb3/tb3_burger.png -> /home/GTL/aghitu/CS8813/tdmpc/turtlebot_rl/build/turtlebot_rl/build/lib/turtlebot_rl/tdmpc_utils/assets/robotis_tb3\n'}
[1.535278] (turtlebot_rl) StdoutLine: {'line': b'creating /home/GTL/aghitu/CS8813/tdmpc/turtlebot_rl/build/turtlebot_rl/build/lib/turtlebot_rl/tdmpc_utils/assets/robotis_tb3/assets\n'}
[1.536341] (turtlebot_rl) StdoutLine: {'line': b'copying turtlebot_rl/tdmpc_utils/assets/robotis_tb3/assets/right_tire.stl -> /home/GTL/aghitu/CS8813/tdmpc/turtlebot_rl/build/turtlebot_rl/build/lib/turtlebot_rl/tdmpc_utils/assets/robotis_tb3/assets\n'}
[1.550146] (turtlebot_rl) StdoutLine: {'line': b'copying turtlebot_rl/tdmpc_utils/assets/robotis_tb3/assets/lds.stl -> /home/GTL/aghitu/CS8813/tdmpc/turtlebot_rl/build/turtlebot_rl/build/lib/turtlebot_rl/tdmpc_utils/assets/robotis_tb3/assets\n'}
[1.560026] (turtlebot_rl) StdoutLine: {'line': b'copying turtlebot_rl/tdmpc_utils/assets/robotis_tb3/assets/waffle_base.stl -> /home/GTL/aghitu/CS8813/tdmpc/turtlebot_rl/build/turtlebot_rl/build/lib/turtlebot_rl/tdmpc_utils/assets/robotis_tb3/assets\n'}
[1.601705] (-) TimerEvent: {}
[1.701942] (-) TimerEvent: {}
[1.703834] (turtlebot_rl) StdoutLine: {'line': b'copying turtlebot_rl/tdmpc_utils/assets/robotis_tb3/assets/burger_base.stl -> /home/GTL/aghitu/CS8813/tdmpc/turtlebot_rl/build/turtlebot_rl/build/lib/turtlebot_rl/tdmpc_utils/assets/robotis_tb3/assets\n'}
[1.750271] (turtlebot_rl) StdoutLine: {'line': b'copying turtlebot_rl/tdmpc_utils/assets/robotis_tb3/assets/left_tire.stl -> /home/GTL/aghitu/CS8813/tdmpc/turtlebot_rl/build/turtlebot_rl/build/lib/turtlebot_rl/tdmpc_utils/assets/robotis_tb3/assets\n'}
[1.763619] (turtlebot_rl) StdoutLine: {'line': b'copying turtlebot_rl/tdmpc_utils/assets/robotis_tb3/assets/waffle_pi_base.stl -> /home/GTL/aghitu/CS8813/tdmpc/turtlebot_rl/build/turtlebot_rl/build/lib/turtlebot_rl/tdmpc_utils/assets/robotis_tb3/assets\n'}
[1.802079] (-) TimerEvent: {}
[1.840935] (turtlebot_rl) StdoutLine: {'line': b'creating /home/GTL/aghitu/CS8813/tdmpc/turtlebot_rl/build/turtlebot_rl/build/lib/turtlebot_rl/tdmpc_utils/envs/wrappers/__pycache__\n'}
[1.842043] (turtlebot_rl) StdoutLine: {'line': b'copying turtlebot_rl/tdmpc_utils/envs/wrappers/__pycache__/tensor.cpython-312.pyc -> /home/GTL/aghitu/CS8813/tdmpc/turtlebot_rl/build/turtlebot_rl/build/lib/turtlebot_rl/tdmpc_utils/envs/wrappers/__pycache__\n'}
[1.844459] (turtlebot_rl) StdoutLine: {'line': b'copying turtlebot_rl/tdmpc_utils/envs/wrappers/__pycache__/__init__.cpython-39.pyc -> /home/GTL/aghitu/CS8813/tdmpc/turtlebot_rl/build/turtlebot_rl/build/lib/turtlebot_rl/tdmpc_utils/envs/wrappers/__pycache__\n'}
[1.846675] (turtlebot_rl) StdoutLine: {'line': b'copying turtlebot_rl/tdmpc_utils/envs/wrappers/__pycache__/multitask.cpython-39.pyc -> /home/GTL/aghitu/CS8813/tdmpc/turtlebot_rl/build/turtlebot_rl/build/lib/turtlebot_rl/tdmpc_utils/envs/wrappers/__pycache__\n'}
[1.848998] (turtlebot_rl) StdoutLine: {'line': b'copying turtlebot_rl/tdmpc_utils/envs/wrappers/__pycache__/tensor.cpython-39.pyc -> /home/GTL/aghitu/CS8813/tdmpc/turtlebot_rl/build/turtlebot_rl/build/lib/turtlebot_rl/tdmpc_utils/envs/wrappers/__pycache__\n'}
[1.851158] (turtlebot_rl) StdoutLine: {'line': b'copying turtlebot_rl/tdmpc_utils/envs/wrappers/__pycache__/timeout.cpython-39.pyc -> /home/GTL/aghitu/CS8813/tdmpc/turtlebot_rl/build/turtlebot_rl/build/lib/turtlebot_rl/tdmpc_utils/envs/wrappers/__pycache__\n'}
[1.853373] (turtlebot_rl) StdoutLine: {'line': b'copying turtlebot_rl/tdmpc_utils/envs/wrappers/__pycache__/timeout.cpython-312.pyc -> /home/GTL/aghitu/CS8813/tdmpc/turtlebot_rl/build/turtlebot_rl/build/lib/turtlebot_rl/tdmpc_utils/envs/wrappers/__pycache__\n'}
[1.855271] (turtlebot_rl) StdoutLine: {'line': b'copying turtlebot_rl/tdmpc_utils/envs/wrappers/__pycache__/multitask.cpython-312.pyc -> /home/GTL/aghitu/CS8813/tdmpc/turtlebot_rl/build/turtlebot_rl/build/lib/turtlebot_rl/tdmpc_utils/envs/wrappers/__pycache__\n'}
[1.857137] (turtlebot_rl) StdoutLine: {'line': b'copying turtlebot_rl/tdmpc_utils/envs/wrappers/__pycache__/__init__.cpython-312.pyc -> /home/GTL/aghitu/CS8813/tdmpc/turtlebot_rl/build/turtlebot_rl/build/lib/turtlebot_rl/tdmpc_utils/envs/wrappers/__pycache__\n'}
[1.859495] (turtlebot_rl) StdoutLine: {'line': b'creating /home/GTL/aghitu/CS8813/tdmpc/turtlebot_rl/build/turtlebot_rl/build/lib/turtlebot_rl/tdmpc_utils/envs/log\n'}
[1.860554] (turtlebot_rl) StdoutLine: {'line': b'copying turtlebot_rl/tdmpc_utils/envs/log/COLCON_IGNORE -> /home/GTL/aghitu/CS8813/tdmpc/turtlebot_rl/build/turtlebot_rl/build/lib/turtlebot_rl/tdmpc_utils/envs/log\n'}
[1.862525] (turtlebot_rl) StdoutLine: {'line': b'creating /home/GTL/aghitu/CS8813/tdmpc/turtlebot_rl/build/turtlebot_rl/build/lib/turtlebot_rl/tdmpc_utils/envs/log/latest\n'}
[1.863752] (turtlebot_rl) StdoutLine: {'line': b'copying turtlebot_rl/tdmpc_utils/envs/log/latest/logger_all.log -> /home/GTL/aghitu/CS8813/tdmpc/turtlebot_rl/build/turtlebot_rl/build/lib/turtlebot_rl/tdmpc_utils/envs/log/latest\n'}
[1.866788] (turtlebot_rl) StdoutLine: {'line': b'copying turtlebot_rl/tdmpc_utils/envs/log/latest/events.log -> /home/GTL/aghitu/CS8813/tdmpc/turtlebot_rl/build/turtlebot_rl/build/lib/turtlebot_rl/tdmpc_utils/envs/log/latest\n'}
[1.868867] (turtlebot_rl) StdoutLine: {'line': b'creating /home/GTL/aghitu/CS8813/tdmpc/turtlebot_rl/build/turtlebot_rl/build/lib/turtlebot_rl/tdmpc_utils/envs/log/latest_build\n'}
[1.869791] (turtlebot_rl) StdoutLine: {'line': b'copying turtlebot_rl/tdmpc_utils/envs/log/latest_build/logger_all.log -> /home/GTL/aghitu/CS8813/tdmpc/turtlebot_rl/build/turtlebot_rl/build/lib/turtlebot_rl/tdmpc_utils/envs/log/latest_build\n'}
[1.872324] (turtlebot_rl) StdoutLine: {'line': b'copying turtlebot_rl/tdmpc_utils/envs/log/latest_build/events.log -> /home/GTL/aghitu/CS8813/tdmpc/turtlebot_rl/build/turtlebot_rl/build/lib/turtlebot_rl/tdmpc_utils/envs/log/latest_build\n'}
[1.874456] (turtlebot_rl) StdoutLine: {'line': b'creating /home/GTL/aghitu/CS8813/tdmpc/turtlebot_rl/build/turtlebot_rl/build/lib/turtlebot_rl/tdmpc_utils/envs/log/build_2026-03-26_20-07-20\n'}
[1.875442] (turtlebot_rl) StdoutLine: {'line': b'copying turtlebot_rl/tdmpc_utils/envs/log/build_2026-03-26_20-07-20/logger_all.log -> /home/GTL/aghitu/CS8813/tdmpc/turtlebot_rl/build/turtlebot_rl/build/lib/turtlebot_rl/tdmpc_utils/envs/log/build_2026-03-26_20-07-20\n'}
[1.878133] (turtlebot_rl) StdoutLine: {'line': b'copying turtlebot_rl/tdmpc_utils/envs/log/build_2026-03-26_20-07-20/events.log -> /home/GTL/aghitu/CS8813/tdmpc/turtlebot_rl/build/turtlebot_rl/build/lib/turtlebot_rl/tdmpc_utils/envs/log/build_2026-03-26_20-07-20\n'}
[1.880294] (turtlebot_rl) StdoutLine: {'line': b'copying turtlebot_rl/tdmpc_utils/envs/install/local_setup.bash -> /home/GTL/aghitu/CS8813/tdmpc/turtlebot_rl/build/turtlebot_rl/build/lib/turtlebot_rl/tdmpc_utils/envs/install\n'}
[1.882478] (turtlebot_rl) StdoutLine: {'line': b'copying turtlebot_rl/tdmpc_utils/envs/install/COLCON_IGNORE -> /home/GTL/aghitu/CS8813/tdmpc/turtlebot_rl/build/turtlebot_rl/build/lib/turtlebot_rl/tdmpc_utils/envs/install\n'}
[1.884282] (turtlebot_rl) StdoutLine: {'line': b'copying turtlebot_rl/tdmpc_utils/envs/install/setup.zsh -> /home/GTL/aghitu/CS8813/tdmpc/turtlebot_rl/build/turtlebot_rl/build/lib/turtlebot_rl/tdmpc_utils/envs/install\n'}
[1.886688] (turtlebot_rl) StdoutLine: {'line': b'copying turtlebot_rl/tdmpc_utils/envs/install/local_setup.sh -> /home/GTL/aghitu/CS8813/tdmpc/turtlebot_rl/build/turtlebot_rl/build/lib/turtlebot_rl/tdmpc_utils/envs/install\n'}
[1.889377] (turtlebot_rl) StdoutLine: {'line': b'copying turtlebot_rl/tdmpc_utils/envs/install/setup.bash -> /home/GTL/aghitu/CS8813/tdmpc/turtlebot_rl/build/turtlebot_rl/build/lib/turtlebot_rl/tdmpc_utils/envs/install\n'}
[1.891617] (turtlebot_rl) StdoutLine: {'line': b'copying turtlebot_rl/tdmpc_utils/envs/install/setup.ps1 -> /home/GTL/aghitu/CS8813/tdmpc/turtlebot_rl/build/turtlebot_rl/build/lib/turtlebot_rl/tdmpc_utils/envs/install\n'}
[1.894093] (turtlebot_rl) StdoutLine: {'line': b'copying turtlebot_rl/tdmpc_utils/envs/install/local_setup.ps1 -> /home/GTL/aghitu/CS8813/tdmpc/turtlebot_rl/build/turtlebot_rl/build/lib/turtlebot_rl/tdmpc_utils/envs/install\n'}
[1.896636] (turtlebot_rl) StdoutLine: {'line': b'copying turtlebot_rl/tdmpc_utils/envs/install/setup.sh -> /home/GTL/aghitu/CS8813/tdmpc/turtlebot_rl/build/turtlebot_rl/build/lib/turtlebot_rl/tdmpc_utils/envs/install\n'}
[1.898936] (turtlebot_rl) StdoutLine: {'line': b'copying turtlebot_rl/tdmpc_utils/envs/install/local_setup.zsh -> /home/GTL/aghitu/CS8813/tdmpc/turtlebot_rl/build/turtlebot_rl/build/lib/turtlebot_rl/tdmpc_utils/envs/install\n'}
[1.901249] (turtlebot_rl) StdoutLine: {'line': b'copying turtlebot_rl/tdmpc_utils/envs/tasks/ball_in_cup.xml -> /home/GTL/aghitu/CS8813/tdmpc/turtlebot_rl/build/turtlebot_rl/build/lib/turtlebot_rl/tdmpc_utils/envs/tasks\n'}
[1.902131] (-) TimerEvent: {}
[1.903742] (turtlebot_rl) StdoutLine: {'line': b'copying turtlebot_rl/tdmpc_utils/envs/tasks/fish.xml -> /home/GTL/aghitu/CS8813/tdmpc/turtlebot_rl/build/turtlebot_rl/build/lib/turtlebot_rl/tdmpc_utils/envs/tasks\n'}
[1.906460] (turtlebot_rl) StdoutLine: {'line': b'copying turtlebot_rl/tdmpc_utils/envs/tasks/walker.xml -> /home/GTL/aghitu/CS8813/tdmpc/turtlebot_rl/build/turtlebot_rl/build/lib/turtlebot_rl/tdmpc_utils/envs/tasks\n'}
[1.909937] (turtlebot_rl) StdoutLine: {'line': b'copying turtlebot_rl/tdmpc_utils/envs/tasks/reacher_three_links.xml -> /home/GTL/aghitu/CS8813/tdmpc/turtlebot_rl/build/turtlebot_rl/build/lib/turtlebot_rl/tdmpc_utils/envs/tasks\n'}
[1.912793] (turtlebot_rl) StdoutLine: {'line': b'copying turtlebot_rl/tdmpc_utils/envs/tasks/cheetah.xml -> /home/GTL/aghitu/CS8813/tdmpc/turtlebot_rl/build/turtlebot_rl/build/lib/turtlebot_rl/tdmpc_utils/envs/tasks\n'}
[1.915371] (turtlebot_rl) StdoutLine: {'line': b'copying turtlebot_rl/tdmpc_utils/envs/tasks/hopper.xml -> /home/GTL/aghitu/CS8813/tdmpc/turtlebot_rl/build/turtlebot_rl/build/lib/turtlebot_rl/tdmpc_utils/envs/tasks\n'}
[1.917958] (turtlebot_rl) StdoutLine: {'line': b'copying turtlebot_rl/tdmpc_utils/envs/tasks/reacher_four_links.xml -> /home/GTL/aghitu/CS8813/tdmpc/turtlebot_rl/build/turtlebot_rl/build/lib/turtlebot_rl/tdmpc_utils/envs/tasks\n'}
[1.920084] (turtlebot_rl) StdoutLine: {'line': b'copying turtlebot_rl/tdmpc_utils/envs/tasks/pendulum.xml -> /home/GTL/aghitu/CS8813/tdmpc/turtlebot_rl/build/turtlebot_rl/build/lib/turtlebot_rl/tdmpc_utils/envs/tasks\n'}
[1.922490] (turtlebot_rl) StdoutLine: {'line': b'creating /home/GTL/aghitu/CS8813/tdmpc/turtlebot_rl/build/turtlebot_rl/build/lib/turtlebot_rl/tdmpc_utils/envs/tasks/__pycache__\n'}
[1.923537] (turtlebot_rl) StdoutLine: {'line': b'copying turtlebot_rl/tdmpc_utils/envs/tasks/__pycache__/cheetah.cpython-39.pyc -> /home/GTL/aghitu/CS8813/tdmpc/turtlebot_rl/build/turtlebot_rl/build/lib/turtlebot_rl/tdmpc_utils/envs/tasks/__pycache__\n'}
[1.925998] (turtlebot_rl) StdoutLine: {'line': b'copying turtlebot_rl/tdmpc_utils/envs/tasks/__pycache__/cheetah.cpython-312.pyc -> /home/GTL/aghitu/CS8813/tdmpc/turtlebot_rl/build/turtlebot_rl/build/lib/turtlebot_rl/tdmpc_utils/envs/tasks/__pycache__\n'}
[1.928607] (turtlebot_rl) StdoutLine: {'line': b'copying turtlebot_rl/tdmpc_utils/envs/tasks/__pycache__/turtlebot.cpython-39.pyc -> /home/GTL/aghitu/CS8813/tdmpc/turtlebot_rl/build/turtlebot_rl/build/lib/turtlebot_rl/tdmpc_utils/envs/tasks/__pycache__\n'}
[1.931075] (turtlebot_rl) StdoutLine: {'line': b'copying turtlebot_rl/tdmpc_utils/envs/tasks/__pycache__/ball_in_cup.cpython-39.pyc -> /home/GTL/aghitu/CS8813/tdmpc/turtlebot_rl/build/turtlebot_rl/build/lib/turtlebot_rl/tdmpc_utils/envs/tasks/__pycache__\n'}
[1.933239] (turtlebot_rl) StdoutLine: {'line': b'copying turtlebot_rl/tdmpc_utils/envs/tasks/__pycache__/__init__.cpython-39.pyc -> /home/GTL/aghitu/CS8813/tdmpc/turtlebot_rl/build/turtlebot_rl/build/lib/turtlebot_rl/tdmpc_utils/envs/tasks/__pycache__\n'}
[1.935590] (turtlebot_rl) StdoutLine: {'line': b'copying turtlebot_rl/tdmpc_utils/envs/tasks/__pycache__/walker.cpython-39.pyc -> /home/GTL/aghitu/CS8813/tdmpc/turtlebot_rl/build/turtlebot_rl/build/lib/turtlebot_rl/tdmpc_utils/envs/tasks/__pycache__\n'}
[1.937819] (turtlebot_rl) StdoutLine: {'line': b'copying turtlebot_rl/tdmpc_utils/envs/tasks/__pycache__/pendulum.cpython-39.pyc -> /home/GTL/aghitu/CS8813/tdmpc/turtlebot_rl/build/turtlebot_rl/build/lib/turtlebot_rl/tdmpc_utils/envs/tasks/__pycache__\n'}
[1.940056] (turtlebot_rl) StdoutLine: {'line': b'copying turtlebot_rl/tdmpc_utils/envs/tasks/__pycache__/hopper.cpython-39.pyc -> /home/GTL/aghitu/CS8813/tdmpc/turtlebot_rl/build/turtlebot_rl/build/lib/turtlebot_rl/tdmpc_utils/envs/tasks/__pycache__\n'}
[1.942509] (turtlebot_rl) StdoutLine: {'line': b'copying turtlebot_rl/tdmpc_utils/envs/tasks/__pycache__/fish.cpython-39.pyc -> /home/GTL/aghitu/CS8813/tdmpc/turtlebot_rl/build/turtlebot_rl/build/lib/turtlebot_rl/tdmpc_utils/envs/tasks/__pycache__\n'}
[1.944840] (turtlebot_rl) StdoutLine: {'line': b'copying turtlebot_rl/tdmpc_utils/envs/tasks/__pycache__/__init__.cpython-312.pyc -> /home/GTL/aghitu/CS8813/tdmpc/turtlebot_rl/build/turtlebot_rl/build/lib/turtlebot_rl/tdmpc_utils/envs/tasks/__pycache__\n'}
[1.947055] (turtlebot_rl) StdoutLine: {'line': b'copying turtlebot_rl/tdmpc_utils/envs/tasks/__pycache__/reacher.cpython-39.pyc -> /home/GTL/aghitu/CS8813/tdmpc/turtlebot_rl/build/turtlebot_rl/build/lib/turtlebot_rl/tdmpc_utils/envs/tasks/__pycache__\n'}
[1.949119] (turtlebot_rl) StdoutLine: {'line': b'creating /home/GTL/aghitu/CS8813/tdmpc/turtlebot_rl/build/turtlebot_rl/build/lib/turtlebot_rl/tdmpc_utils/envs/build\n'}
[1.950019] (turtlebot_rl) StdoutLine: {'line': b'copying turtlebot_rl/tdmpc_utils/envs/build/COLCON_IGNORE -> /home/GTL/aghitu/CS8813/tdmpc/turtlebot_rl/build/turtlebot_rl/build/lib/turtlebot_rl/tdmpc_utils/envs/build\n'}
[1.952062] (turtlebot_rl) StdoutLine: {'line': b'creating /home/GTL/aghitu/CS8813/tdmpc/turtlebot_rl/build/turtlebot_rl/build/lib/turtlebot_rl/tdmpc_utils/envs/__pycache__\n'}
[1.953014] (turtlebot_rl) StdoutLine: {'line': b'copying turtlebot_rl/tdmpc_utils/envs/__pycache__/tb3_ppo.cpython-39.pyc -> /home/GTL/aghitu/CS8813/tdmpc/turtlebot_rl/build/turtlebot_rl/build/lib/turtlebot_rl/tdmpc_utils/envs/__pycache__\n'}
[1.955541] (turtlebot_rl) StdoutLine: {'line': b'copying turtlebot_rl/tdmpc_utils/envs/__pycache__/mujoco.cpython-39.pyc -> /home/GTL/aghitu/CS8813/tdmpc/turtlebot_rl/build/turtlebot_rl/build/lib/turtlebot_rl/tdmpc_utils/envs/__pycache__\n'}
[1.957766] (turtlebot_rl) StdoutLine: {'line': b'copying turtlebot_rl/tdmpc_utils/envs/__pycache__/myosuite.cpython-39.pyc -> /home/GTL/aghitu/CS8813/tdmpc/turtlebot_rl/build/turtlebot_rl/build/lib/turtlebot_rl/tdmpc_utils/envs/__pycache__\n'}
[1.960053] (turtlebot_rl) StdoutLine: {'line': b'copying turtlebot_rl/tdmpc_utils/envs/__pycache__/burger.cpython-39.pyc -> /home/GTL/aghitu/CS8813/tdmpc/turtlebot_rl/build/turtlebot_rl/build/lib/turtlebot_rl/tdmpc_utils/envs/__pycache__\n'}
[1.962298] (turtlebot_rl) StdoutLine: {'line': b'copying turtlebot_rl/tdmpc_utils/envs/__pycache__/__init__.cpython-39.pyc -> /home/GTL/aghitu/CS8813/tdmpc/turtlebot_rl/build/turtlebot_rl/build/lib/turtlebot_rl/tdmpc_utils/envs/__pycache__\n'}
[1.964647] (turtlebot_rl) StdoutLine: {'line': b'copying turtlebot_rl/tdmpc_utils/envs/__pycache__/tb2_kobuki.cpython-312.pyc -> /home/GTL/aghitu/CS8813/tdmpc/turtlebot_rl/build/turtlebot_rl/build/lib/turtlebot_rl/tdmpc_utils/envs/__pycache__\n'}
[1.967023] (turtlebot_rl) StdoutLine: {'line': b'copying turtlebot_rl/tdmpc_utils/envs/__pycache__/tb3_ppo.cpython-312.pyc -> /home/GTL/aghitu/CS8813/tdmpc/turtlebot_rl/build/turtlebot_rl/build/lib/turtlebot_rl/tdmpc_utils/envs/__pycache__\n'}
[1.969207] (turtlebot_rl) StdoutLine: {'line': b'copying turtlebot_rl/tdmpc_utils/envs/__pycache__/tb3.cpython-312.pyc -> /home/GTL/aghitu/CS8813/tdmpc/turtlebot_rl/build/turtlebot_rl/build/lib/turtlebot_rl/tdmpc_utils/envs/__pycache__\n'}
[1.971543] (turtlebot_rl) StdoutLine: {'line': b'copying turtlebot_rl/tdmpc_utils/envs/__pycache__/tb3.cpython-39.pyc -> /home/GTL/aghitu/CS8813/tdmpc/turtlebot_rl/build/turtlebot_rl/build/lib/turtlebot_rl/tdmpc_utils/envs/__pycache__\n'}
[1.974020] (turtlebot_rl) StdoutLine: {'line': b'copying turtlebot_rl/tdmpc_utils/envs/__pycache__/myosuite.cpython-312.pyc -> /home/GTL/aghitu/CS8813/tdmpc/turtlebot_rl/build/turtlebot_rl/build/lib/turtlebot_rl/tdmpc_utils/envs/__pycache__\n'}
[1.976246] (turtlebot_rl) StdoutLine: {'line': b'copying turtlebot_rl/tdmpc_utils/envs/__pycache__/dmcontrol.cpython-312.pyc -> /home/GTL/aghitu/CS8813/tdmpc/turtlebot_rl/build/turtlebot_rl/build/lib/turtlebot_rl/tdmpc_utils/envs/__pycache__\n'}
[1.978355] (turtlebot_rl) StdoutLine: {'line': b'copying turtlebot_rl/tdmpc_utils/envs/__pycache__/metaworld.cpython-39.pyc -> /home/GTL/aghitu/CS8813/tdmpc/turtlebot_rl/build/turtlebot_rl/build/lib/turtlebot_rl/tdmpc_utils/envs/__pycache__\n'}
[1.980854] (turtlebot_rl) StdoutLine: {'line': b'copying turtlebot_rl/tdmpc_utils/envs/__pycache__/mujoco.cpython-312.pyc -> /home/GTL/aghitu/CS8813/tdmpc/turtlebot_rl/build/turtlebot_rl/build/lib/turtlebot_rl/tdmpc_utils/envs/__pycache__\n'}
[1.983059] (turtlebot_rl) StdoutLine: {'line': b'copying turtlebot_rl/tdmpc_utils/envs/__pycache__/maniskill.cpython-39.pyc -> /home/GTL/aghitu/CS8813/tdmpc/turtlebot_rl/build/turtlebot_rl/build/lib/turtlebot_rl/tdmpc_utils/envs/__pycache__\n'}
[1.985495] (turtlebot_rl) StdoutLine: {'line': b'copying turtlebot_rl/tdmpc_utils/envs/__pycache__/tb2_kobuki.cpython-39.pyc -> /home/GTL/aghitu/CS8813/tdmpc/turtlebot_rl/build/turtlebot_rl/build/lib/turtlebot_rl/tdmpc_utils/envs/__pycache__\n'}
[1.987766] (turtlebot_rl) StdoutLine: {'line': b'copying turtlebot_rl/tdmpc_utils/envs/__pycache__/metaworld.cpython-312.pyc -> /home/GTL/aghitu/CS8813/tdmpc/turtlebot_rl/build/turtlebot_rl/build/lib/turtlebot_rl/tdmpc_utils/envs/__pycache__\n'}
[1.989989] (turtlebot_rl) StdoutLine: {'line': b'copying turtlebot_rl/tdmpc_utils/envs/__pycache__/__init__.cpython-312.pyc -> /home/GTL/aghitu/CS8813/tdmpc/turtlebot_rl/build/turtlebot_rl/build/lib/turtlebot_rl/tdmpc_utils/envs/__pycache__\n'}
[1.992053] (turtlebot_rl) StdoutLine: {'line': b'copying turtlebot_rl/tdmpc_utils/envs/__pycache__/dmcontrol.cpython-39.pyc -> /home/GTL/aghitu/CS8813/tdmpc/turtlebot_rl/build/turtlebot_rl/build/lib/turtlebot_rl/tdmpc_utils/envs/__pycache__\n'}
[1.994499] (turtlebot_rl) StdoutLine: {'line': b'copying turtlebot_rl/tdmpc_utils/envs/__pycache__/maniskill.cpython-312.pyc -> /home/GTL/aghitu/CS8813/tdmpc/turtlebot_rl/build/turtlebot_rl/build/lib/turtlebot_rl/tdmpc_utils/envs/__pycache__\n'}
[1.998624] (turtlebot_rl) StdoutLine: {'line': b'running install\n'}
[2.002192] (-) TimerEvent: {}
[2.003214] (turtlebot_rl) StdoutLine: {'line': b'running install_lib\n'}
[2.028098] (turtlebot_rl) StdoutLine: {'line': b'copying /home/GTL/aghitu/CS8813/tdmpc/turtlebot_rl/build/turtlebot_rl/build/lib/turtlebot_rl/tdmpc_utils/envs/wrappers/__pycache__/tensor.cpython-312.pyc -> /home/GTL/aghitu/CS8813/tdmpc/turtlebot_rl/install/turtlebot_rl/lib/python3.12/site-packages/turtlebot_rl/tdmpc_utils/envs/wrappers/__pycache__\n'}
[2.031781] (turtlebot_rl) StdoutLine: {'line': b'copying /home/GTL/aghitu/CS8813/tdmpc/turtlebot_rl/build/turtlebot_rl/build/lib/turtlebot_rl/tdmpc_utils/envs/wrappers/__pycache__/__init__.cpython-39.pyc -> /home/GTL/aghitu/CS8813/tdmpc/turtlebot_rl/install/turtlebot_rl/lib/python3.12/site-packages/turtlebot_rl/tdmpc_utils/envs/wrappers/__pycache__\n'}
[2.034161] (turtlebot_rl) StdoutLine: {'line': b'copying /home/GTL/aghitu/CS8813/tdmpc/turtlebot_rl/build/turtlebot_rl/build/lib/turtlebot_rl/tdmpc_utils/envs/wrappers/__pycache__/multitask.cpython-39.pyc -> /home/GTL/aghitu/CS8813/tdmpc/turtlebot_rl/install/turtlebot_rl/lib/python3.12/site-packages/turtlebot_rl/tdmpc_utils/envs/wrappers/__pycache__\n'}
[2.036672] (turtlebot_rl) StdoutLine: {'line': b'copying /home/GTL/aghitu/CS8813/tdmpc/turtlebot_rl/build/turtlebot_rl/build/lib/turtlebot_rl/tdmpc_utils/envs/wrappers/__pycache__/tensor.cpython-39.pyc -> /home/GTL/aghitu/CS8813/tdmpc/turtlebot_rl/install/turtlebot_rl/lib/python3.12/site-packages/turtlebot_rl/tdmpc_utils/envs/wrappers/__pycache__\n'}
[2.038804] (turtlebot_rl) StdoutLine: {'line': b'copying /home/GTL/aghitu/CS8813/tdmpc/turtlebot_rl/build/turtlebot_rl/build/lib/turtlebot_rl/tdmpc_utils/envs/wrappers/__pycache__/timeout.cpython-39.pyc -> /home/GTL/aghitu/CS8813/tdmpc/turtlebot_rl/install/turtlebot_rl/lib/python3.12/site-packages/turtlebot_rl/tdmpc_utils/envs/wrappers/__pycache__\n'}
[2.040661] (turtlebot_rl) StdoutLine: {'line': b'copying /home/GTL/aghitu/CS8813/tdmpc/turtlebot_rl/build/turtlebot_rl/build/lib/turtlebot_rl/tdmpc_utils/envs/wrappers/__pycache__/timeout.cpython-312.pyc -> /home/GTL/aghitu/CS8813/tdmpc/turtlebot_rl/install/turtlebot_rl/lib/python3.12/site-packages/turtlebot_rl/tdmpc_utils/envs/wrappers/__pycache__\n'}
[2.042784] (turtlebot_rl) StdoutLine: {'line': b'copying /home/GTL/aghitu/CS8813/tdmpc/turtlebot_rl/build/turtlebot_rl/build/lib/turtlebot_rl/tdmpc_utils/envs/wrappers/__pycache__/multitask.cpython-312.pyc -> /home/GTL/aghitu/CS8813/tdmpc/turtlebot_rl/install/turtlebot_rl/lib/python3.12/site-packages/turtlebot_rl/tdmpc_utils/envs/wrappers/__pycache__\n'}
[2.044746] (turtlebot_rl) StdoutLine: {'line': b'copying /home/GTL/aghitu/CS8813/tdmpc/turtlebot_rl/build/turtlebot_rl/build/lib/turtlebot_rl/tdmpc_utils/envs/wrappers/__pycache__/__init__.cpython-312.pyc -> /home/GTL/aghitu/CS8813/tdmpc/turtlebot_rl/install/turtlebot_rl/lib/python3.12/site-packages/turtlebot_rl/tdmpc_utils/envs/wrappers/__pycache__\n'}
[2.047964] (turtlebot_rl) StdoutLine: {'line': b'creating /home/GTL/aghitu/CS8813/tdmpc/turtlebot_rl/install/turtlebot_rl/lib/python3.12/site-packages/turtlebot_rl/tdmpc_utils/envs/log\n'}
[2.049449] (turtlebot_rl) StdoutLine: {'line': b'creating /home/GTL/aghitu/CS8813/tdmpc/turtlebot_rl/install/turtlebot_rl/lib/python3.12/site-packages/turtlebot_rl/tdmpc_utils/envs/log/latest\n'}
[2.050680] (turtlebot_rl) StdoutLine: {'line': b'copying /home/GTL/aghitu/CS8813/tdmpc/turtlebot_rl/build/turtlebot_rl/build/lib/turtlebot_rl/tdmpc_utils/envs/log/latest/logger_all.log -> /home/GTL/aghitu/CS8813/tdmpc/turtlebot_rl/install/turtlebot_rl/lib/python3.12/site-packages/turtlebot_rl/tdmpc_utils/envs/log/latest\n'}
[2.053131] (turtlebot_rl) StdoutLine: {'line': b'copying /home/GTL/aghitu/CS8813/tdmpc/turtlebot_rl/build/turtlebot_rl/build/lib/turtlebot_rl/tdmpc_utils/envs/log/latest/events.log -> /home/GTL/aghitu/CS8813/tdmpc/turtlebot_rl/install/turtlebot_rl/lib/python3.12/site-packages/turtlebot_rl/tdmpc_utils/envs/log/latest\n'}
[2.055033] (turtlebot_rl) StdoutLine: {'line': b'copying /home/GTL/aghitu/CS8813/tdmpc/turtlebot_rl/build/turtlebot_rl/build/lib/turtlebot_rl/tdmpc_utils/envs/log/COLCON_IGNORE -> /home/GTL/aghitu/CS8813/tdmpc/turtlebot_rl/install/turtlebot_rl/lib/python3.12/site-packages/turtlebot_rl/tdmpc_utils/envs/log\n'}
[2.057171] (turtlebot_rl) StdoutLine: {'line': b'creating /home/GTL/aghitu/CS8813/tdmpc/turtlebot_rl/install/turtlebot_rl/lib/python3.12/site-packages/turtlebot_rl/tdmpc_utils/envs/log/latest_build\n'}
[2.058193] (turtlebot_rl) StdoutLine: {'line': b'copying /home/GTL/aghitu/CS8813/tdmpc/turtlebot_rl/build/turtlebot_rl/build/lib/turtlebot_rl/tdmpc_utils/envs/log/latest_build/logger_all.log -> /home/GTL/aghitu/CS8813/tdmpc/turtlebot_rl/install/turtlebot_rl/lib/python3.12/site-packages/turtlebot_rl/tdmpc_utils/envs/log/latest_build\n'}
[2.061130] (turtlebot_rl) StdoutLine: {'line': b'copying /home/GTL/aghitu/CS8813/tdmpc/turtlebot_rl/build/turtlebot_rl/build/lib/turtlebot_rl/tdmpc_utils/envs/log/latest_build/events.log -> /home/GTL/aghitu/CS8813/tdmpc/turtlebot_rl/install/turtlebot_rl/lib/python3.12/site-packages/turtlebot_rl/tdmpc_utils/envs/log/latest_build\n'}
[2.063564] (turtlebot_rl) StdoutLine: {'line': b'creating /home/GTL/aghitu/CS8813/tdmpc/turtlebot_rl/install/turtlebot_rl/lib/python3.12/site-packages/turtlebot_rl/tdmpc_utils/envs/log/build_2026-03-26_20-07-20\n'}
[2.064543] (turtlebot_rl) StdoutLine: {'line': b'copying /home/GTL/aghitu/CS8813/tdmpc/turtlebot_rl/build/turtlebot_rl/build/lib/turtlebot_rl/tdmpc_utils/envs/log/build_2026-03-26_20-07-20/logger_all.log -> /home/GTL/aghitu/CS8813/tdmpc/turtlebot_rl/install/turtlebot_rl/lib/python3.12/site-packages/turtlebot_rl/tdmpc_utils/envs/log/build_2026-03-26_20-07-20\n'}
[2.066968] (turtlebot_rl) StdoutLine: {'line': b'copying /home/GTL/aghitu/CS8813/tdmpc/turtlebot_rl/build/turtlebot_rl/build/lib/turtlebot_rl/tdmpc_utils/envs/log/build_2026-03-26_20-07-20/events.log -> /home/GTL/aghitu/CS8813/tdmpc/turtlebot_rl/install/turtlebot_rl/lib/python3.12/site-packages/turtlebot_rl/tdmpc_utils/envs/log/build_2026-03-26_20-07-20\n'}
[2.069771] (turtlebot_rl) StdoutLine: {'line': b'copying /home/GTL/aghitu/CS8813/tdmpc/turtlebot_rl/build/turtlebot_rl/build/lib/turtlebot_rl/tdmpc_utils/envs/install/local_setup.bash -> /home/GTL/aghitu/CS8813/tdmpc/turtlebot_rl/install/turtlebot_rl/lib/python3.12/site-packages/turtlebot_rl/tdmpc_utils/envs/install\n'}
[2.071847] (turtlebot_rl) StdoutLine: {'line': b'copying /home/GTL/aghitu/CS8813/tdmpc/turtlebot_rl/build/turtlebot_rl/build/lib/turtlebot_rl/tdmpc_utils/envs/install/COLCON_IGNORE -> /home/GTL/aghitu/CS8813/tdmpc/turtlebot_rl/install/turtlebot_rl/lib/python3.12/site-packages/turtlebot_rl/tdmpc_utils/envs/install\n'}
[2.073521] (turtlebot_rl) StdoutLine: {'line': b'copying /home/GTL/aghitu/CS8813/tdmpc/turtlebot_rl/build/turtlebot_rl/build/lib/turtlebot_rl/tdmpc_utils/envs/install/setup.zsh -> /home/GTL/aghitu/CS8813/tdmpc/turtlebot_rl/install/turtlebot_rl/lib/python3.12/site-packages/turtlebot_rl/tdmpc_utils/envs/install\n'}
[2.075820] (turtlebot_rl) StdoutLine: {'line': b'copying /home/GTL/aghitu/CS8813/tdmpc/turtlebot_rl/build/turtlebot_rl/build/lib/turtlebot_rl/tdmpc_utils/envs/install/local_setup.sh -> /home/GTL/aghitu/CS8813/tdmpc/turtlebot_rl/install/turtlebot_rl/lib/python3.12/site-packages/turtlebot_rl/tdmpc_utils/envs/install\n'}
[2.078087] (turtlebot_rl) StdoutLine: {'line': b'copying /home/GTL/aghitu/CS8813/tdmpc/turtlebot_rl/build/turtlebot_rl/build/lib/turtlebot_rl/tdmpc_utils/envs/install/setup.bash -> /home/GTL/aghitu/CS8813/tdmpc/turtlebot_rl/install/turtlebot_rl/lib/python3.12/site-packages/turtlebot_rl/tdmpc_utils/envs/install\n'}
[2.080103] (turtlebot_rl) StdoutLine: {'line': b'copying /home/GTL/aghitu/CS8813/tdmpc/turtlebot_rl/build/turtlebot_rl/build/lib/turtlebot_rl/tdmpc_utils/envs/install/setup.ps1 -> /home/GTL/aghitu/CS8813/tdmpc/turtlebot_rl/install/turtlebot_rl/lib/python3.12/site-packages/turtlebot_rl/tdmpc_utils/envs/install\n'}
[2.082090] (turtlebot_rl) StdoutLine: {'line': b'copying /home/GTL/aghitu/CS8813/tdmpc/turtlebot_rl/build/turtlebot_rl/build/lib/turtlebot_rl/tdmpc_utils/envs/install/local_setup.ps1 -> /home/GTL/aghitu/CS8813/tdmpc/turtlebot_rl/install/turtlebot_rl/lib/python3.12/site-packages/turtlebot_rl/tdmpc_utils/envs/install\n'}
[2.084023] (turtlebot_rl) StdoutLine: {'line': b'copying /home/GTL/aghitu/CS8813/tdmpc/turtlebot_rl/build/turtlebot_rl/build/lib/turtlebot_rl/tdmpc_utils/envs/install/setup.sh -> /home/GTL/aghitu/CS8813/tdmpc/turtlebot_rl/install/turtlebot_rl/lib/python3.12/site-packages/turtlebot_rl/tdmpc_utils/envs/install\n'}
[2.085906] (turtlebot_rl) StdoutLine: {'line': b'copying /home/GTL/aghitu/CS8813/tdmpc/turtlebot_rl/build/turtlebot_rl/build/lib/turtlebot_rl/tdmpc_utils/envs/install/local_setup.zsh -> /home/GTL/aghitu/CS8813/tdmpc/turtlebot_rl/install/turtlebot_rl/lib/python3.12/site-packages/turtlebot_rl/tdmpc_utils/envs/install\n'}
[2.088536] (turtlebot_rl) StdoutLine: {'line': b'copying /home/GTL/aghitu/CS8813/tdmpc/turtlebot_rl/build/turtlebot_rl/build/lib/turtlebot_rl/tdmpc_utils/envs/tasks/ball_in_cup.xml -> /home/GTL/aghitu/CS8813/tdmpc/turtlebot_rl/install/turtlebot_rl/lib/python3.12/site-packages/turtlebot_rl/tdmpc_utils/envs/tasks\n'}
[2.090352] (turtlebot_rl) StdoutLine: {'line': b'copying /home/GTL/aghitu/CS8813/tdmpc/turtlebot_rl/build/turtlebot_rl/build/lib/turtlebot_rl/tdmpc_utils/envs/tasks/fish.xml -> /home/GTL/aghitu/CS8813/tdmpc/turtlebot_rl/install/turtlebot_rl/lib/python3.12/site-packages/turtlebot_rl/tdmpc_utils/envs/tasks\n'}
[2.092521] (turtlebot_rl) StdoutLine: {'line': b'copying /home/GTL/aghitu/CS8813/tdmpc/turtlebot_rl/build/turtlebot_rl/build/lib/turtlebot_rl/tdmpc_utils/envs/tasks/walker.xml -> /home/GTL/aghitu/CS8813/tdmpc/turtlebot_rl/install/turtlebot_rl/lib/python3.12/site-packages/turtlebot_rl/tdmpc_utils/envs/tasks\n'}
[2.094575] (turtlebot_rl) StdoutLine: {'line': b'copying /home/GTL/aghitu/CS8813/tdmpc/turtlebot_rl/build/turtlebot_rl/build/lib/turtlebot_rl/tdmpc_utils/envs/tasks/reacher_three_links.xml -> /home/GTL/aghitu/CS8813/tdmpc/turtlebot_rl/install/turtlebot_rl/lib/python3.12/site-packages/turtlebot_rl/tdmpc_utils/envs/tasks\n'}
[2.096971] (turtlebot_rl) StdoutLine: {'line': b'copying /home/GTL/aghitu/CS8813/tdmpc/turtlebot_rl/build/turtlebot_rl/build/lib/turtlebot_rl/tdmpc_utils/envs/tasks/cheetah.xml -> /home/GTL/aghitu/CS8813/tdmpc/turtlebot_rl/install/turtlebot_rl/lib/python3.12/site-packages/turtlebot_rl/tdmpc_utils/envs/tasks\n'}
[2.099221] (turtlebot_rl) StdoutLine: {'line': b'copying /home/GTL/aghitu/CS8813/tdmpc/turtlebot_rl/build/turtlebot_rl/build/lib/turtlebot_rl/tdmpc_utils/envs/tasks/hopper.xml -> /home/GTL/aghitu/CS8813/tdmpc/turtlebot_rl/install/turtlebot_rl/lib/python3.12/site-packages/turtlebot_rl/tdmpc_utils/envs/tasks\n'}
[2.101169] (turtlebot_rl) StdoutLine: {'line': b'copying /home/GTL/aghitu/CS8813/tdmpc/turtlebot_rl/build/turtlebot_rl/build/lib/turtlebot_rl/tdmpc_utils/envs/tasks/reacher_four_links.xml -> /home/GTL/aghitu/CS8813/tdmpc/turtlebot_rl/install/turtlebot_rl/lib/python3.12/site-packages/turtlebot_rl/tdmpc_utils/envs/tasks\n'}
[2.102252] (-) TimerEvent: {}
[2.104260] (turtlebot_rl) StdoutLine: {'line': b'copying /home/GTL/aghitu/CS8813/tdmpc/turtlebot_rl/build/turtlebot_rl/build/lib/turtlebot_rl/tdmpc_utils/envs/tasks/__pycache__/cheetah.cpython-39.pyc -> /home/GTL/aghitu/CS8813/tdmpc/turtlebot_rl/install/turtlebot_rl/lib/python3.12/site-packages/turtlebot_rl/tdmpc_utils/envs/tasks/__pycache__\n'}
[2.106144] (turtlebot_rl) StdoutLine: {'line': b'copying /home/GTL/aghitu/CS8813/tdmpc/turtlebot_rl/build/turtlebot_rl/build/lib/turtlebot_rl/tdmpc_utils/envs/tasks/__pycache__/cheetah.cpython-312.pyc -> /home/GTL/aghitu/CS8813/tdmpc/turtlebot_rl/install/turtlebot_rl/lib/python3.12/site-packages/turtlebot_rl/tdmpc_utils/envs/tasks/__pycache__\n'}
[2.109910] (turtlebot_rl) StdoutLine: {'line': b'copying /home/GTL/aghitu/CS8813/tdmpc/turtlebot_rl/build/turtlebot_rl/build/lib/turtlebot_rl/tdmpc_utils/envs/tasks/__pycache__/turtlebot.cpython-39.pyc -> /home/GTL/aghitu/CS8813/tdmpc/turtlebot_rl/install/turtlebot_rl/lib/python3.12/site-packages/turtlebot_rl/tdmpc_utils/envs/tasks/__pycache__\n'}
[2.112016] (turtlebot_rl) StdoutLine: {'line': b'copying /home/GTL/aghitu/CS8813/tdmpc/turtlebot_rl/build/turtlebot_rl/build/lib/turtlebot_rl/tdmpc_utils/envs/tasks/__pycache__/ball_in_cup.cpython-39.pyc -> /home/GTL/aghitu/CS8813/tdmpc/turtlebot_rl/install/turtlebot_rl/lib/python3.12/site-packages/turtlebot_rl/tdmpc_utils/envs/tasks/__pycache__\n'}
[2.114039] (turtlebot_rl) StdoutLine: {'line': b'copying /home/GTL/aghitu/CS8813/tdmpc/turtlebot_rl/build/turtlebot_rl/build/lib/turtlebot_rl/tdmpc_utils/envs/tasks/__pycache__/__init__.cpython-39.pyc -> /home/GTL/aghitu/CS8813/tdmpc/turtlebot_rl/install/turtlebot_rl/lib/python3.12/site-packages/turtlebot_rl/tdmpc_utils/envs/tasks/__pycache__\n'}
[2.116161] (turtlebot_rl) StdoutLine: {'line': b'copying /home/GTL/aghitu/CS8813/tdmpc/turtlebot_rl/build/turtlebot_rl/build/lib/turtlebot_rl/tdmpc_utils/envs/tasks/__pycache__/walker.cpython-39.pyc -> /home/GTL/aghitu/CS8813/tdmpc/turtlebot_rl/install/turtlebot_rl/lib/python3.12/site-packages/turtlebot_rl/tdmpc_utils/envs/tasks/__pycache__\n'}
[2.118330] (turtlebot_rl) StdoutLine: {'line': b'copying /home/GTL/aghitu/CS8813/tdmpc/turtlebot_rl/build/turtlebot_rl/build/lib/turtlebot_rl/tdmpc_utils/envs/tasks/__pycache__/pendulum.cpython-39.pyc -> /home/GTL/aghitu/CS8813/tdmpc/turtlebot_rl/install/turtlebot_rl/lib/python3.12/site-packages/turtlebot_rl/tdmpc_utils/envs/tasks/__pycache__\n'}
[2.120505] (turtlebot_rl) StdoutLine: {'line': b'copying /home/GTL/aghitu/CS8813/tdmpc/turtlebot_rl/build/turtlebot_rl/build/lib/turtlebot_rl/tdmpc_utils/envs/tasks/__pycache__/hopper.cpython-39.pyc -> /home/GTL/aghitu/CS8813/tdmpc/turtlebot_rl/install/turtlebot_rl/lib/python3.12/site-packages/turtlebot_rl/tdmpc_utils/envs/tasks/__pycache__\n'}
[2.122538] (turtlebot_rl) StdoutLine: {'line': b'copying /home/GTL/aghitu/CS8813/tdmpc/turtlebot_rl/build/turtlebot_rl/build/lib/turtlebot_rl/tdmpc_utils/envs/tasks/__pycache__/fish.cpython-39.pyc -> /home/GTL/aghitu/CS8813/tdmpc/turtlebot_rl/install/turtlebot_rl/lib/python3.12/site-packages/turtlebot_rl/tdmpc_utils/envs/tasks/__pycache__\n'}
[2.124433] (turtlebot_rl) StdoutLine: {'line': b'copying /home/GTL/aghitu/CS8813/tdmpc/turtlebot_rl/build/turtlebot_rl/build/lib/turtlebot_rl/tdmpc_utils/envs/tasks/__pycache__/__init__.cpython-312.pyc -> /home/GTL/aghitu/CS8813/tdmpc/turtlebot_rl/install/turtlebot_rl/lib/python3.12/site-packages/turtlebot_rl/tdmpc_utils/envs/tasks/__pycache__\n'}
[2.126527] (turtlebot_rl) StdoutLine: {'line': b'copying /home/GTL/aghitu/CS8813/tdmpc/turtlebot_rl/build/turtlebot_rl/build/lib/turtlebot_rl/tdmpc_utils/envs/tasks/__pycache__/reacher.cpython-39.pyc -> /home/GTL/aghitu/CS8813/tdmpc/turtlebot_rl/install/turtlebot_rl/lib/python3.12/site-packages/turtlebot_rl/tdmpc_utils/envs/tasks/__pycache__\n'}
[2.128564] (turtlebot_rl) StdoutLine: {'line': b'copying /home/GTL/aghitu/CS8813/tdmpc/turtlebot_rl/build/turtlebot_rl/build/lib/turtlebot_rl/tdmpc_utils/envs/tasks/pendulum.xml -> /home/GTL/aghitu/CS8813/tdmpc/turtlebot_rl/install/turtlebot_rl/lib/python3.12/site-packages/turtlebot_rl/tdmpc_utils/envs/tasks\n'}
[2.131391] (turtlebot_rl) StdoutLine: {'line': b'creating /home/GTL/aghitu/CS8813/tdmpc/turtlebot_rl/install/turtlebot_rl/lib/python3.12/site-packages/turtlebot_rl/tdmpc_utils/envs/build\n'}
[2.132408] (turtlebot_rl) StdoutLine: {'line': b'copying /home/GTL/aghitu/CS8813/tdmpc/turtlebot_rl/build/turtlebot_rl/build/lib/turtlebot_rl/tdmpc_utils/envs/build/COLCON_IGNORE -> /home/GTL/aghitu/CS8813/tdmpc/turtlebot_rl/install/turtlebot_rl/lib/python3.12/site-packages/turtlebot_rl/tdmpc_utils/envs/build\n'}
[2.134892] (turtlebot_rl) StdoutLine: {'line': b'copying /home/GTL/aghitu/CS8813/tdmpc/turtlebot_rl/build/turtlebot_rl/build/lib/turtlebot_rl/tdmpc_utils/envs/__pycache__/tb3_ppo.cpython-39.pyc -> /home/GTL/aghitu/CS8813/tdmpc/turtlebot_rl/install/turtlebot_rl/lib/python3.12/site-packages/turtlebot_rl/tdmpc_utils/envs/__pycache__\n'}
[2.136980] (turtlebot_rl) StdoutLine: {'line': b'copying /home/GTL/aghitu/CS8813/tdmpc/turtlebot_rl/build/turtlebot_rl/build/lib/turtlebot_rl/tdmpc_utils/envs/__pycache__/mujoco.cpython-39.pyc -> /home/GTL/aghitu/CS8813/tdmpc/turtlebot_rl/install/turtlebot_rl/lib/python3.12/site-packages/turtlebot_rl/tdmpc_utils/envs/__pycache__\n'}
[2.138966] (turtlebot_rl) StdoutLine: {'line': b'copying /home/GTL/aghitu/CS8813/tdmpc/turtlebot_rl/build/turtlebot_rl/build/lib/turtlebot_rl/tdmpc_utils/envs/__pycache__/myosuite.cpython-39.pyc -> /home/GTL/aghitu/CS8813/tdmpc/turtlebot_rl/install/turtlebot_rl/lib/python3.12/site-packages/turtlebot_rl/tdmpc_utils/envs/__pycache__\n'}
[2.141225] (turtlebot_rl) StdoutLine: {'line': b'copying /home/GTL/aghitu/CS8813/tdmpc/turtlebot_rl/build/turtlebot_rl/build/lib/turtlebot_rl/tdmpc_utils/envs/__pycache__/burger.cpython-39.pyc -> /home/GTL/aghitu/CS8813/tdmpc/turtlebot_rl/install/turtlebot_rl/lib/python3.12/site-packages/turtlebot_rl/tdmpc_utils/envs/__pycache__\n'}
[2.143227] (turtlebot_rl) StdoutLine: {'line': b'copying /home/GTL/aghitu/CS8813/tdmpc/turtlebot_rl/build/turtlebot_rl/build/lib/turtlebot_rl/tdmpc_utils/envs/__pycache__/__init__.cpython-39.pyc -> /home/GTL/aghitu/CS8813/tdmpc/turtlebot_rl/install/turtlebot_rl/lib/python3.12/site-packages/turtlebot_rl/tdmpc_utils/envs/__pycache__\n'}
[2.144949] (turtlebot_rl) StdoutLine: {'line': b'copying /home/GTL/aghitu/CS8813/tdmpc/turtlebot_rl/build/turtlebot_rl/build/lib/turtlebot_rl/tdmpc_utils/envs/__pycache__/tb2_kobuki.cpython-312.pyc -> /home/GTL/aghitu/CS8813/tdmpc/turtlebot_rl/install/turtlebot_rl/lib/python3.12/site-packages/turtlebot_rl/tdmpc_utils/envs/__pycache__\n'}
[2.148101] (turtlebot_rl) StdoutLine: {'line': b'copying /home/GTL/aghitu/CS8813/tdmpc/turtlebot_rl/build/turtlebot_rl/build/lib/turtlebot_rl/tdmpc_utils/envs/__pycache__/tb3_ppo.cpython-312.pyc -> /home/GTL/aghitu/CS8813/tdmpc/turtlebot_rl/install/turtlebot_rl/lib/python3.12/site-packages/turtlebot_rl/tdmpc_utils/envs/__pycache__\n'}
[2.151184] (turtlebot_rl) StdoutLine: {'line': b'copying /home/GTL/aghitu/CS8813/tdmpc/turtlebot_rl/build/turtlebot_rl/build/lib/turtlebot_rl/tdmpc_utils/envs/__pycache__/tb3.cpython-312.pyc -> /home/GTL/aghitu/CS8813/tdmpc/turtlebot_rl/install/turtlebot_rl/lib/python3.12/site-packages/turtlebot_rl/tdmpc_utils/envs/__pycache__\n'}
[2.153779] (turtlebot_rl) StdoutLine: {'line': b'copying /home/GTL/aghitu/CS8813/tdmpc/turtlebot_rl/build/turtlebot_rl/build/lib/turtlebot_rl/tdmpc_utils/envs/__pycache__/tb3.cpython-39.pyc -> /home/GTL/aghitu/CS8813/tdmpc/turtlebot_rl/install/turtlebot_rl/lib/python3.12/site-packages/turtlebot_rl/tdmpc_utils/envs/__pycache__\n'}
[2.155835] (turtlebot_rl) StdoutLine: {'line': b'copying /home/GTL/aghitu/CS8813/tdmpc/turtlebot_rl/build/turtlebot_rl/build/lib/turtlebot_rl/tdmpc_utils/envs/__pycache__/myosuite.cpython-312.pyc -> /home/GTL/aghitu/CS8813/tdmpc/turtlebot_rl/install/turtlebot_rl/lib/python3.12/site-packages/turtlebot_rl/tdmpc_utils/envs/__pycache__\n'}
[2.158413] (turtlebot_rl) StdoutLine: {'line': b'copying /home/GTL/aghitu/CS8813/tdmpc/turtlebot_rl/build/turtlebot_rl/build/lib/turtlebot_rl/tdmpc_utils/envs/__pycache__/dmcontrol.cpython-312.pyc -> /home/GTL/aghitu/CS8813/tdmpc/turtlebot_rl/install/turtlebot_rl/lib/python3.12/site-packages/turtlebot_rl/tdmpc_utils/envs/__pycache__\n'}
[2.160689] (turtlebot_rl) StdoutLine: {'line': b'copying /home/GTL/aghitu/CS8813/tdmpc/turtlebot_rl/build/turtlebot_rl/build/lib/turtlebot_rl/tdmpc_utils/envs/__pycache__/metaworld.cpython-39.pyc -> /home/GTL/aghitu/CS8813/tdmpc/turtlebot_rl/install/turtlebot_rl/lib/python3.12/site-packages/turtlebot_rl/tdmpc_utils/envs/__pycache__\n'}
[2.162551] (turtlebot_rl) StdoutLine: {'line': b'copying /home/GTL/aghitu/CS8813/tdmpc/turtlebot_rl/build/turtlebot_rl/build/lib/turtlebot_rl/tdmpc_utils/envs/__pycache__/mujoco.cpython-312.pyc -> /home/GTL/aghitu/CS8813/tdmpc/turtlebot_rl/install/turtlebot_rl/lib/python3.12/site-packages/turtlebot_rl/tdmpc_utils/envs/__pycache__\n'}
[2.164710] (turtlebot_rl) StdoutLine: {'line': b'copying /home/GTL/aghitu/CS8813/tdmpc/turtlebot_rl/build/turtlebot_rl/build/lib/turtlebot_rl/tdmpc_utils/envs/__pycache__/maniskill.cpython-39.pyc -> /home/GTL/aghitu/CS8813/tdmpc/turtlebot_rl/install/turtlebot_rl/lib/python3.12/site-packages/turtlebot_rl/tdmpc_utils/envs/__pycache__\n'}
[2.166731] (turtlebot_rl) StdoutLine: {'line': b'copying /home/GTL/aghitu/CS8813/tdmpc/turtlebot_rl/build/turtlebot_rl/build/lib/turtlebot_rl/tdmpc_utils/envs/__pycache__/tb2_kobuki.cpython-39.pyc -> /home/GTL/aghitu/CS8813/tdmpc/turtlebot_rl/install/turtlebot_rl/lib/python3.12/site-packages/turtlebot_rl/tdmpc_utils/envs/__pycache__\n'}
[2.168445] (turtlebot_rl) StdoutLine: {'line': b'copying /home/GTL/aghitu/CS8813/tdmpc/turtlebot_rl/build/turtlebot_rl/build/lib/turtlebot_rl/tdmpc_utils/envs/__pycache__/metaworld.cpython-312.pyc -> /home/GTL/aghitu/CS8813/tdmpc/turtlebot_rl/install/turtlebot_rl/lib/python3.12/site-packages/turtlebot_rl/tdmpc_utils/envs/__pycache__\n'}
[2.170491] (turtlebot_rl) StdoutLine: {'line': b'copying /home/GTL/aghitu/CS8813/tdmpc/turtlebot_rl/build/turtlebot_rl/build/lib/turtlebot_rl/tdmpc_utils/envs/__pycache__/__init__.cpython-312.pyc -> /home/GTL/aghitu/CS8813/tdmpc/turtlebot_rl/install/turtlebot_rl/lib/python3.12/site-packages/turtlebot_rl/tdmpc_utils/envs/__pycache__\n'}
[2.173093] (turtlebot_rl) StdoutLine: {'line': b'copying /home/GTL/aghitu/CS8813/tdmpc/turtlebot_rl/build/turtlebot_rl/build/lib/turtlebot_rl/tdmpc_utils/envs/__pycache__/dmcontrol.cpython-39.pyc -> /home/GTL/aghitu/CS8813/tdmpc/turtlebot_rl/install/turtlebot_rl/lib/python3.12/site-packages/turtlebot_rl/tdmpc_utils/envs/__pycache__\n'}
[2.174773] (turtlebot_rl) StdoutLine: {'line': b'copying /home/GTL/aghitu/CS8813/tdmpc/turtlebot_rl/build/turtlebot_rl/build/lib/turtlebot_rl/tdmpc_utils/envs/__pycache__/maniskill.cpython-312.pyc -> /home/GTL/aghitu/CS8813/tdmpc/turtlebot_rl/install/turtlebot_rl/lib/python3.12/site-packages/turtlebot_rl/tdmpc_utils/envs/__pycache__\n'}
[2.177484] (turtlebot_rl) StdoutLine: {'line': b'creating /home/GTL/aghitu/CS8813/tdmpc/turtlebot_rl/install/turtlebot_rl/lib/python3.12/site-packages/turtlebot_rl/tdmpc_utils/assets\n'}
[2.178440] (turtlebot_rl) StdoutLine: {'line': b'copying /home/GTL/aghitu/CS8813/tdmpc/turtlebot_rl/build/turtlebot_rl/build/lib/turtlebot_rl/tdmpc_utils/assets/3.gif -> /home/GTL/aghitu/CS8813/tdmpc/turtlebot_rl/install/turtlebot_rl/lib/python3.12/site-packages/turtlebot_rl/tdmpc_utils/assets\n'}
[2.188638] (turtlebot_rl) StdoutLine: {'line': b'copying /home/GTL/aghitu/CS8813/tdmpc/turtlebot_rl/build/turtlebot_rl/build/lib/turtlebot_rl/tdmpc_utils/assets/4.gif -> /home/GTL/aghitu/CS8813/tdmpc/turtlebot_rl/install/turtlebot_rl/lib/python3.12/site-packages/turtlebot_rl/tdmpc_utils/assets\n'}
[2.194492] (turtlebot_rl) StdoutLine: {'line': b'copying /home/GTL/aghitu/CS8813/tdmpc/turtlebot_rl/build/turtlebot_rl/build/lib/turtlebot_rl/tdmpc_utils/assets/7.gif -> /home/GTL/aghitu/CS8813/tdmpc/turtlebot_rl/install/turtlebot_rl/lib/python3.12/site-packages/turtlebot_rl/tdmpc_utils/assets\n'}
[2.202325] (-) TimerEvent: {}
[2.206937] (turtlebot_rl) StdoutLine: {'line': b'creating /home/GTL/aghitu/CS8813/tdmpc/turtlebot_rl/install/turtlebot_rl/lib/python3.12/site-packages/turtlebot_rl/tdmpc_utils/assets/kobuki_tb2\n'}
[2.207940] (turtlebot_rl) StdoutLine: {'line': b'copying /home/GTL/aghitu/CS8813/tdmpc/turtlebot_rl/build/turtlebot_rl/build/lib/turtlebot_rl/tdmpc_utils/assets/kobuki_tb2/turtlebot2_kobuki.xml -> /home/GTL/aghitu/CS8813/tdmpc/turtlebot_rl/install/turtlebot_rl/lib/python3.12/site-packages/turtlebot_rl/tdmpc_utils/assets/kobuki_tb2\n'}
[2.210320] (turtlebot_rl) StdoutLine: {'line': b'copying /home/GTL/aghitu/CS8813/tdmpc/turtlebot_rl/build/turtlebot_rl/build/lib/turtlebot_rl/tdmpc_utils/assets/kobuki_tb2/kobuki.urdf -> /home/GTL/aghitu/CS8813/tdmpc/turtlebot_rl/install/turtlebot_rl/lib/python3.12/site-packages/turtlebot_rl/tdmpc_utils/assets/kobuki_tb2\n'}
[2.212410] (turtlebot_rl) StdoutLine: {'line': b'copying /home/GTL/aghitu/CS8813/tdmpc/turtlebot_rl/build/turtlebot_rl/build/lib/turtlebot_rl/tdmpc_utils/assets/kobuki_tb2/scene.xml -> /home/GTL/aghitu/CS8813/tdmpc/turtlebot_rl/install/turtlebot_rl/lib/python3.12/site-packages/turtlebot_rl/tdmpc_utils/assets/kobuki_tb2\n'}
[2.214965] (turtlebot_rl) StdoutLine: {'line': b'creating /home/GTL/aghitu/CS8813/tdmpc/turtlebot_rl/install/turtlebot_rl/lib/python3.12/site-packages/turtlebot_rl/tdmpc_utils/assets/kobuki_tb2/urdf\n'}
[2.215912] (turtlebot_rl) StdoutLine: {'line': b'copying /home/GTL/aghitu/CS8813/tdmpc/turtlebot_rl/build/turtlebot_rl/build/lib/turtlebot_rl/tdmpc_utils/assets/kobuki_tb2/urdf/kobuki_gazebo.urdf.xacro -> /home/GTL/aghitu/CS8813/tdmpc/turtlebot_rl/install/turtlebot_rl/lib/python3.12/site-packages/turtlebot_rl/tdmpc_utils/assets/kobuki_tb2/urdf\n'}
[2.218427] (turtlebot_rl) StdoutLine: {'line': b'copying /home/GTL/aghitu/CS8813/tdmpc/turtlebot_rl/build/turtlebot_rl/build/lib/turtlebot_rl/tdmpc_utils/assets/kobuki_tb2/urdf/kobuki_standalone.urdf.xacro -> /home/GTL/aghitu/CS8813/tdmpc/turtlebot_rl/install/turtlebot_rl/lib/python3.12/site-packages/turtlebot_rl/tdmpc_utils/assets/kobuki_tb2/urdf\n'}
[2.220357] (turtlebot_rl) StdoutLine: {'line': b'copying /home/GTL/aghitu/CS8813/tdmpc/turtlebot_rl/build/turtlebot_rl/build/lib/turtlebot_rl/tdmpc_utils/assets/kobuki_tb2/urdf/common_properties.urdf.xacro -> /home/GTL/aghitu/CS8813/tdmpc/turtlebot_rl/install/turtlebot_rl/lib/python3.12/site-packages/turtlebot_rl/tdmpc_utils/assets/kobuki_tb2/urdf\n'}
[2.222410] (turtlebot_rl) StdoutLine: {'line': b'copying /home/GTL/aghitu/CS8813/tdmpc/turtlebot_rl/build/turtlebot_rl/build/lib/turtlebot_rl/tdmpc_utils/assets/kobuki_tb2/urdf/kobuki.urdf.xacro -> /home/GTL/aghitu/CS8813/tdmpc/turtlebot_rl/install/turtlebot_rl/lib/python3.12/site-packages/turtlebot_rl/tdmpc_utils/assets/kobuki_tb2/urdf\n'}
[2.225266] (turtlebot_rl) StdoutLine: {'line': b'creating /home/GTL/aghitu/CS8813/tdmpc/turtlebot_rl/install/turtlebot_rl/lib/python3.12/site-packages/turtlebot_rl/tdmpc_utils/assets/kobuki_tb2/assets\n'}
[2.226450] (turtlebot_rl) StdoutLine: {'line': b'copying /home/GTL/aghitu/CS8813/tdmpc/turtlebot_rl/build/turtlebot_rl/build/lib/turtlebot_rl/tdmpc_utils/assets/kobuki_tb2/assets/right_tire.stl -> /home/GTL/aghitu/CS8813/tdmpc/turtlebot_rl/install/turtlebot_rl/lib/python3.12/site-packages/turtlebot_rl/tdmpc_utils/assets/kobuki_tb2/assets\n'}
[2.249628] (turtlebot_rl) StdoutLine: {'line': b'copying /home/GTL/aghitu/CS8813/tdmpc/turtlebot_rl/build/turtlebot_rl/build/lib/turtlebot_rl/tdmpc_utils/assets/kobuki_tb2/assets/lds.stl -> /home/GTL/aghitu/CS8813/tdmpc/turtlebot_rl/install/turtlebot_rl/lib/python3.12/site-packages/turtlebot_rl/tdmpc_utils/assets/kobuki_tb2/assets\n'}
[2.259493] (turtlebot_rl) StdoutLine: {'line': b'copying /home/GTL/aghitu/CS8813/tdmpc/turtlebot_rl/build/turtlebot_rl/build/lib/turtlebot_rl/tdmpc_utils/assets/kobuki_tb2/assets/waffle_base.stl -> /home/GTL/aghitu/CS8813/tdmpc/turtlebot_rl/install/turtlebot_rl/lib/python3.12/site-packages/turtlebot_rl/tdmpc_utils/assets/kobuki_tb2/assets\n'}
[2.302468] (-) TimerEvent: {}
[2.402711] (-) TimerEvent: {}
[2.402909] (turtlebot_rl) StdoutLine: {'line': b'copying /home/GTL/aghitu/CS8813/tdmpc/turtlebot_rl/build/turtlebot_rl/build/lib/turtlebot_rl/tdmpc_utils/assets/kobuki_tb2/assets/burger_base.stl -> /home/GTL/aghitu/CS8813/tdmpc/turtlebot_rl/install/turtlebot_rl/lib/python3.12/site-packages/turtlebot_rl/tdmpc_utils/assets/kobuki_tb2/assets\n'}
[2.479106] (turtlebot_rl) StdoutLine: {'line': b'copying /home/GTL/aghitu/CS8813/tdmpc/turtlebot_rl/build/turtlebot_rl/build/lib/turtlebot_rl/tdmpc_utils/assets/kobuki_tb2/assets/left_tire.stl -> /home/GTL/aghitu/CS8813/tdmpc/turtlebot_rl/install/turtlebot_rl/lib/python3.12/site-packages/turtlebot_rl/tdmpc_utils/assets/kobuki_tb2/assets\n'}
[2.492354] (turtlebot_rl) StdoutLine: {'line': b'copying /home/GTL/aghitu/CS8813/tdmpc/turtlebot_rl/build/turtlebot_rl/build/lib/turtlebot_rl/tdmpc_utils/assets/kobuki_tb2/assets/waffle_pi_base.stl -> /home/GTL/aghitu/CS8813/tdmpc/turtlebot_rl/install/turtlebot_rl/lib/python3.12/site-packages/turtlebot_rl/tdmpc_utils/assets/kobuki_tb2/assets\n'}
[2.502849] (-) TimerEvent: {}
[2.564030] (turtlebot_rl) StdoutLine: {'line': b'copying /home/GTL/aghitu/CS8813/tdmpc/turtlebot_rl/build/turtlebot_rl/build/lib/turtlebot_rl/tdmpc_utils/assets/8.png -> /home/GTL/aghitu/CS8813/tdmpc/turtlebot_rl/install/turtlebot_rl/lib/python3.12/site-packages/turtlebot_rl/tdmpc_utils/assets\n'}
[2.586254] (turtlebot_rl) StdoutLine: {'line': b'copying /home/GTL/aghitu/CS8813/tdmpc/turtlebot_rl/build/turtlebot_rl/build/lib/turtlebot_rl/tdmpc_utils/assets/2.gif -> /home/GTL/aghitu/CS8813/tdmpc/turtlebot_rl/install/turtlebot_rl/lib/python3.12/site-packages/turtlebot_rl/tdmpc_utils/assets\n'}
[2.593118] (turtlebot_rl) StdoutLine: {'line': b'copying /home/GTL/aghitu/CS8813/tdmpc/turtlebot_rl/build/turtlebot_rl/build/lib/turtlebot_rl/tdmpc_utils/assets/1.gif -> /home/GTL/aghitu/CS8813/tdmpc/turtlebot_rl/install/turtlebot_rl/lib/python3.12/site-packages/turtlebot_rl/tdmpc_utils/assets\n'}
[2.602972] (-) TimerEvent: {}
[2.610178] (turtlebot_rl) StdoutLine: {'line': b'copying /home/GTL/aghitu/CS8813/tdmpc/turtlebot_rl/build/turtlebot_rl/build/lib/turtlebot_rl/tdmpc_utils/assets/5.gif -> /home/GTL/aghitu/CS8813/tdmpc/turtlebot_rl/install/turtlebot_rl/lib/python3.12/site-packages/turtlebot_rl/tdmpc_utils/assets\n'}
[2.614803] (turtlebot_rl) StdoutLine: {'line': b'copying /home/GTL/aghitu/CS8813/tdmpc/turtlebot_rl/build/turtlebot_rl/build/lib/turtlebot_rl/tdmpc_utils/assets/6.gif -> /home/GTL/aghitu/CS8813/tdmpc/turtlebot_rl/install/turtlebot_rl/lib/python3.12/site-packages/turtlebot_rl/tdmpc_utils/assets\n'}
[2.628281] (turtlebot_rl) StdoutLine: {'line': b'creating /home/GTL/aghitu/CS8813/tdmpc/turtlebot_rl/install/turtlebot_rl/lib/python3.12/site-packages/turtlebot_rl/tdmpc_utils/assets/robotis_tb3\n'}
[2.629486] (turtlebot_rl) StdoutLine: {'line': b'copying /home/GTL/aghitu/CS8813/tdmpc/turtlebot_rl/build/turtlebot_rl/build/lib/turtlebot_rl/tdmpc_utils/assets/robotis_tb3/scene_turtlebot3_burger.xml -> /home/GTL/aghitu/CS8813/tdmpc/turtlebot_rl/install/turtlebot_rl/lib/python3.12/site-packages/turtlebot_rl/tdmpc_utils/assets/robotis_tb3\n'}
[2.631887] (turtlebot_rl) StdoutLine: {'line': b'copying /home/GTL/aghitu/CS8813/tdmpc/turtlebot_rl/build/turtlebot_rl/build/lib/turtlebot_rl/tdmpc_utils/assets/robotis_tb3/LICENSE -> /home/GTL/aghitu/CS8813/tdmpc/turtlebot_rl/install/turtlebot_rl/lib/python3.12/site-packages/turtlebot_rl/tdmpc_utils/assets/robotis_tb3\n'}
[2.634622] (turtlebot_rl) StdoutLine: {'line': b'copying /home/GTL/aghitu/CS8813/tdmpc/turtlebot_rl/build/turtlebot_rl/build/lib/turtlebot_rl/tdmpc_utils/assets/robotis_tb3/scene.xml -> /home/GTL/aghitu/CS8813/tdmpc/turtlebot_rl/install/turtlebot_rl/lib/python3.12/site-packages/turtlebot_rl/tdmpc_utils/assets/robotis_tb3\n'}
[2.636552] (turtlebot_rl) StdoutLine: {'line': b'copying /home/GTL/aghitu/CS8813/tdmpc/turtlebot_rl/build/turtlebot_rl/build/lib/turtlebot_rl/tdmpc_utils/assets/robotis_tb3/turtlebot3_burger.xml -> /home/GTL/aghitu/CS8813/tdmpc/turtlebot_rl/install/turtlebot_rl/lib/python3.12/site-packages/turtlebot_rl/tdmpc_utils/assets/robotis_tb3\n'}
[2.638532] (turtlebot_rl) StdoutLine: {'line': b'copying /home/GTL/aghitu/CS8813/tdmpc/turtlebot_rl/build/turtlebot_rl/build/lib/turtlebot_rl/tdmpc_utils/assets/robotis_tb3/turtlebot3_waffle_pi.xml -> /home/GTL/aghitu/CS8813/tdmpc/turtlebot_rl/install/turtlebot_rl/lib/python3.12/site-packages/turtlebot_rl/tdmpc_utils/assets/robotis_tb3\n'}
[2.640993] (turtlebot_rl) StdoutLine: {'line': b'copying /home/GTL/aghitu/CS8813/tdmpc/turtlebot_rl/build/turtlebot_rl/build/lib/turtlebot_rl/tdmpc_utils/assets/robotis_tb3/scene_turtlebot3_waffle_pi.xml -> /home/GTL/aghitu/CS8813/tdmpc/turtlebot_rl/install/turtlebot_rl/lib/python3.12/site-packages/turtlebot_rl/tdmpc_utils/assets/robotis_tb3\n'}
[2.642977] (turtlebot_rl) StdoutLine: {'line': b'copying /home/GTL/aghitu/CS8813/tdmpc/turtlebot_rl/build/turtlebot_rl/build/lib/turtlebot_rl/tdmpc_utils/assets/robotis_tb3/tb3_waffle_pi.png -> /home/GTL/aghitu/CS8813/tdmpc/turtlebot_rl/install/turtlebot_rl/lib/python3.12/site-packages/turtlebot_rl/tdmpc_utils/assets/robotis_tb3\n'}
[2.648515] (turtlebot_rl) StdoutLine: {'line': b'creating /home/GTL/aghitu/CS8813/tdmpc/turtlebot_rl/install/turtlebot_rl/lib/python3.12/site-packages/turtlebot_rl/tdmpc_utils/assets/robotis_tb3/assets\n'}
[2.649521] (turtlebot_rl) StdoutLine: {'line': b'copying /home/GTL/aghitu/CS8813/tdmpc/turtlebot_rl/build/turtlebot_rl/build/lib/turtlebot_rl/tdmpc_utils/assets/robotis_tb3/assets/right_tire.stl -> /home/GTL/aghitu/CS8813/tdmpc/turtlebot_rl/install/turtlebot_rl/lib/python3.12/site-packages/turtlebot_rl/tdmpc_utils/assets/robotis_tb3/assets\n'}
[2.662671] (turtlebot_rl) StdoutLine: {'line': b'copying /home/GTL/aghitu/CS8813/tdmpc/turtlebot_rl/build/turtlebot_rl/build/lib/turtlebot_rl/tdmpc_utils/assets/robotis_tb3/assets/lds.stl -> /home/GTL/aghitu/CS8813/tdmpc/turtlebot_rl/install/turtlebot_rl/lib/python3.12/site-packages/turtlebot_rl/tdmpc_utils/assets/robotis_tb3/assets\n'}
[2.679416] (turtlebot_rl) StdoutLine: {'line': b'copying /home/GTL/aghitu/CS8813/tdmpc/turtlebot_rl/build/turtlebot_rl/build/lib/turtlebot_rl/tdmpc_utils/assets/robotis_tb3/assets/waffle_base.stl -> /home/GTL/aghitu/CS8813/tdmpc/turtlebot_rl/install/turtlebot_rl/lib/python3.12/site-packages/turtlebot_rl/tdmpc_utils/assets/robotis_tb3/assets\n'}
[2.703116] (-) TimerEvent: {}
[2.803364] (-) TimerEvent: {}
[2.822953] (turtlebot_rl) StdoutLine: {'line': b'copying /home/GTL/aghitu/CS8813/tdmpc/turtlebot_rl/build/turtlebot_rl/build/lib/turtlebot_rl/tdmpc_utils/assets/robotis_tb3/assets/burger_base.stl -> /home/GTL/aghitu/CS8813/tdmpc/turtlebot_rl/install/turtlebot_rl/lib/python3.12/site-packages/turtlebot_rl/tdmpc_utils/assets/robotis_tb3/assets\n'}
[2.900016] (turtlebot_rl) StdoutLine: {'line': b'copying /home/GTL/aghitu/CS8813/tdmpc/turtlebot_rl/build/turtlebot_rl/build/lib/turtlebot_rl/tdmpc_utils/assets/robotis_tb3/assets/left_tire.stl -> /home/GTL/aghitu/CS8813/tdmpc/turtlebot_rl/install/turtlebot_rl/lib/python3.12/site-packages/turtlebot_rl/tdmpc_utils/assets/robotis_tb3/assets\n'}
[2.903452] (-) TimerEvent: {}
[2.913456] (turtlebot_rl) StdoutLine: {'line': b'copying /home/GTL/aghitu/CS8813/tdmpc/turtlebot_rl/build/turtlebot_rl/build/lib/turtlebot_rl/tdmpc_utils/assets/robotis_tb3/assets/waffle_pi_base.stl -> /home/GTL/aghitu/CS8813/tdmpc/turtlebot_rl/install/turtlebot_rl/lib/python3.12/site-packages/turtlebot_rl/tdmpc_utils/assets/robotis_tb3/assets\n'}
[3.003586] (-) TimerEvent: {}
[3.027698] (turtlebot_rl) StdoutLine: {'line': b'copying /home/GTL/aghitu/CS8813/tdmpc/turtlebot_rl/build/turtlebot_rl/build/lib/turtlebot_rl/tdmpc_utils/assets/robotis_tb3/tb3_burger.png -> /home/GTL/aghitu/CS8813/tdmpc/turtlebot_rl/install/turtlebot_rl/lib/python3.12/site-packages/turtlebot_rl/tdmpc_utils/assets/robotis_tb3\n'}
[3.031446] (turtlebot_rl) StdoutLine: {'line': b'copying /home/GTL/aghitu/CS8813/tdmpc/turtlebot_rl/build/turtlebot_rl/build/lib/turtlebot_rl/tdmpc_utils/assets/0.gif -> /home/GTL/aghitu/CS8813/tdmpc/turtlebot_rl/install/turtlebot_rl/lib/python3.12/site-packages/turtlebot_rl/tdmpc_utils/assets\n'}
[3.043514] (turtlebot_rl) StdoutLine: {'line': b'running install_data\n'}
[3.043627] (turtlebot_rl) StdoutLine: {'line': b'running install_egg_info\n'}
[3.064394] (turtlebot_rl) StdoutLine: {'line': b"removing '/home/GTL/aghitu/CS8813/tdmpc/turtlebot_rl/install/turtlebot_rl/lib/python3.12/site-packages/turtlebot_rl-0.0.0-py3.12.egg-info' (and everything under it)\n"}
[3.068407] (turtlebot_rl) StdoutLine: {'line': b'Copying build/turtlebot_rl/turtlebot_rl.egg-info to /home/GTL/aghitu/CS8813/tdmpc/turtlebot_rl/install/turtlebot_rl/lib/python3.12/site-packages/turtlebot_rl-0.0.0-py3.12.egg-info\n'}
[3.090262] (turtlebot_rl) StdoutLine: {'line': b'running install_scripts\n'}
[3.103662] (-) TimerEvent: {}
[3.203896] (-) TimerEvent: {}
[3.219273] (turtlebot_rl) StdoutLine: {'line': b'Installing goto script to /home/GTL/aghitu/CS8813/tdmpc/turtlebot_rl/install/turtlebot_rl/lib/turtlebot_rl\n'}
[3.223984] (turtlebot_rl) StdoutLine: {'line': b"writing list of installed files to '/home/GTL/aghitu/CS8813/tdmpc/turtlebot_rl/build/turtlebot_rl/install.log'\n"}
[3.243671] (turtlebot_rl) CommandEnded: {'returncode': 0}
[3.279659] (turtlebot_rl) JobEnded: {'identifier': 'turtlebot_rl', 'rc': 0}
[3.281053] (-) EventReactorShutdown: {}
