[0.846s] Invoking command in '/home/GTL/aghitu/CS8813/tdmpc/turtlebot_rl': CONDA_PROMPT_MODIFIER=(tdmpc2_312) DEBUGINFOD_URLS=https://debuginfod.ubuntu.com PYTHONPATH=/home/GTL/aghitu/CS8813/tdmpc/turtlebot_rl/build/turtlebot_rl/prefix_override:/usr/lib/python3/dist-packages/colcon_core/task/python/colcon_distutils_commands:/home/GTL/aghitu/CS8813/tdmpc/turtlebot_rl/install/turtlebot_rl/lib/python3.12/site-packages:${PYTHONPATH} /usr/bin/python3 -W ignore:setup.py install is deprecated -W ignore:easy_install command is deprecated setup.py egg_info --egg-base build/turtlebot_rl build --build-base /home/GTL/aghitu/CS8813/tdmpc/turtlebot_rl/build/turtlebot_rl/build install --record /home/GTL/aghitu/CS8813/tdmpc/turtlebot_rl/build/turtlebot_rl/install.log --single-version-externally-managed install_data
[1.091s] running egg_info
[1.112s] writing build/turtlebot_rl/turtlebot_rl.egg-info/PKG-INFO
[1.114s] writing dependency_links to build/turtlebot_rl/turtlebot_rl.egg-info/dependency_links.txt
[1.115s] writing entry points to build/turtlebot_rl/turtlebot_rl.egg-info/entry_points.txt
[1.116s] writing requirements to build/turtlebot_rl/turtlebot_rl.egg-info/requires.txt
[1.117s] writing top-level names to build/turtlebot_rl/turtlebot_rl.egg-info/top_level.txt
[1.180s] reading manifest file 'build/turtlebot_rl/turtlebot_rl.egg-info/SOURCES.txt'
[1.182s] writing manifest file 'build/turtlebot_rl/turtlebot_rl.egg-info/SOURCES.txt'
[1.184s] running build
[1.184s] running build_py
[1.184s] copying turtlebot_rl/goto.py -> /home/GTL/aghitu/CS8813/tdmpc/turtlebot_rl/build/turtlebot_rl/build/lib/turtlebot_rl
[1.187s] copying turtlebot_rl/TDMPC2Controller.py -> /home/GTL/aghitu/CS8813/tdmpc/turtlebot_rl/build/turtlebot_rl/build/lib/turtlebot_rl
[1.190s] creating /home/GTL/aghitu/CS8813/tdmpc/turtlebot_rl/build/turtlebot_rl/build/lib/turtlebot_rl/tdmpc_utils/envs
[1.192s] copying turtlebot_rl/tdmpc_utils/envs/tb3_ppo.py -> /home/GTL/aghitu/CS8813/tdmpc/turtlebot_rl/build/turtlebot_rl/build/lib/turtlebot_rl/tdmpc_utils/envs
[1.193s] copying turtlebot_rl/tdmpc_utils/envs/dmcontrol.py -> /home/GTL/aghitu/CS8813/tdmpc/turtlebot_rl/build/turtlebot_rl/build/lib/turtlebot_rl/tdmpc_utils/envs
[1.195s] copying turtlebot_rl/tdmpc_utils/envs/mujoco.py -> /home/GTL/aghitu/CS8813/tdmpc/turtlebot_rl/build/turtlebot_rl/build/lib/turtlebot_rl/tdmpc_utils/envs
[1.197s] copying turtlebot_rl/tdmpc_utils/envs/metaworld.py -> /home/GTL/aghitu/CS8813/tdmpc/turtlebot_rl/build/turtlebot_rl/build/lib/turtlebot_rl/tdmpc_utils/envs
[1.199s] copying turtlebot_rl/tdmpc_utils/envs/__init__.py -> /home/GTL/aghitu/CS8813/tdmpc/turtlebot_rl/build/turtlebot_rl/build/lib/turtlebot_rl/tdmpc_utils/envs
[1.200s] copying turtlebot_rl/tdmpc_utils/envs/tb2_kobuki.py -> /home/GTL/aghitu/CS8813/tdmpc/turtlebot_rl/build/turtlebot_rl/build/lib/turtlebot_rl/tdmpc_utils/envs
[1.202s] copying turtlebot_rl/tdmpc_utils/envs/maniskill.py -> /home/GTL/aghitu/CS8813/tdmpc/turtlebot_rl/build/turtlebot_rl/build/lib/turtlebot_rl/tdmpc_utils/envs
[1.204s] copying turtlebot_rl/tdmpc_utils/envs/myosuite.py -> /home/GTL/aghitu/CS8813/tdmpc/turtlebot_rl/build/turtlebot_rl/build/lib/turtlebot_rl/tdmpc_utils/envs
[1.205s] copying turtlebot_rl/tdmpc_utils/envs/tb3.py -> /home/GTL/aghitu/CS8813/tdmpc/turtlebot_rl/build/turtlebot_rl/build/lib/turtlebot_rl/tdmpc_utils/envs
[1.207s] creating /home/GTL/aghitu/CS8813/tdmpc/turtlebot_rl/build/turtlebot_rl/build/lib/turtlebot_rl/tdmpc_utils/envs/wrappers
[1.208s] copying turtlebot_rl/tdmpc_utils/envs/wrappers/multitask.py -> /home/GTL/aghitu/CS8813/tdmpc/turtlebot_rl/build/turtlebot_rl/build/lib/turtlebot_rl/tdmpc_utils/envs/wrappers
[1.210s] copying turtlebot_rl/tdmpc_utils/envs/wrappers/tensor.py -> /home/GTL/aghitu/CS8813/tdmpc/turtlebot_rl/build/turtlebot_rl/build/lib/turtlebot_rl/tdmpc_utils/envs/wrappers
[1.211s] copying turtlebot_rl/tdmpc_utils/envs/wrappers/__init__.py -> /home/GTL/aghitu/CS8813/tdmpc/turtlebot_rl/build/turtlebot_rl/build/lib/turtlebot_rl/tdmpc_utils/envs/wrappers
[1.213s] copying turtlebot_rl/tdmpc_utils/envs/wrappers/timeout.py -> /home/GTL/aghitu/CS8813/tdmpc/turtlebot_rl/build/turtlebot_rl/build/lib/turtlebot_rl/tdmpc_utils/envs/wrappers
[1.214s] creating /home/GTL/aghitu/CS8813/tdmpc/turtlebot_rl/build/turtlebot_rl/build/lib/turtlebot_rl/tdmpc_utils/envs/tasks
[1.215s] copying turtlebot_rl/tdmpc_utils/envs/tasks/cheetah.py -> /home/GTL/aghitu/CS8813/tdmpc/turtlebot_rl/build/turtlebot_rl/build/lib/turtlebot_rl/tdmpc_utils/envs/tasks
[1.218s] copying turtlebot_rl/tdmpc_utils/envs/tasks/hopper.py -> /home/GTL/aghitu/CS8813/tdmpc/turtlebot_rl/build/turtlebot_rl/build/lib/turtlebot_rl/tdmpc_utils/envs/tasks
[1.220s] copying turtlebot_rl/tdmpc_utils/envs/tasks/walker.py -> /home/GTL/aghitu/CS8813/tdmpc/turtlebot_rl/build/turtlebot_rl/build/lib/turtlebot_rl/tdmpc_utils/envs/tasks
[1.222s] copying turtlebot_rl/tdmpc_utils/envs/tasks/__init__.py -> /home/GTL/aghitu/CS8813/tdmpc/turtlebot_rl/build/turtlebot_rl/build/lib/turtlebot_rl/tdmpc_utils/envs/tasks
[1.223s] copying turtlebot_rl/tdmpc_utils/envs/tasks/ball_in_cup.py -> /home/GTL/aghitu/CS8813/tdmpc/turtlebot_rl/build/turtlebot_rl/build/lib/turtlebot_rl/tdmpc_utils/envs/tasks
[1.224s] copying turtlebot_rl/tdmpc_utils/envs/tasks/pendulum.py -> /home/GTL/aghitu/CS8813/tdmpc/turtlebot_rl/build/turtlebot_rl/build/lib/turtlebot_rl/tdmpc_utils/envs/tasks
[1.226s] copying turtlebot_rl/tdmpc_utils/envs/tasks/reacher.py -> /home/GTL/aghitu/CS8813/tdmpc/turtlebot_rl/build/turtlebot_rl/build/lib/turtlebot_rl/tdmpc_utils/envs/tasks
[1.228s] copying turtlebot_rl/tdmpc_utils/envs/tasks/fish.py -> /home/GTL/aghitu/CS8813/tdmpc/turtlebot_rl/build/turtlebot_rl/build/lib/turtlebot_rl/tdmpc_utils/envs/tasks
[1.253s] running install
[1.257s] running install_lib
[1.278s] copying /home/GTL/aghitu/CS8813/tdmpc/turtlebot_rl/build/turtlebot_rl/build/lib/turtlebot_rl/goto.py -> /home/GTL/aghitu/CS8813/tdmpc/turtlebot_rl/install/turtlebot_rl/lib/python3.12/site-packages/turtlebot_rl
[1.281s] copying /home/GTL/aghitu/CS8813/tdmpc/turtlebot_rl/build/turtlebot_rl/build/lib/turtlebot_rl/TDMPC2Controller.py -> /home/GTL/aghitu/CS8813/tdmpc/turtlebot_rl/install/turtlebot_rl/lib/python3.12/site-packages/turtlebot_rl
[1.286s] creating /home/GTL/aghitu/CS8813/tdmpc/turtlebot_rl/install/turtlebot_rl/lib/python3.12/site-packages/turtlebot_rl/tdmpc_utils/envs
[1.288s] creating /home/GTL/aghitu/CS8813/tdmpc/turtlebot_rl/install/turtlebot_rl/lib/python3.12/site-packages/turtlebot_rl/tdmpc_utils/envs/wrappers
[1.290s] copying /home/GTL/aghitu/CS8813/tdmpc/turtlebot_rl/build/turtlebot_rl/build/lib/turtlebot_rl/tdmpc_utils/envs/wrappers/multitask.py -> /home/GTL/aghitu/CS8813/tdmpc/turtlebot_rl/install/turtlebot_rl/lib/python3.12/site-packages/turtlebot_rl/tdmpc_utils/envs/wrappers
[1.292s] copying /home/GTL/aghitu/CS8813/tdmpc/turtlebot_rl/build/turtlebot_rl/build/lib/turtlebot_rl/tdmpc_utils/envs/wrappers/tensor.py -> /home/GTL/aghitu/CS8813/tdmpc/turtlebot_rl/install/turtlebot_rl/lib/python3.12/site-packages/turtlebot_rl/tdmpc_utils/envs/wrappers
[1.295s] copying /home/GTL/aghitu/CS8813/tdmpc/turtlebot_rl/build/turtlebot_rl/build/lib/turtlebot_rl/tdmpc_utils/envs/wrappers/__init__.py -> /home/GTL/aghitu/CS8813/tdmpc/turtlebot_rl/install/turtlebot_rl/lib/python3.12/site-packages/turtlebot_rl/tdmpc_utils/envs/wrappers
[1.296s] copying /home/GTL/aghitu/CS8813/tdmpc/turtlebot_rl/build/turtlebot_rl/build/lib/turtlebot_rl/tdmpc_utils/envs/wrappers/timeout.py -> /home/GTL/aghitu/CS8813/tdmpc/turtlebot_rl/install/turtlebot_rl/lib/python3.12/site-packages/turtlebot_rl/tdmpc_utils/envs/wrappers
[1.299s] copying /home/GTL/aghitu/CS8813/tdmpc/turtlebot_rl/build/turtlebot_rl/build/lib/turtlebot_rl/tdmpc_utils/envs/tb3_ppo.py -> /home/GTL/aghitu/CS8813/tdmpc/turtlebot_rl/install/turtlebot_rl/lib/python3.12/site-packages/turtlebot_rl/tdmpc_utils/envs
[1.302s] creating /home/GTL/aghitu/CS8813/tdmpc/turtlebot_rl/install/turtlebot_rl/lib/python3.12/site-packages/turtlebot_rl/tdmpc_utils/envs/tasks
[1.303s] copying /home/GTL/aghitu/CS8813/tdmpc/turtlebot_rl/build/turtlebot_rl/build/lib/turtlebot_rl/tdmpc_utils/envs/tasks/cheetah.py -> /home/GTL/aghitu/CS8813/tdmpc/turtlebot_rl/install/turtlebot_rl/lib/python3.12/site-packages/turtlebot_rl/tdmpc_utils/envs/tasks
[1.306s] copying /home/GTL/aghitu/CS8813/tdmpc/turtlebot_rl/build/turtlebot_rl/build/lib/turtlebot_rl/tdmpc_utils/envs/tasks/hopper.py -> /home/GTL/aghitu/CS8813/tdmpc/turtlebot_rl/install/turtlebot_rl/lib/python3.12/site-packages/turtlebot_rl/tdmpc_utils/envs/tasks
[1.309s] copying /home/GTL/aghitu/CS8813/tdmpc/turtlebot_rl/build/turtlebot_rl/build/lib/turtlebot_rl/tdmpc_utils/envs/tasks/walker.py -> /home/GTL/aghitu/CS8813/tdmpc/turtlebot_rl/install/turtlebot_rl/lib/python3.12/site-packages/turtlebot_rl/tdmpc_utils/envs/tasks
[1.312s] copying /home/GTL/aghitu/CS8813/tdmpc/turtlebot_rl/build/turtlebot_rl/build/lib/turtlebot_rl/tdmpc_utils/envs/tasks/__init__.py -> /home/GTL/aghitu/CS8813/tdmpc/turtlebot_rl/install/turtlebot_rl/lib/python3.12/site-packages/turtlebot_rl/tdmpc_utils/envs/tasks
[1.314s] copying /home/GTL/aghitu/CS8813/tdmpc/turtlebot_rl/build/turtlebot_rl/build/lib/turtlebot_rl/tdmpc_utils/envs/tasks/ball_in_cup.py -> /home/GTL/aghitu/CS8813/tdmpc/turtlebot_rl/install/turtlebot_rl/lib/python3.12/site-packages/turtlebot_rl/tdmpc_utils/envs/tasks
[1.316s] copying /home/GTL/aghitu/CS8813/tdmpc/turtlebot_rl/build/turtlebot_rl/build/lib/turtlebot_rl/tdmpc_utils/envs/tasks/pendulum.py -> /home/GTL/aghitu/CS8813/tdmpc/turtlebot_rl/install/turtlebot_rl/lib/python3.12/site-packages/turtlebot_rl/tdmpc_utils/envs/tasks
[1.319s] copying /home/GTL/aghitu/CS8813/tdmpc/turtlebot_rl/build/turtlebot_rl/build/lib/turtlebot_rl/tdmpc_utils/envs/tasks/reacher.py -> /home/GTL/aghitu/CS8813/tdmpc/turtlebot_rl/install/turtlebot_rl/lib/python3.12/site-packages/turtlebot_rl/tdmpc_utils/envs/tasks
[1.321s] copying /home/GTL/aghitu/CS8813/tdmpc/turtlebot_rl/build/turtlebot_rl/build/lib/turtlebot_rl/tdmpc_utils/envs/tasks/fish.py -> /home/GTL/aghitu/CS8813/tdmpc/turtlebot_rl/install/turtlebot_rl/lib/python3.12/site-packages/turtlebot_rl/tdmpc_utils/envs/tasks
[1.323s] copying /home/GTL/aghitu/CS8813/tdmpc/turtlebot_rl/build/turtlebot_rl/build/lib/turtlebot_rl/tdmpc_utils/envs/dmcontrol.py -> /home/GTL/aghitu/CS8813/tdmpc/turtlebot_rl/install/turtlebot_rl/lib/python3.12/site-packages/turtlebot_rl/tdmpc_utils/envs
[1.326s] copying /home/GTL/aghitu/CS8813/tdmpc/turtlebot_rl/build/turtlebot_rl/build/lib/turtlebot_rl/tdmpc_utils/envs/mujoco.py -> /home/GTL/aghitu/CS8813/tdmpc/turtlebot_rl/install/turtlebot_rl/lib/python3.12/site-packages/turtlebot_rl/tdmpc_utils/envs
[1.328s] copying /home/GTL/aghitu/CS8813/tdmpc/turtlebot_rl/build/turtlebot_rl/build/lib/turtlebot_rl/tdmpc_utils/envs/metaworld.py -> /home/GTL/aghitu/CS8813/tdmpc/turtlebot_rl/install/turtlebot_rl/lib/python3.12/site-packages/turtlebot_rl/tdmpc_utils/envs
[1.330s] copying /home/GTL/aghitu/CS8813/tdmpc/turtlebot_rl/build/turtlebot_rl/build/lib/turtlebot_rl/tdmpc_utils/envs/__init__.py -> /home/GTL/aghitu/CS8813/tdmpc/turtlebot_rl/install/turtlebot_rl/lib/python3.12/site-packages/turtlebot_rl/tdmpc_utils/envs
[1.333s] copying /home/GTL/aghitu/CS8813/tdmpc/turtlebot_rl/build/turtlebot_rl/build/lib/turtlebot_rl/tdmpc_utils/envs/tb2_kobuki.py -> /home/GTL/aghitu/CS8813/tdmpc/turtlebot_rl/install/turtlebot_rl/lib/python3.12/site-packages/turtlebot_rl/tdmpc_utils/envs
[1.336s] copying /home/GTL/aghitu/CS8813/tdmpc/turtlebot_rl/build/turtlebot_rl/build/lib/turtlebot_rl/tdmpc_utils/envs/maniskill.py -> /home/GTL/aghitu/CS8813/tdmpc/turtlebot_rl/install/turtlebot_rl/lib/python3.12/site-packages/turtlebot_rl/tdmpc_utils/envs
[1.338s] copying /home/GTL/aghitu/CS8813/tdmpc/turtlebot_rl/build/turtlebot_rl/build/lib/turtlebot_rl/tdmpc_utils/envs/myosuite.py -> /home/GTL/aghitu/CS8813/tdmpc/turtlebot_rl/install/turtlebot_rl/lib/python3.12/site-packages/turtlebot_rl/tdmpc_utils/envs
[1.340s] copying /home/GTL/aghitu/CS8813/tdmpc/turtlebot_rl/build/turtlebot_rl/build/lib/turtlebot_rl/tdmpc_utils/envs/tb3.py -> /home/GTL/aghitu/CS8813/tdmpc/turtlebot_rl/install/turtlebot_rl/lib/python3.12/site-packages/turtlebot_rl/tdmpc_utils/envs
[1.344s] byte-compiling /home/GTL/aghitu/CS8813/tdmpc/turtlebot_rl/install/turtlebot_rl/lib/python3.12/site-packages/turtlebot_rl/goto.py to goto.cpython-312.pyc
[1.400s] byte-compiling /home/GTL/aghitu/CS8813/tdmpc/turtlebot_rl/install/turtlebot_rl/lib/python3.12/site-packages/turtlebot_rl/TDMPC2Controller.py to TDMPC2Controller.cpython-312.pyc
[1.408s] byte-compiling /home/GTL/aghitu/CS8813/tdmpc/turtlebot_rl/install/turtlebot_rl/lib/python3.12/site-packages/turtlebot_rl/tdmpc_utils/envs/wrappers/multitask.py to multitask.cpython-312.pyc
[1.412s] byte-compiling /home/GTL/aghitu/CS8813/tdmpc/turtlebot_rl/install/turtlebot_rl/lib/python3.12/site-packages/turtlebot_rl/tdmpc_utils/envs/wrappers/tensor.py to tensor.cpython-312.pyc
[1.415s] byte-compiling /home/GTL/aghitu/CS8813/tdmpc/turtlebot_rl/install/turtlebot_rl/lib/python3.12/site-packages/turtlebot_rl/tdmpc_utils/envs/wrappers/__init__.py to __init__.cpython-312.pyc
[1.417s] byte-compiling /home/GTL/aghitu/CS8813/tdmpc/turtlebot_rl/install/turtlebot_rl/lib/python3.12/site-packages/turtlebot_rl/tdmpc_utils/envs/wrappers/timeout.py to timeout.cpython-312.pyc
[1.420s] byte-compiling /home/GTL/aghitu/CS8813/tdmpc/turtlebot_rl/install/turtlebot_rl/lib/python3.12/site-packages/turtlebot_rl/tdmpc_utils/envs/tb3_ppo.py to tb3_ppo.cpython-312.pyc
[1.424s] byte-compiling /home/GTL/aghitu/CS8813/tdmpc/turtlebot_rl/install/turtlebot_rl/lib/python3.12/site-packages/turtlebot_rl/tdmpc_utils/envs/tasks/cheetah.py to cheetah.cpython-312.pyc
[1.430s] byte-compiling /home/GTL/aghitu/CS8813/tdmpc/turtlebot_rl/install/turtlebot_rl/lib/python3.12/site-packages/turtlebot_rl/tdmpc_utils/envs/tasks/hopper.py to hopper.cpython-312.pyc
[1.432s] byte-compiling /home/GTL/aghitu/CS8813/tdmpc/turtlebot_rl/install/turtlebot_rl/lib/python3.12/site-packages/turtlebot_rl/tdmpc_utils/envs/tasks/walker.py to walker.cpython-312.pyc
[1.437s] byte-compiling /home/GTL/aghitu/CS8813/tdmpc/turtlebot_rl/install/turtlebot_rl/lib/python3.12/site-packages/turtlebot_rl/tdmpc_utils/envs/tasks/__init__.py to __init__.cpython-312.pyc
[1.440s] byte-compiling /home/GTL/aghitu/CS8813/tdmpc/turtlebot_rl/install/turtlebot_rl/lib/python3.12/site-packages/turtlebot_rl/tdmpc_utils/envs/tasks/ball_in_cup.py to ball_in_cup.cpython-312.pyc
[1.443s] byte-compiling /home/GTL/aghitu/CS8813/tdmpc/turtlebot_rl/install/turtlebot_rl/lib/python3.12/site-packages/turtlebot_rl/tdmpc_utils/envs/tasks/pendulum.py to pendulum.cpython-312.pyc
[1.445s] byte-compiling /home/GTL/aghitu/CS8813/tdmpc/turtlebot_rl/install/turtlebot_rl/lib/python3.12/site-packages/turtlebot_rl/tdmpc_utils/envs/tasks/reacher.py to reacher.cpython-312.pyc
[1.448s] byte-compiling /home/GTL/aghitu/CS8813/tdmpc/turtlebot_rl/install/turtlebot_rl/lib/python3.12/site-packages/turtlebot_rl/tdmpc_utils/envs/tasks/fish.py to fish.cpython-312.pyc
[1.451s] byte-compiling /home/GTL/aghitu/CS8813/tdmpc/turtlebot_rl/install/turtlebot_rl/lib/python3.12/site-packages/turtlebot_rl/tdmpc_utils/envs/dmcontrol.py to dmcontrol.cpython-312.pyc
[1.455s] byte-compiling /home/GTL/aghitu/CS8813/tdmpc/turtlebot_rl/install/turtlebot_rl/lib/python3.12/site-packages/turtlebot_rl/tdmpc_utils/envs/mujoco.py to mujoco.cpython-312.pyc
[1.457s] byte-compiling /home/GTL/aghitu/CS8813/tdmpc/turtlebot_rl/install/turtlebot_rl/lib/python3.12/site-packages/turtlebot_rl/tdmpc_utils/envs/metaworld.py to metaworld.cpython-312.pyc
[1.460s] byte-compiling /home/GTL/aghitu/CS8813/tdmpc/turtlebot_rl/install/turtlebot_rl/lib/python3.12/site-packages/turtlebot_rl/tdmpc_utils/envs/__init__.py to __init__.cpython-312.pyc
[1.462s] byte-compiling /home/GTL/aghitu/CS8813/tdmpc/turtlebot_rl/install/turtlebot_rl/lib/python3.12/site-packages/turtlebot_rl/tdmpc_utils/envs/tb2_kobuki.py to tb2_kobuki.cpython-312.pyc
[1.467s] byte-compiling /home/GTL/aghitu/CS8813/tdmpc/turtlebot_rl/install/turtlebot_rl/lib/python3.12/site-packages/turtlebot_rl/tdmpc_utils/envs/maniskill.py to maniskill.cpython-312.pyc
[1.470s] byte-compiling /home/GTL/aghitu/CS8813/tdmpc/turtlebot_rl/install/turtlebot_rl/lib/python3.12/site-packages/turtlebot_rl/tdmpc_utils/envs/myosuite.py to myosuite.cpython-312.pyc
[1.473s] byte-compiling /home/GTL/aghitu/CS8813/tdmpc/turtlebot_rl/install/turtlebot_rl/lib/python3.12/site-packages/turtlebot_rl/tdmpc_utils/envs/tb3.py to tb3.cpython-312.pyc
[1.478s] running install_data
[1.478s] running install_egg_info
[1.499s] removing '/home/GTL/aghitu/CS8813/tdmpc/turtlebot_rl/install/turtlebot_rl/lib/python3.12/site-packages/turtlebot_rl-0.0.0-py3.12.egg-info' (and everything under it)
[1.503s] Copying build/turtlebot_rl/turtlebot_rl.egg-info to /home/GTL/aghitu/CS8813/tdmpc/turtlebot_rl/install/turtlebot_rl/lib/python3.12/site-packages/turtlebot_rl-0.0.0-py3.12.egg-info
[1.527s] running install_scripts
[1.663s] Installing goto script to /home/GTL/aghitu/CS8813/tdmpc/turtlebot_rl/install/turtlebot_rl/lib/turtlebot_rl
[1.667s] writing list of installed files to '/home/GTL/aghitu/CS8813/tdmpc/turtlebot_rl/build/turtlebot_rl/install.log'
[1.687s] Invoked command in '/home/GTL/aghitu/CS8813/tdmpc/turtlebot_rl' returned '0': CONDA_PROMPT_MODIFIER=(tdmpc2_312) DEBUGINFOD_URLS=https://debuginfod.ubuntu.com PYTHONPATH=/home/GTL/aghitu/CS8813/tdmpc/turtlebot_rl/build/turtlebot_rl/prefix_override:/usr/lib/python3/dist-packages/colcon_core/task/python/colcon_distutils_commands:/home/GTL/aghitu/CS8813/tdmpc/turtlebot_rl/install/turtlebot_rl/lib/python3.12/site-packages:${PYTHONPATH} /usr/bin/python3 -W ignore:setup.py install is deprecated -W ignore:easy_install command is deprecated setup.py egg_info --egg-base build/turtlebot_rl build --build-base /home/GTL/aghitu/CS8813/tdmpc/turtlebot_rl/build/turtlebot_rl/build install --record /home/GTL/aghitu/CS8813/tdmpc/turtlebot_rl/build/turtlebot_rl/install.log --single-version-externally-managed install_data
