[0.801s] Invoking command in '/home/GTL/aghitu/CS8813/tdmpc/turtlebot_rl': CONDA_PROMPT_MODIFIER=(tdmpc2_312) DEBUGINFOD_URLS=https://debuginfod.ubuntu.com PYTHONPATH=/home/GTL/aghitu/CS8813/tdmpc/turtlebot_rl/build/turtlebot_rl/prefix_override:/usr/lib/python3/dist-packages/colcon_core/task/python/colcon_distutils_commands:/home/GTL/aghitu/CS8813/tdmpc/turtlebot_rl/install/turtlebot_rl/lib/python3.12/site-packages:${PYTHONPATH} /usr/bin/python3 -W ignore:setup.py install is deprecated -W ignore:easy_install command is deprecated setup.py egg_info --egg-base build/turtlebot_rl build --build-base /home/GTL/aghitu/CS8813/tdmpc/turtlebot_rl/build/turtlebot_rl/build install --record /home/GTL/aghitu/CS8813/tdmpc/turtlebot_rl/build/turtlebot_rl/install.log --single-version-externally-managed install_data
[1.043s] running egg_info
[1.063s] writing build/turtlebot_rl/turtlebot_rl.egg-info/PKG-INFO
[1.064s] writing dependency_links to build/turtlebot_rl/turtlebot_rl.egg-info/dependency_links.txt
[1.066s] writing entry points to build/turtlebot_rl/turtlebot_rl.egg-info/entry_points.txt
[1.067s] writing requirements to build/turtlebot_rl/turtlebot_rl.egg-info/requires.txt
[1.067s] writing top-level names to build/turtlebot_rl/turtlebot_rl.egg-info/top_level.txt
[1.111s] reading manifest file 'build/turtlebot_rl/turtlebot_rl.egg-info/SOURCES.txt'
[1.113s] writing manifest file 'build/turtlebot_rl/turtlebot_rl.egg-info/SOURCES.txt'
[1.114s] running build
[1.114s] running build_py
[1.115s] copying turtlebot_rl/goto.py -> /home/GTL/aghitu/CS8813/tdmpc/turtlebot_rl/build/turtlebot_rl/build/lib/turtlebot_rl
[1.121s] running install
[1.125s] running install_lib
[1.147s] copying /home/GTL/aghitu/CS8813/tdmpc/turtlebot_rl/build/turtlebot_rl/build/lib/turtlebot_rl/goto.py -> /home/GTL/aghitu/CS8813/tdmpc/turtlebot_rl/install/turtlebot_rl/lib/python3.12/site-packages/turtlebot_rl
[1.152s] byte-compiling /home/GTL/aghitu/CS8813/tdmpc/turtlebot_rl/install/turtlebot_rl/lib/python3.12/site-packages/turtlebot_rl/goto.py to goto.cpython-312.pyc
[1.247s] running install_data
[1.248s] running install_egg_info
[1.284s] removing '/home/GTL/aghitu/CS8813/tdmpc/turtlebot_rl/install/turtlebot_rl/lib/python3.12/site-packages/turtlebot_rl-0.0.0-py3.12.egg-info' (and everything under it)
[1.289s] Copying build/turtlebot_rl/turtlebot_rl.egg-info to /home/GTL/aghitu/CS8813/tdmpc/turtlebot_rl/install/turtlebot_rl/lib/python3.12/site-packages/turtlebot_rl-0.0.0-py3.12.egg-info
[1.312s] running install_scripts
[1.442s] Installing goto script to /home/GTL/aghitu/CS8813/tdmpc/turtlebot_rl/install/turtlebot_rl/lib/turtlebot_rl
[1.446s] writing list of installed files to '/home/GTL/aghitu/CS8813/tdmpc/turtlebot_rl/build/turtlebot_rl/install.log'
[1.466s] Invoked command in '/home/GTL/aghitu/CS8813/tdmpc/turtlebot_rl' returned '0': CONDA_PROMPT_MODIFIER=(tdmpc2_312) DEBUGINFOD_URLS=https://debuginfod.ubuntu.com PYTHONPATH=/home/GTL/aghitu/CS8813/tdmpc/turtlebot_rl/build/turtlebot_rl/prefix_override:/usr/lib/python3/dist-packages/colcon_core/task/python/colcon_distutils_commands:/home/GTL/aghitu/CS8813/tdmpc/turtlebot_rl/install/turtlebot_rl/lib/python3.12/site-packages:${PYTHONPATH} /usr/bin/python3 -W ignore:setup.py install is deprecated -W ignore:easy_install command is deprecated setup.py egg_info --egg-base build/turtlebot_rl build --build-base /home/GTL/aghitu/CS8813/tdmpc/turtlebot_rl/build/turtlebot_rl/build install --record /home/GTL/aghitu/CS8813/tdmpc/turtlebot_rl/build/turtlebot_rl/install.log --single-version-externally-managed install_data
