[0.000000] (-) TimerEvent: {}
[0.000086] (turtlebot_rl) JobQueued: {'identifier': 'turtlebot_rl', 'dependencies': OrderedDict()}
[0.000108] (turtlebot_rl) JobStarted: {'identifier': 'turtlebot_rl'}
[0.099305] (-) TimerEvent: {}
[0.199573] (-) TimerEvent: {}
[0.299932] (-) TimerEvent: {}
[0.400269] (-) TimerEvent: {}
[0.500505] (-) TimerEvent: {}
[0.600688] (-) TimerEvent: {}
[0.700911] (-) TimerEvent: {}
[0.794904] (turtlebot_rl) Command: {'cmd': ['/usr/bin/python3', '-W', 'ignore:setup.py install is deprecated', '-W', 'ignore:easy_install command is deprecated', 'setup.py', 'egg_info', '--egg-base', 'build/turtlebot_rl', 'build', '--build-base', '/home/GTL/aghitu/CS8813/tdmpc/turtlebot_rl/build/turtlebot_rl/build', 'install', '--record', '/home/GTL/aghitu/CS8813/tdmpc/turtlebot_rl/build/turtlebot_rl/install.log', '--single-version-externally-managed', 'install_data'], 'cwd': '/home/GTL/aghitu/CS8813/tdmpc/turtlebot_rl', 'env': {'CONDA_PROMPT_MODIFIER': '(tdmpc2_312)', 'GZ_SIM_RESOURCE_PATH': '/opt/ros/kilted/share', 'USER': 'aghitu', 'GZ_CONFIG_PATH': '/opt/ros/kilted/opt/gz_sim_vendor/share/gz:/opt/ros/kilted/opt/sdformat_vendor/share/gz:/opt/ros/kilted/opt/gz_gui_vendor/share/gz:/opt/ros/kilted/opt/gz_transport_vendor/share/gz:/opt/ros/kilted/opt/gz_rendering_vendor/share/gz:/opt/ros/kilted/opt/gz_plugin_vendor/share/gz:/opt/ros/kilted/opt/gz_fuel_tools_vendor/share/gz:/opt/ros/kilted/opt/gz_msgs_vendor/share/gz:/opt/ros/kilted/opt/gz_common_vendor/share/gz', 'XDG_SESSION_TYPE': 'x11', 'CLUTTER_DISABLE_MIPMAPPED_TEXT': '1', 'SHLVL': '1', 'LD_LIBRARY_PATH': '/opt/ros/kilted/opt/zenoh_cpp_vendor/lib:/opt/ros/kilted/opt/gz_sim_vendor/lib:/opt/ros/kilted/opt/gz_sensors_vendor/lib:/opt/ros/kilted/opt/gz_physics_vendor/lib:/opt/ros/kilted/opt/sdformat_vendor/lib:/opt/ros/kilted/opt/gz_gui_vendor/lib:/opt/ros/kilted/opt/gz_transport_vendor/lib:/opt/ros/kilted/opt/gz_rendering_vendor/lib:/opt/ros/kilted/opt/gz_plugin_vendor/lib:/opt/ros/kilted/opt/gz_fuel_tools_vendor/lib:/opt/ros/kilted/opt/gz_msgs_vendor/lib:/opt/ros/kilted/opt/gz_common_vendor/lib:/opt/ros/kilted/opt/gz_math_vendor/lib:/opt/ros/kilted/opt/gz_utils_vendor/lib:/opt/ros/kilted/opt/rviz_ogre_vendor/lib:/opt/ros/kilted/lib/x86_64-linux-gnu:/opt/ros/kilted/opt/gz_tools_vendor/lib:/opt/ros/kilted/opt/gz_ogre_next_vendor/lib:/opt/ros/kilted/opt/gz_dartsim_vendor/lib:/opt/ros/kilted/opt/gz_cmake_vendor/lib:/opt/ros/kilted/lib', 'HOME': '/home/GTL/aghitu', 'CONDA_SHLVL': '5', 'CYCLONEDDS_URI': '/cs-share/pradalier/gtlpc_cyclonedds.xml', 'OLDPWD': '/home/GTL/aghitu/CS8813/tdmpc/turtlebot_rl/turtlebot_rl', 'DESKTOP_SESSION': 'ubuntu', 'ROS_PYTHON_VERSION': '3', 'GNOME_SHELL_SESSION_MODE': 'ubuntu', 'GTK_MODULES': 'gail:atk-bridge', 'SYSTEMD_EXEC_PID': '3356', 'GSM_SKIP_SSH_AGENT_WORKAROUND': 'true', 'DBUS_SESSION_BUS_ADDRESS': 'unix:path=/run/user/37714/bus', 'COLORTERM': 'truecolor', '_CE_M': '', '_CONDA_ROOT': '/cs-share/pradalier/miniforge3', '_colcon_cd_root': '/opt/ros/kilted/', 'DEBUGINFOD_URLS': 'https://debuginfod.ubuntu.com', 'COLCON_PREFIX_PATH': '/home/GTL/aghitu/CS8813/tdmpc/turtlebot_rl/install', 'ROS_DISTRO': 'kilted', 'LOGNAME': 'aghitu', '_': '/usr/bin/colcon', 'ROS_VERSION': '2', 'MEMORY_PRESSURE_WATCH': '/sys/fs/cgroup/user.slice/user-37714.slice/user@37714.service/session.slice/org.gnome.Shell@x11.service/memory.pressure', 'XDG_SESSION_CLASS': 'user', 'USERNAME': 'aghitu', 'TERM': 'xterm-256color', 'COPPELIASIM_ROOT_DIR': '/cs-share/pradalier/CoppeliaSim', 'GNOME_DESKTOP_SESSION_ID': 'this-is-deprecated', '_CE_CONDA': '', 'WINDOWPATH': '2', 'PATH': '/home/GTL/aghitu/.conda/envs/tdmpc2_312/bin:/cs-share/pradalier/miniforge3/condabin:/opt/ros/kilted/opt/gz_msgs_vendor/bin:/opt/ros/kilted/opt/gz_tools_vendor/bin:/opt/ros/kilted/opt/gz_ogre_next_vendor/bin:/opt/ros/kilted/bin:/usr/local/sbin:/usr/local/bin:/usr/sbin:/usr/bin:/sbin:/bin:/usr/games:/usr/local/games:/snap/bin:/snap/bin', 'SESSION_MANAGER': 'local/gtlpc117.georgiatech-metz.fr:@/tmp/.ICE-unix/3322,unix/gtlpc117.georgiatech-metz.fr:/tmp/.ICE-unix/3322', 'XDG_MENU_PREFIX': 'gnome-', 'GNOME_TERMINAL_SCREEN': '/org/gnome/Terminal/screen/02b4a7a2_1274_4f2a_b382_252dfd636817', 'ZENOH_CONFIG_OVERRIDE': 'mode="client";connect/endpoints=["tcp/turtlebot11:7447"]', 'XDG_RUNTIME_DIR': '/run/user/37714', 'DISPLAY': ':1', 'LANG': 'en_US.UTF-8', 'XDG_CURRENT_DESKTOP': 'ubuntu:GNOME', 'CONDA_PREFIX_1': '/cs-share/pradalier/miniforge3', 'RMW_IMPLEMENTATION': 'rmw_zenoh_cpp', 'XMODIFIERS': '@im=ibus', 'XDG_SESSION_DESKTOP': 'ubuntu', 'XAUTHORITY': '/run/user/37714/gdm/Xauthority', 'GNOME_TERMINAL_SERVICE': ':1.99', 'CONDA_PREFIX_2': '/home/GTL/aghitu/.conda/envs/tdmpc2', 'SSH_AUTH_SOCK': '/run/user/37714/keyring/ssh', 'ROS_DOMAIN_ID': '11', 'AMENT_PREFIX_PATH': '/home/GTL/aghitu/CS8813/tdmpc/turtlebot_rl/install/turtlebot_rl:/opt/ros/kilted', 'CONDA_PYTHON_EXE': '/cs-share/pradalier/miniforge3/bin/python', 'CONDA_PREFIX_3': '/home/GTL/aghitu/.conda/envs/tdmpc2_312', 'SHELL': '/bin/bash', 'KRB5CCNAME': 'FILE:/tmp/krb5cc_37714', 'CONDA_PREFIX_4': '/home/GTL/aghitu/.conda/envs/tdmpc2', 'QT_ACCESSIBILITY': '1', 'GDMSESSION': 'ubuntu', 'CONDA_DEFAULT_ENV': 'tdmpc2_312', 'GPG_AGENT_INFO': '/run/user/37714/gnupg/S.gpg-agent:0:1', '_CONDA_EXE': '/cs-share/pradalier/miniforge3/bin/conda', 'ROS_AUTOMATIC_DISCOVERY_RANGE': 'SUBNET', 'QT_IM_MODULE': 'ibus', 'PWD': '/home/GTL/aghitu/CS8813/tdmpc/turtlebot_rl/build/turtlebot_rl', 'XDG_CONFIG_DIRS': '/etc/xdg/xdg-ubuntu:/etc/xdg', 'CONDA_EXE': '/cs-share/pradalier/miniforge3/bin/conda', 'XDG_DATA_DIRS': '/usr/share/ubuntu:/usr/share/gnome:/usr/local/share/:/usr/share/:/var/lib/snapd/desktop', 'PYTHONPATH': '/home/GTL/aghitu/CS8813/tdmpc/turtlebot_rl/build/turtlebot_rl/prefix_override:/usr/lib/python3/dist-packages/colcon_core/task/python/colcon_distutils_commands:/home/GTL/aghitu/CS8813/tdmpc/turtlebot_rl/install/turtlebot_rl/lib/python3.12/site-packages:/home/GTL/aghitu/CS8813/tdmpc/turtlebot_rl/install/turtlebot_rl/lib/python3.12/site-packages:/opt/ros/kilted/lib/python3.12/site-packages', 'CONDA_PREFIX': '/home/GTL/aghitu/.conda/envs/tdmpc2_312', 'COLCON': '1', 'MEMORY_PRESSURE_WRITE': 'c29tZSAyMDAwMDAgMjAwMDAwMAA=', 'VTE_VERSION': '7600', 'CMAKE_PREFIX_PATH': '/opt/ros/kilted/opt/gz_sim_vendor:/opt/ros/kilted/opt/gz_sensors_vendor:/opt/ros/kilted/opt/gz_physics_vendor:/opt/ros/kilted/opt/sdformat_vendor:/opt/ros/kilted/opt/gz_gui_vendor:/opt/ros/kilted/opt/gz_transport_vendor:/opt/ros/kilted/opt/gz_rendering_vendor:/opt/ros/kilted/opt/gz_plugin_vendor:/opt/ros/kilted/opt/gz_fuel_tools_vendor:/opt/ros/kilted/opt/gz_msgs_vendor:/opt/ros/kilted/opt/gz_common_vendor:/opt/ros/kilted/opt/gz_math_vendor:/opt/ros/kilted/opt/gz_utils_vendor:/opt/ros/kilted/opt/gz_tools_vendor:/opt/ros/kilted/opt/gz_ogre_next_vendor:/opt/ros/kilted/opt/gz_dartsim_vendor:/opt/ros/kilted/opt/gz_cmake_vendor'}, 'shell': False}
[0.801181] (-) TimerEvent: {}
[0.901361] (-) TimerEvent: {}
[1.001585] (-) TimerEvent: {}
[1.042637] (turtlebot_rl) StdoutLine: {'line': b'running egg_info\n'}
[1.062852] (turtlebot_rl) StdoutLine: {'line': b'writing build/turtlebot_rl/turtlebot_rl.egg-info/PKG-INFO\n'}
[1.064171] (turtlebot_rl) StdoutLine: {'line': b'writing dependency_links to build/turtlebot_rl/turtlebot_rl.egg-info/dependency_links.txt\n'}
[1.065327] (turtlebot_rl) StdoutLine: {'line': b'writing entry points to build/turtlebot_rl/turtlebot_rl.egg-info/entry_points.txt\n'}
[1.066272] (turtlebot_rl) StdoutLine: {'line': b'writing requirements to build/turtlebot_rl/turtlebot_rl.egg-info/requires.txt\n'}
[1.067208] (turtlebot_rl) StdoutLine: {'line': b'writing top-level names to build/turtlebot_rl/turtlebot_rl.egg-info/top_level.txt\n'}
[1.101655] (-) TimerEvent: {}
[1.110701] (turtlebot_rl) StdoutLine: {'line': b"reading manifest file 'build/turtlebot_rl/turtlebot_rl.egg-info/SOURCES.txt'\n"}
[1.112896] (turtlebot_rl) StdoutLine: {'line': b"writing manifest file 'build/turtlebot_rl/turtlebot_rl.egg-info/SOURCES.txt'\n"}
[1.114154] (turtlebot_rl) StdoutLine: {'line': b'running build\n'}
[1.114272] (turtlebot_rl) StdoutLine: {'line': b'running build_py\n'}
[1.114688] (turtlebot_rl) StdoutLine: {'line': b'copying turtlebot_rl/goto.py -> /home/GTL/aghitu/CS8813/tdmpc/turtlebot_rl/build/turtlebot_rl/build/lib/turtlebot_rl\n'}
[1.120678] (turtlebot_rl) StdoutLine: {'line': b'running install\n'}
[1.125118] (turtlebot_rl) StdoutLine: {'line': b'running install_lib\n'}
[1.147166] (turtlebot_rl) StdoutLine: {'line': b'copying /home/GTL/aghitu/CS8813/tdmpc/turtlebot_rl/build/turtlebot_rl/build/lib/turtlebot_rl/goto.py -> /home/GTL/aghitu/CS8813/tdmpc/turtlebot_rl/install/turtlebot_rl/lib/python3.12/site-packages/turtlebot_rl\n'}
[1.151873] (turtlebot_rl) StdoutLine: {'line': b'byte-compiling /home/GTL/aghitu/CS8813/tdmpc/turtlebot_rl/install/turtlebot_rl/lib/python3.12/site-packages/turtlebot_rl/goto.py to goto.cpython-312.pyc\n'}
[1.201884] (-) TimerEvent: {}
[1.246913] (turtlebot_rl) StdoutLine: {'line': b'running install_data\n'}
[1.247492] (turtlebot_rl) StdoutLine: {'line': b'running install_egg_info\n'}
[1.283965] (turtlebot_rl) StdoutLine: {'line': b"removing '/home/GTL/aghitu/CS8813/tdmpc/turtlebot_rl/install/turtlebot_rl/lib/python3.12/site-packages/turtlebot_rl-0.0.0-py3.12.egg-info' (and everything under it)\n"}
[1.288557] (turtlebot_rl) StdoutLine: {'line': b'Copying build/turtlebot_rl/turtlebot_rl.egg-info to /home/GTL/aghitu/CS8813/tdmpc/turtlebot_rl/install/turtlebot_rl/lib/python3.12/site-packages/turtlebot_rl-0.0.0-py3.12.egg-info\n'}
[1.301949] (-) TimerEvent: {}
[1.312167] (turtlebot_rl) StdoutLine: {'line': b'running install_scripts\n'}
[1.402069] (-) TimerEvent: {}
[1.442409] (turtlebot_rl) StdoutLine: {'line': b'Installing goto script to /home/GTL/aghitu/CS8813/tdmpc/turtlebot_rl/install/turtlebot_rl/lib/turtlebot_rl\n'}
[1.446263] (turtlebot_rl) StdoutLine: {'line': b"writing list of installed files to '/home/GTL/aghitu/CS8813/tdmpc/turtlebot_rl/build/turtlebot_rl/install.log'\n"}
[1.465946] (turtlebot_rl) CommandEnded: {'returncode': 0}
[1.494377] (turtlebot_rl) JobEnded: {'identifier': 'turtlebot_rl', 'rc': 0}
[1.495808] (-) EventReactorShutdown: {}
